                :-) GROMACS - gmx mdrun, 2026.0-conda_forge (-:

Copyright 1991-2026 The GROMACS Authors.
GROMACS is free software; you can redistribute it and/or modify it
under the terms of the GNU Lesser General Public License
as published by the Free Software Foundation; either version 2.1
of the License, or (at your option) any later version.

                         Current GROMACS contributors:
       Mark Abraham           Andrey Alekseenko           Brian Andrews       
        Paul Bauer              Cathrine Bergh              Hugh Bird         
      Eliane Briand               Ania Brown                Yiqi Chen         
      Mahesh Doijade            Giacomo Fiorin          Stefan Fleischmann    
      Sergey Gorelov         Gilles Gouaillardet            Alan Gray         
   Farzaneh Jalalypour         Petter Johansson          Carsten Kutzner      
    Grzegorz Łazarski         Justin A. Lemkul          Magnus Lundborg      
        Julio Maia               Pascal Merz             Vedran Miletić      
      Dmitry Morozov           Lukas Müllender           Szilárd Páll      
 Andrea Pasquadibisceglie     Michele Pellegrino         Nicola Piasentin     
     Daniele Rapetti         Muhammad Umair Sadiq         Hubert Santuz       
      Michael Shirts           Tatiana Shugaeva          Alexey Shvetsov      
     Bálint Soproni            Philip Turner            Alessandra Villa     
        Yang Zhang        

                         Previous GROMACS contributors:
        Emile Apol             Rossen Apostolov           James Barnett       
      Vladimir Basov        Herman J.C. Berendsen          Par Bjelkmar       
      Christian Blau          Viacheslav Bolnykh            Kevin Boyd        
    Aldert van Buuren          Carlo Camilloni           Rudi van Drunen      
      Anton Feenstra           Oliver Fleetwood            Vytas Gapsys       
       Gaurav Garg             Gerrit Groenhof            Bert de Groot       
      Anca Hamuraru           Vincent Hindriksen          Victor Holanda      
     M. Eric Irrgang           Aleksei Iupinov              Joe Jordan        
    Christoph Junghans        Prashanth Kanduri        Dimitrios Karkoulis    
       Peter Kasson             Sebastian Kehl           Sebastian Keller     
        Jiri Kraus               Per Larsson              Viveca Lindahl      
      Erik Marklund           Pieter Meulenhoff           Teemu Murtola       
       Julien Nabet              Sander Pronk             Roland Schulz       
      Alfons Sijbers         David van der Spoel          Peter Tieleman      
      Carsten Uphoff             Jon Vincent             Teemu Virolainen     
    Christian Wennberg     Sebastian Wingbermühle         Maarten Wolf       
      Artem Zhmurov       

                  Coordinated by the GROMACS project leaders:
                           Berk Hess and Erik Lindahl

GROMACS:      gmx mdrun, version 2026.0-conda_forge
Executable:   /opt/conda/envs/bioinformatics/bin.AVX2_256/gmx
Data prefix:  /opt/conda/envs/bioinformatics
Working dir:  /home/xze439/HW2/assignment2 kopie/part2
Process ID:   4114716
Command line:
  gmx mdrun -deffnm minimization-vac -v -nt 1

GROMACS version:     2026.0-conda_forge
Precision:           mixed
Memory model:        64 bit
MPI library:         thread_mpi
MPI version:         built in
OpenMP support:      enabled (GMX_OPENMP_MAX_THREADS = 128)
GPU support:         OpenCL
NBNxM GPU setup:     super-cluster 2x2x2 / cluster 8 (cluster-pair splitting on)
SIMD instructions:   AVX2_256
CPU FFT library:     fftw-3.3.10-sse2-avx
GPU FFT library:     clFFT
Multi-GPU FFT:       none
RDTSCP:              disabled
TNG support:         enabled
Hwloc support:       disabled
Tracing support:     disabled
Colvars support:     enabled (version 2025-10-13)
CP2K support:        disabled
Torch support:       disabled
Plumed support:      enabled
C compiler:          /home/conda/feedstock_root/build_artifacts/gromacs_1770909732141/_build_env/bin/x86_64-conda-linux-gnu-cc GNU 14.3.0
C compiler flags:    -fexcess-precision=fast -funroll-all-loops -mavx2 -mfma -Wno-missing-field-initializers -O3 -DNDEBUG
C++ compiler:        /home/conda/feedstock_root/build_artifacts/gromacs_1770909732141/_build_env/bin/x86_64-conda-linux-gnu-c++ GNU 14.3.0
C++ compiler flags:  -fexcess-precision=fast -funroll-all-loops -mavx2 -mfma -Wno-missing-field-initializers -Wno-stringop-truncation -Wno-cast-function-type-strict SHELL:-fopenmp -O3 -DNDEBUG
BLAS library:        Internal
LAPACK library:      Internal
OpenCL include dir:  /opt/conda/envs/bioinformatics/include
OpenCL library:      /opt/conda/envs/bioinformatics/lib/libOpenCL.so
OpenCL version:      3.0


Running on 1 node with total 64 cores, 128 processing units (GPU detection deactivated)
Hardware detected on host pcoms008a.vu.nl:
  CPU info:
    Vendor: AMD
    Brand:  AMD EPYC 9375F 32-Core Processor               
    Family: 26   Model: 2   Stepping: 1
    Features: aes amd apic avx avx2 avx512f avx512cd avx512bw avx512vl avx512bf16 avx512secondFMA clfsh cmov cx8 cx16 f16c fma htt lahf misalignsse mmx msr nonstop_tsc pcid pclmuldq pdpe1gb popcnt pse rdrnd rdtscp sha sse2 sse3 sse4a sse4.1 sse4.2 ssse3
  Hardware topology: Basic
    Packages, cores, and logical processors:
    [indices refer to OS logical processors]
      Package  0: [   0  64] [   1  65] [   2  66] [   3  67] [   4  68] [   5  69] [   6  70] [   7  71] [   8  72] [   9  73] [  10  74] [  11  75] [  12  76] [  13  77] [  14  78] [  15  79] [  16  80] [  17  81] [  18  82] [  19  83] [  20  84] [  21  85] [  22  86] [  23  87] [  24  88] [  25  89] [  26  90] [  27  91] [  28  92] [  29  93] [  30  94] [  31  95] [  32  96] [  33  97] [  34  98] [  35  99] [  36 100] [  37 101] [  38 102] [  39 103] [  40 104] [  41 105] [  42 106] [  43 107] [  44 108] [  45 109] [  46 110] [  47 111] [  48 112] [  49 113] [  50 114] [  51 115] [  52 116] [  53 117] [  54 118] [  55 119] [  56 120] [  57 121] [  58 122] [  59 123] [  60 124] [  61 125] [  62 126] [  63 127]
    CPU limit set by OS: -1   Recommended max number of threads: 128

Likely fastest SIMD instructions supported by all nodes: AVX_512
SIMD instructions selected at compile time:              AVX2_256
On non-Intel hardware supporting AVX-512, you might gain a few percent
performance by recompiling to use it, at least for CPU-only runs.

The current CPU can measure timings more accurately than the code in
gmx mdrun was configured to use. This might affect your simulation
speed as accurate timings are needed for load-balancing.
Please consider rebuilding gmx mdrun with the GMX_USE_RDTSCP=ON CMake option.

++++ PLEASE READ AND CITE THE FOLLOWING REFERENCE ++++
M. J. Abraham, T. Murtola, R. Schulz, S. Páll, J. C. Smith, B. Hess, E.
Lindahl
GROMACS: High performance molecular simulations through multi-level
parallelism from laptops to supercomputers
SoftwareX (2015)
https://doi.org/10.1016/j.softx.2015.06.001
-------- -------- --- Thank You --- -------- --------


++++ PLEASE READ AND CITE THE FOLLOWING REFERENCE ++++
S. Páll, M. J. Abraham, C. Kutzner, B. Hess, E. Lindahl
Tackling Exascale Software Challenges in Molecular Dynamics Simulations with
GROMACS
In S. Markidis & E. Laure (Eds.), Solving Software Challenges for Exascale (2015)
https://doi.org/10.1007/978-3-319-15976-8_1
-------- -------- --- Thank You --- -------- --------


++++ PLEASE READ AND CITE THE FOLLOWING REFERENCE ++++
S. Pronk, S. Páll, R. Schulz, P. Larsson, P. Bjelkmar, R. Apostolov, M. R.
Shirts, J. C. Smith, P. M. Kasson, D. van der Spoel, B. Hess, E. Lindahl
GROMACS 4.5: a high-throughput and highly parallel open source molecular
simulation toolkit
Bioinformatics (2013)
https://doi.org/10.1093/bioinformatics/btt055
-------- -------- --- Thank You --- -------- --------


++++ PLEASE READ AND CITE THE FOLLOWING REFERENCE ++++
B. Hess, C. Kutzner, D. van der Spoel, E. Lindahl
GROMACS 4: Algorithms for highly efficient, load-balanced, and scalable
molecular simulation
J. Chem. Theory Comput. (2008)
https://doi.org/10.1021/ct700301q
-------- -------- --- Thank You --- -------- --------


++++ PLEASE READ AND CITE THE FOLLOWING REFERENCE ++++
D. van der Spoel, E. Lindahl, B. Hess, G. Groenhof, A. E. Mark, H. J. C.
Berendsen
GROMACS: Fast, Flexible and Free
J. Comp. Chem. (2005)
https://doi.org/10.1002/jcc.20291
-------- -------- --- Thank You --- -------- --------


++++ PLEASE READ AND CITE THE FOLLOWING REFERENCE ++++
E. Lindahl, B. Hess, D. van der Spoel
GROMACS 3.0: A package for molecular simulation and trajectory analysis
J. Mol. Mod. (2001)
https://doi.org/10.1007/s008940100045
-------- -------- --- Thank You --- -------- --------


++++ PLEASE READ AND CITE THE FOLLOWING REFERENCE ++++
H. J. C. Berendsen, D. van der Spoel and R. van Drunen
GROMACS: A message-passing parallel molecular dynamics implementation
Comp. Phys. Comm. (1995)
https://doi.org/10.1016/0010-4655(95)00042-E
-------- -------- --- Thank You --- -------- --------

Input Parameters:
   integrator                     = steep
   tinit                          = 0
   dt                             = 0.01
   nsteps                         = 1000
   init-step                      = 0
   simulation-part                = 1
   mts                            = false
   mass-repartition-factor        = 1
   comm-mode                      = Linear
   nstcomm                        = 100
   bd-fric                        = 0
   ld-seed                        = -1426423873
   emtol                          = 100
   emstep                         = 0.01
   niter                          = 20
   fcstep                         = 0
   nstcgsteep                     = 1000
   nbfgscorr                      = 10
   rtpi                           = 0.05
   nstxout                        = 0
   nstvout                        = 0
   nstfout                        = 0
   nstlog                         = 1000
   nstcalcenergy                  = 100
   nstenergy                      = 100
   nstxout-compressed             = 1000
   compressed-x-precision         = 100
   cutoff-scheme                  = Verlet
   nstlist                        = 20
   pbc                            = xyz
   periodic-molecules             = false
   verlet-buffer-tolerance        = 0.005
   verlet-buffer-pressure-tolerance = 0.5
   rlist                          = 1.155
   coulombtype                    = Reaction-Field
   coulomb-modifier               = Potential-shift
   rcoulomb-switch                = 0
   rcoulomb                       = 1.1
   epsilon-r                      = 15
   epsilon-rf                     = inf
   vdw-type                       = Cut-off
   vdw-modifier                   = Potential-shift
   rvdw-switch                    = 0
   rvdw                           = 1.1
   DispCorr                       = No
   table-extension                = 1
   fourierspacing                 = 0.12
   fourier-nx                     = 0
   fourier-ny                     = 0
   fourier-nz                     = 0
   pme-order                      = 4
   ewald-rtol                     = 1e-05
   ewald-rtol-lj                  = 0.001
   lj-pme-comb-rule               = Geometric
   ewald-geometry                 = 3d
   epsilon-surface                = 0
   ensemble-temperature-setting   = not available
   tcoupl                         = No
   nsttcouple                     = -1
   nh-chain-length                = 0
   print-nose-hoover-chain-variables = false
   pcoupl                         = No
   refcoord-scaling               = No
   posres-com: not available
   posres-comB: not available
   QMMM                           = false
qm-opts:
   ngQM                           = 0
   constraint-algorithm           = Lincs
   continuation                   = false
   Shake-SOR                      = false
   shake-tol                      = 0.0001
   lincs-order                    = 4
   lincs-iter                     = 1
   lincs-warnangle                = 30
   nwall                          = 0
   wall-type                      = 9-3
   wall-r-linpot                  = -1
   wall-atomtype[0]               = -1
   wall-atomtype[1]               = -1
   wall-density[0]                = 0
   wall-density[1]                = 0
   wall-ewald-zfac                = 3
   pull                           = false
   awh                            = false
   rotation                       = false
   interactiveMD                  = false
   disre                          = No
   disre-weighting                = Conservative
   disre-mixed                    = false
   dr-fc                          = 1000
   dr-tau                         = 0
   nstdisreout                    = 100
   orire-fc                       = 0
   orire-tau                      = 0
   nstorireout                    = 100
   free-energy                    = no
   cos-acceleration               = 0
   deform (3x3):
      deform[    0]={ 0.00000e+00,  0.00000e+00,  0.00000e+00}
      deform[    1]={ 0.00000e+00,  0.00000e+00,  0.00000e+00}
      deform[    2]={ 0.00000e+00,  0.00000e+00,  0.00000e+00}
   simulated-tempering            = false
   swapcoords                     = no
   userint1                       = 0
   userint2                       = 0
   userint3                       = 0
   userint4                       = 0
   userreal1                      = 0
   userreal2                      = 0
   userreal3                      = 0
   userreal4                      = 0
   applied-forces:
     electric-field:
       x:
         E0                       = 0
         omega                    = 0
         t0                       = 0
         sigma                    = 0
       y:
         E0                       = 0
         omega                    = 0
         t0                       = 0
         sigma                    = 0
       z:
         E0                       = 0
         omega                    = 0
         t0                       = 0
         sigma                    = 0
     density-guided-simulation:
       active                     = false
       group                      = protein
       similarity-measure         = inner-product
       atom-spreading-weight      = unity
       force-constant             = 1e+09
       gaussian-transform-spreading-width = 0.2
       gaussian-transform-spreading-range-in-multiples-of-width = 4
       reference-density-filename = reference.mrc
       nst                        = 1
       normalize-densities        = true
       adaptive-force-scaling     = false
       adaptive-force-scaling-time-constant = 4
       shift-vector               = 
       transformation-matrix      = 
     qmmm-cp2k:
       active                     = false
       qmgroup                    = System
       qmmethod                   = PBE
       qmfilenames                = 
       qmcharge                   = 0
       qmmultiplicity             = 1
     colvars:
       active                     = false
       configfile                 = 
       seed                       = -1
     nnpot:
       active                     = false
       modelfile                  = model.pt
       input-group                = System
       link-type                  = H
       link-distance              = 0.1
       pair-cutoff                = 0
       embedding                  = mechanical
       nnp-charge                 = 0
       model-input1               = 
       model-input2               = 
       model-input3               = 
       model-input4               = 
       model-input5               = 
       model-input6               = 
       model-input7               = 
       model-input8               = 
       model-input9               = 
   fast-multipole-method:
     fmm:
       backend                    = inactive
       exafmm-order               = 6
       exafmm-direct-range        = 2
       exafmm-direct-provider     = GROMACS
       exafmm-tree-type           = uniform
       exafmm-tree-depth          = 0
       exafmm-max-particles-per-cell = 0
       fmsolvr-order              = 8
       fmsolvr-direct-range       = 1
       fmsolvr-direct-provider    = FMM
       fmsolvr-dipole-compensation = true
       fmsolvr-tree-depth         = 3
       fmsolvr-sparse             = false
grpopts:
   nrdf:        1365
   ref-t:           0
   tau-t:           0
annealing:          No
annealing-npoints:           0
   acc:	           0           0           0
   nfreeze:           N           N           N
   energygrp-flags[  0]: 0


Update groups can not be used for this system because atoms that are (in)directly constrained together are interdispersed with other atoms

Local state does not use filler particles

Using 1 MPI thread
Using 1 OpenMP thread 

System total charge: -1.000
Reaction-Field:
epsRF = 0, rc = 1.1, krf = 0.375657, crf = 1.36364, epsfac = 9.26236
The electrostatics potential has its minimum at r = 1.1
Potential shift: LJ r^-12: -3.186e-01 r^-6: -5.645e-01


Using SIMD4xM 4x8 nonbonded short-range kernels

Using a 4x8 pair-list setup:
  updated every 20 steps, buffer 0.055 nm, rlist 1.155 nm

Using full Lennard-Jones parameter combination matrix
Removing pbc first time

NOTE: Thread affinity was not set.

Initializing LINear Constraint Solver

++++ PLEASE READ AND CITE THE FOLLOWING REFERENCE ++++
B. Hess
P-LINCS: A Parallel Linear Constraint Solver for molecular simulation
J. Chem. Theory Comput. (2008)
https://doi.org/10.1021/ct700200b
-------- -------- --- Thank You --- -------- --------

The number of constraints is 252
83 constraints are involved in constraint triangles,
will apply an additional matrix expansion of order 4 for couplings
between constraints inside triangles

Note that activating steepest-descent energy minimization via the integrator .mdp option and the command gmx mdrun may be available in a different form in a future version of GROMACS, e.g. gmx minimize and an .mdp option.
Initiating Steepest Descents
Started Steepest Descents on rank 0 Wed Mar  4 16:58:22 2026


Steepest Descents:
   Tolerance (Fmax)   =  1.00000e+02
   Number of steps    =         1000
           Step           Time
              0        0.00000

   Energies (kJ/mol)
           Bond       G96Angle  Restr. Angles    Proper Dih.  Improper Dih.
    2.11471e+03    5.31033e+02    7.73522e+02    2.18278e+02    2.13309e-01
        LJ (SR)   Coulomb (SR) Position Rest.      Potential Pressure (bar)
   -9.65646e+02   -3.78120e+02    1.95692e+01    2.31356e+03    8.69838e+02
   Constr. rmsd
    5.11542e-05

           Step           Time
              1        1.00000

   Energies (kJ/mol)
           Bond       G96Angle  Restr. Angles    Proper Dih.  Improper Dih.
    2.09425e+03    5.25391e+02    6.68680e+02    2.15202e+02    2.15833e-01
        LJ (SR)   Coulomb (SR) Position Rest.      Potential Pressure (bar)
   -1.76968e+03   -3.78041e+02    1.96136e+01    1.37563e+03    7.64263e+02
   Constr. rmsd
    1.01234e-06

           Step           Time
              2        2.00000

   Energies (kJ/mol)
           Bond       G96Angle  Restr. Angles    Proper Dih.  Improper Dih.
    2.04502e+03    5.11339e+02    6.70320e+02    2.08012e+02    2.30357e-01
        LJ (SR)   Coulomb (SR) Position Rest.      Potential Pressure (bar)
   -2.90234e+03   -3.77874e+02    2.06920e+01    1.75401e+02    6.08237e+02
   Constr. rmsd
    1.00442e-06

           Step           Time
              3        3.00000

   Energies (kJ/mol)
           Bond       G96Angle  Restr. Angles    Proper Dih.  Improper Dih.
    1.92899e+03    4.80601e+02    6.50978e+02    1.94078e+02    3.03626e-01
        LJ (SR)   Coulomb (SR) Position Rest.      Potential Pressure (bar)
   -4.11496e+03   -3.77606e+02    2.56498e+01   -1.21196e+03    4.30764e+02
   Constr. rmsd
    1.20686e-06

           Step           Time
              4        4.00000

   Energies (kJ/mol)
           Bond       G96Angle  Restr. Angles    Proper Dih.  Improper Dih.
    1.71611e+03    4.36080e+02    5.79047e+02    1.79318e+02    5.18624e-01
        LJ (SR)   Coulomb (SR) Position Rest.      Potential Pressure (bar)
   -4.94136e+03   -3.77368e+02    3.68117e+01   -2.37085e+03    2.95247e+02
   Constr. rmsd
    2.12889e-06

           Step           Time
              5        5.00000

   Energies (kJ/mol)
           Bond       G96Angle  Restr. Angles    Proper Dih.  Improper Dih.
    1.33938e+03    3.88156e+02    5.24058e+02    1.69070e+02    1.13520e+00
        LJ (SR)   Coulomb (SR) Position Rest.      Potential Pressure (bar)
   -5.54650e+03   -3.77088e+02    6.16267e+01   -3.44016e+03    1.75595e+02
   Constr. rmsd
    5.30219e-06

           Step           Time
              6        6.00000

   Energies (kJ/mol)
           Bond       G96Angle  Restr. Angles    Proper Dih.  Improper Dih.
    9.20403e+02    3.68336e+02    4.40578e+02    1.49888e+02    2.31544e+00
        LJ (SR)   Coulomb (SR) Position Rest.      Potential Pressure (bar)
   -5.79838e+03   -3.76619e+02    9.02179e+01   -4.20326e+03    1.01699e+02
   Constr. rmsd
    4.39632e-06

           Step           Time
              7        7.00000

   Energies (kJ/mol)
           Bond       G96Angle  Restr. Angles    Proper Dih.  Improper Dih.
    5.18850e+02    3.56073e+02    3.85773e+02    1.33773e+02    4.68346e+00
        LJ (SR)   Coulomb (SR) Position Rest.      Potential Pressure (bar)
   -5.99644e+03   -3.75747e+02    1.37155e+02   -4.83588e+03    2.96950e+01
   Constr. rmsd
    9.69281e-06

           Step           Time
              8        8.00000

   Energies (kJ/mol)
           Bond       G96Angle  Restr. Angles    Proper Dih.  Improper Dih.
    3.33016e+02    4.44889e+02    2.84289e+02    1.98321e+02    6.67815e+00
        LJ (SR)   Coulomb (SR) Position Rest.      Potential Pressure (bar)
   -5.98002e+03   -3.75379e+02    1.79594e+02   -4.90861e+03    6.81372e-01
   Constr. rmsd
    1.50621e-04

           Step           Time
              9        9.00000

   Energies (kJ/mol)
           Bond       G96Angle  Restr. Angles    Proper Dih.  Improper Dih.
    3.13103e+02    3.52163e+02    2.88007e+02    1.51598e+02    6.74797e+00
        LJ (SR)   Coulomb (SR) Position Rest.      Potential Pressure (bar)
   -6.12471e+03   -3.75428e+02    1.86622e+02   -5.20190e+03   -1.65155e+01
   Constr. rmsd
    2.53258e-04

           Step           Time
             10       10.00000

           Step           Time
             11       11.00000

   Energies (kJ/mol)
           Bond       G96Angle  Restr. Angles    Proper Dih.  Improper Dih.
    2.92233e+02    3.57551e+02    2.88219e+02    1.07324e+02    6.62389e+00
        LJ (SR)   Coulomb (SR) Position Rest.      Potential Pressure (bar)
   -6.14912e+03   -3.75571e+02    1.90139e+02   -5.28260e+03   -2.30658e+01
   Constr. rmsd
    7.62022e-05

           Step           Time
             12       12.00000

           Step           Time
             13       13.00000

   Energies (kJ/mol)
           Bond       G96Angle  Restr. Angles    Proper Dih.  Improper Dih.
    2.83643e+02    3.30907e+02    2.85705e+02    1.04528e+02    6.56120e+00
        LJ (SR)   Coulomb (SR) Position Rest.      Potential Pressure (bar)
   -6.17468e+03   -3.75623e+02    1.93719e+02   -5.34524e+03   -2.64353e+01
   Constr. rmsd
    1.23073e-05

           Step           Time
             14       14.00000

   Energies (kJ/mol)
           Bond       G96Angle  Restr. Angles    Proper Dih.  Improper Dih.
    2.53118e+02    3.52269e+02    2.74952e+02    1.03713e+02    6.31357e+00
        LJ (SR)   Coulomb (SR) Position Rest.      Potential Pressure (bar)
   -6.20078e+03   -3.75910e+02    2.07459e+02   -5.37887e+03   -3.50796e+01
   Constr. rmsd
    2.68057e-05

           Step           Time
             15       15.00000

   Energies (kJ/mol)
           Bond       G96Angle  Restr. Angles    Proper Dih.  Improper Dih.
    2.49076e+02    3.21700e+02    2.71072e+02    1.01311e+02    6.25808e+00
        LJ (SR)   Coulomb (SR) Position Rest.      Potential Pressure (bar)
   -6.22689e+03   -3.75957e+02    2.10341e+02   -5.44309e+03   -3.62909e+01
   Constr. rmsd
    3.08692e-05

           Step           Time
             16       16.00000

           Step           Time
             17       17.00000

   Energies (kJ/mol)
           Bond       G96Angle  Restr. Angles    Proper Dih.  Improper Dih.
    2.38646e+02    3.29404e+02    2.65238e+02    9.12245e+01    6.16082e+00
        LJ (SR)   Coulomb (SR) Position Rest.      Potential Pressure (bar)
   -6.23887e+03   -3.76091e+02    2.15314e+02   -5.46897e+03   -3.96781e+01
   Constr. rmsd
    1.06757e-05

           Step           Time
             18       18.00000

   Energies (kJ/mol)
           Bond       G96Angle  Restr. Angles    Proper Dih.  Improper Dih.
    2.33619e+02    3.16974e+02    2.60100e+02    1.03798e+02    6.08350e+00
        LJ (SR)   Coulomb (SR) Position Rest.      Potential Pressure (bar)
   -6.25567e+03   -3.76197e+02    2.20239e+02   -5.49105e+03   -4.04875e+01
   Constr. rmsd
    1.39496e-05

           Step           Time
             19       19.00000

   Energies (kJ/mol)
           Bond       G96Angle  Restr. Angles    Proper Dih.  Improper Dih.
    2.23546e+02    3.34408e+02    2.54533e+02    9.29230e+01    5.99506e+00
        LJ (SR)   Coulomb (SR) Position Rest.      Potential Pressure (bar)
   -6.26142e+03   -3.76350e+02    2.25348e+02   -5.50102e+03   -4.36542e+01
   Constr. rmsd
    3.34663e-05

           Step           Time
             20       20.00000

   Energies (kJ/mol)
           Bond       G96Angle  Restr. Angles    Proper Dih.  Improper Dih.
    2.21391e+02    3.14129e+02    2.50490e+02    1.06229e+02    5.94197e+00
        LJ (SR)   Coulomb (SR) Position Rest.      Potential Pressure (bar)
   -6.27981e+03   -3.76435e+02    2.29298e+02   -5.52876e+03   -4.36176e+01
   Constr. rmsd
    4.03679e-05

           Step           Time
             21       21.00000

           Step           Time
             22       22.00000

   Energies (kJ/mol)
           Bond       G96Angle  Restr. Angles    Proper Dih.  Improper Dih.
    2.14863e+02    3.16169e+02    2.47669e+02    8.53353e+01    5.89929e+00
        LJ (SR)   Coulomb (SR) Position Rest.      Potential Pressure (bar)
   -6.28897e+03   -3.76528e+02    2.31545e+02   -5.56402e+03   -4.62769e+01
   Constr. rmsd
    1.24068e-05

           Step           Time
             23       23.00000

   Energies (kJ/mol)
           Bond       G96Angle  Restr. Angles    Proper Dih.  Improper Dih.
    2.08073e+02    3.11624e+02    2.38492e+02    1.14789e+02    5.79179e+00
        LJ (SR)   Coulomb (SR) Position Rest.      Potential Pressure (bar)
   -6.30830e+03   -3.76771e+02    2.41073e+02   -5.56523e+03   -4.71549e+01
   Constr. rmsd
    1.83091e-05

           Step           Time
             24       24.00000

   Energies (kJ/mol)
           Bond       G96Angle  Restr. Angles    Proper Dih.  Improper Dih.
    2.00951e+02    3.16148e+02    2.36040e+02    8.31564e+01    5.75618e+00
        LJ (SR)   Coulomb (SR) Position Rest.      Potential Pressure (bar)
   -6.31751e+03   -3.76878e+02    2.42981e+02   -5.60935e+03   -5.01375e+01
   Constr. rmsd
    3.20591e-05

           Step           Time
             25       25.00000

           Step           Time
             26       26.00000

   Energies (kJ/mol)
           Bond       G96Angle  Restr. Angles    Proper Dih.  Improper Dih.
    1.99395e+02    3.03630e+02    2.33018e+02    9.10309e+01    5.72689e+00
        LJ (SR)   Coulomb (SR) Position Rest.      Potential Pressure (bar)
   -6.33014e+03   -3.76968e+02    2.46168e+02   -5.62814e+03   -5.03315e+01
   Constr. rmsd
    7.85655e-06

           Step           Time
             27       27.00000

   Energies (kJ/mol)
           Bond       G96Angle  Restr. Angles    Proper Dih.  Improper Dih.
    1.93257e+02    3.16721e+02    2.29104e+02    8.38475e+01    5.68130e+00
        LJ (SR)   Coulomb (SR) Position Rest.      Potential Pressure (bar)
   -6.33613e+03   -3.77139e+02    2.50400e+02   -5.63425e+03   -5.24136e+01
   Constr. rmsd
    1.34591e-05

           Step           Time
             28       28.00000

   Energies (kJ/mol)
           Bond       G96Angle  Restr. Angles    Proper Dih.  Improper Dih.
    1.92668e+02    3.01725e+02    2.26301e+02    9.48122e+01    5.66166e+00
        LJ (SR)   Coulomb (SR) Position Rest.      Potential Pressure (bar)
   -6.34910e+03   -3.77228e+02    2.53558e+02   -5.65160e+03   -5.19224e+01
   Constr. rmsd
    1.91561e-05

           Step           Time
             29       29.00000

           Step           Time
             30       30.00000

   Energies (kJ/mol)
           Bond       G96Angle  Restr. Angles    Proper Dih.  Improper Dih.
    1.88704e+02    3.03069e+02    2.24690e+02    7.96026e+01    5.64318e+00
        LJ (SR)   Coulomb (SR) Position Rest.      Potential Pressure (bar)
   -6.35643e+03   -3.77316e+02    2.55153e+02   -5.67688e+03   -5.37449e+01
   Constr. rmsd
    5.48024e-06

           Step           Time
             31       31.00000

   Energies (kJ/mol)
           Bond       G96Angle  Restr. Angles    Proper Dih.  Improper Dih.
    1.83887e+02    2.99986e+02    2.17427e+02    1.00856e+02    5.59800e+00
        LJ (SR)   Coulomb (SR) Position Rest.      Potential Pressure (bar)
   -6.37531e+03   -3.77623e+02    2.64093e+02   -5.68109e+03   -5.40959e+01
   Constr. rmsd
    8.56395e-06

           Step           Time
             32       32.00000

   Energies (kJ/mol)
           Bond       G96Angle  Restr. Angles    Proper Dih.  Improper Dih.
    1.79384e+02    3.01475e+02    2.16173e+02    7.74070e+01    5.58415e+00
        LJ (SR)   Coulomb (SR) Position Rest.      Potential Pressure (bar)
   -6.38418e+03   -3.77719e+02    2.65413e+02   -5.71647e+03   -5.62196e+01
   Constr. rmsd
    1.39377e-05

           Step           Time
             33       33.00000

           Step           Time
             34       34.00000

   Energies (kJ/mol)
           Bond       G96Angle  Restr. Angles    Proper Dih.  Improper Dih.
    1.78426e+02    2.94119e+02    2.13835e+02    8.48850e+01    5.57841e+00
        LJ (SR)   Coulomb (SR) Position Rest.      Potential Pressure (bar)
   -6.39362e+03   -3.77829e+02    2.68344e+02   -5.72627e+03   -5.60194e+01
   Constr. rmsd
    3.90357e-06

           Step           Time
             35       35.00000

   Energies (kJ/mol)
           Bond       G96Angle  Restr. Angles    Proper Dih.  Improper Dih.
    1.75012e+02    3.01593e+02    2.11997e+02    7.73773e+01    5.56573e+00
        LJ (SR)   Coulomb (SR) Position Rest.      Potential Pressure (bar)
   -6.39941e+03   -3.77962e+02    2.70885e+02   -5.73494e+03   -5.73065e+01
   Constr. rmsd
    6.49921e-06

           Step           Time
             36       36.00000

   Energies (kJ/mol)
           Bond       G96Angle  Restr. Angles    Proper Dih.  Improper Dih.
    1.74768e+02    2.93433e+02    2.09766e+02    8.83928e+01    5.56626e+00
        LJ (SR)   Coulomb (SR) Position Rest.      Potential Pressure (bar)
   -6.40802e+03   -3.78068e+02    2.73775e+02   -5.74038e+03   -5.65755e+01
   Constr. rmsd
    9.52111e-06

           Step           Time
             37       37.00000

   Energies (kJ/mol)
           Bond       G96Angle  Restr. Angles    Proper Dih.  Improper Dih.
    1.71296e+02    3.06589e+02    2.08185e+02    8.06020e+01    5.55534e+00
        LJ (SR)   Coulomb (SR) Position Rest.      Potential Pressure (bar)
   -6.41137e+03   -3.78209e+02    2.76285e+02   -5.74106e+03   -5.80131e+01
   Constr. rmsd
    1.96158e-05

           Step           Time
             38       38.00000

   Energies (kJ/mol)
           Bond       G96Angle  Restr. Angles    Proper Dih.  Improper Dih.
    1.71569e+02    2.93103e+02    2.06310e+02    9.01363e+01    5.56170e+00
        LJ (SR)   Coulomb (SR) Position Rest.      Potential Pressure (bar)
   -6.42127e+03   -3.78290e+02    2.78556e+02   -5.75433e+03   -5.70164e+01
   Constr. rmsd
    2.22112e-05

           Step           Time
             39       39.00000

           Step           Time
             40       40.00000

   Energies (kJ/mol)
           Bond       G96Angle  Restr. Angles    Proper Dih.  Improper Dih.
    1.68731e+02    2.92167e+02    2.05545e+02    7.44601e+01    5.55618e+00
        LJ (SR)   Coulomb (SR) Position Rest.      Potential Pressure (bar)
   -6.42977e+03   -3.78370e+02    2.79568e+02   -5.78211e+03   -5.86014e+01
   Constr. rmsd
    6.49562e-06

           Step           Time
             41       41.00000

           Step           Time
             42       42.00000

   Energies (kJ/mol)
           Bond       G96Angle  Restr. Angles    Proper Dih.  Improper Dih.
    1.67543e+02    2.88140e+02    2.03517e+02    7.87326e+01    5.56075e+00
        LJ (SR)   Coulomb (SR) Position Rest.      Potential Pressure (bar)
   -6.43804e+03   -3.78493e+02    2.82280e+02   -5.79076e+03   -5.84667e+01
   Constr. rmsd
    1.72511e-06

           Step           Time
             43       43.00000

   Energies (kJ/mol)
           Bond       G96Angle  Restr. Angles    Proper Dih.  Improper Dih.
    1.65551e+02    2.91561e+02    2.02324e+02    7.38453e+01    5.55855e+00
        LJ (SR)   Coulomb (SR) Position Rest.      Potential Pressure (bar)
   -6.44400e+03   -3.78602e+02    2.84214e+02   -5.79954e+03   -5.91527e+01
   Constr. rmsd
    2.44131e-06

           Step           Time
             44       44.00000

   Energies (kJ/mol)
           Bond       G96Angle  Restr. Angles    Proper Dih.  Improper Dih.
    1.64873e+02    2.86701e+02    2.00664e+02    7.85772e+01    5.56540e+00
        LJ (SR)   Coulomb (SR) Position Rest.      Potential Pressure (bar)
   -6.45107e+03   -3.78701e+02    2.86399e+02   -5.80699e+03   -5.87577e+01
   Constr. rmsd
    2.87241e-06

           Step           Time
             45       45.00000

   Energies (kJ/mol)
           Bond       G96Angle  Restr. Angles    Proper Dih.  Improper Dih.
    1.62873e+02    2.92758e+02    1.99466e+02    7.44797e+01    5.56397e+00
        LJ (SR)   Coulomb (SR) Position Rest.      Potential Pressure (bar)
   -6.45659e+03   -3.78824e+02    2.88555e+02   -5.81171e+03   -5.95047e+01
   Constr. rmsd
    5.68774e-06

           Step           Time
             46       46.00000

   Energies (kJ/mol)
           Bond       G96Angle  Restr. Angles    Proper Dih.  Improper Dih.
    1.62519e+02    2.85758e+02    1.97996e+02    7.93333e+01    5.57274e+00
        LJ (SR)   Coulomb (SR) Position Rest.      Potential Pressure (bar)
   -6.46355e+03   -3.78906e+02    2.90368e+02   -5.82091e+03   -5.89101e+01
   Constr. rmsd
    7.22635e-06

           Step           Time
             47       47.00000

           Step           Time
             48       48.00000

   Energies (kJ/mol)
           Bond       G96Angle  Restr. Angles    Proper Dih.  Improper Dih.
    1.61098e+02    2.85673e+02    1.97435e+02    7.22491e+01    5.57170e+00
        LJ (SR)   Coulomb (SR) Position Rest.      Potential Pressure (bar)
   -6.46949e+03   -3.78973e+02    2.91351e+02   -5.83509e+03   -5.96419e+01
   Constr. rmsd
    2.32859e-06

           Step           Time
             49       49.00000

   Energies (kJ/mol)
           Bond       G96Angle  Restr. Angles    Proper Dih.  Improper Dih.
    1.59267e+02    2.84686e+02    1.94272e+02    7.99673e+01    5.58766e+00
        LJ (SR)   Coulomb (SR) Position Rest.      Potential Pressure (bar)
   -6.48145e+03   -3.79208e+02    2.96015e+02   -5.84086e+03   -5.90694e+01
   Constr. rmsd
    3.34101e-06

           Step           Time
             50       50.00000

   Energies (kJ/mol)
           Bond       G96Angle  Restr. Angles    Proper Dih.  Improper Dih.
    1.57749e+02    2.85381e+02    1.93802e+02    7.18483e+01    5.58559e+00
        LJ (SR)   Coulomb (SR) Position Rest.      Potential Pressure (bar)
   -6.48845e+03   -3.79286e+02    2.97140e+02   -5.85623e+03   -5.98577e+01
   Constr. rmsd
    6.61018e-06

           Step           Time
             51       51.00000

           Step           Time
             52       52.00000

   Energies (kJ/mol)
           Bond       G96Angle  Restr. Angles    Proper Dih.  Improper Dih.
    1.57247e+02    2.81281e+02    1.92901e+02    7.22973e+01    5.59116e+00
        LJ (SR)   Coulomb (SR) Position Rest.      Potential Pressure (bar)
   -6.49361e+03   -3.79347e+02    2.98233e+02   -5.86541e+03   -5.96510e+01
   Constr. rmsd
    1.54894e-06

           Step           Time
             53       53.00000

   Energies (kJ/mol)
           Bond       G96Angle  Restr. Angles    Proper Dih.  Improper Dih.
    1.55601e+02    2.84917e+02    1.91302e+02    7.17255e+01    5.59586e+00
        LJ (SR)   Coulomb (SR) Position Rest.      Potential Pressure (bar)
   -6.50243e+03   -3.79517e+02    3.01190e+02   -5.87162e+03   -5.97968e+01
   Constr. rmsd
    2.39767e-06

           Step           Time
             54       54.00000

   Energies (kJ/mol)
           Bond       G96Angle  Restr. Angles    Proper Dih.  Improper Dih.
    1.55121e+02    2.79606e+02    1.90387e+02    7.22282e+01    5.60118e+00
        LJ (SR)   Coulomb (SR) Position Rest.      Potential Pressure (bar)
   -6.50818e+03   -3.79578e+02    3.02251e+02   -5.88256e+03   -5.95013e+01
   Constr. rmsd
    2.89794e-06

           Step           Time
             55       55.00000

           Step           Time
             56       56.00000

   Energies (kJ/mol)
           Bond       G96Angle  Restr. Angles    Proper Dih.  Improper Dih.
    1.54277e+02    2.80489e+02    1.89751e+02    7.00070e+01    5.60181e+00
        LJ (SR)   Coulomb (SR) Position Rest.      Potential Pressure (bar)
   -6.51337e+03   -3.79658e+02    3.03507e+02   -5.88940e+03   -5.96940e+01
   Constr. rmsd
    1.32827e-06

           Step           Time
             57       57.00000

   Energies (kJ/mol)
           Bond       G96Angle  Restr. Angles    Proper Dih.  Improper Dih.
    1.53568e+02    2.78512e+02    1.88491e+02    7.22836e+01    5.60734e+00
        LJ (SR)   Coulomb (SR) Position Rest.      Potential Pressure (bar)
   -6.51964e+03   -3.79764e+02    3.05321e+02   -5.89563e+03   -5.93033e+01
   Constr. rmsd
    1.57040e-06

           Step           Time
             58       58.00000

   Energies (kJ/mol)
           Bond       G96Angle  Restr. Angles    Proper Dih.  Improper Dih.
    1.52706e+02    2.80416e+02    1.87893e+02    7.00407e+01    5.60639e+00
        LJ (SR)   Coulomb (SR) Position Rest.      Potential Pressure (bar)
   -6.52519e+03   -3.79854e+02    3.06710e+02   -5.90167e+03   -5.94983e+01
   Constr. rmsd
    2.58830e-06

           Step           Time
             59       59.00000

   Energies (kJ/mol)
           Bond       G96Angle  Restr. Angles    Proper Dih.  Improper Dih.
    1.52229e+02    2.77774e+02    1.86794e+02    7.27117e+01    5.61094e+00
        LJ (SR)   Coulomb (SR) Position Rest.      Potential Pressure (bar)
   -6.53027e+03   -3.79938e+02    3.08135e+02   -5.90695e+03   -5.90120e+01
   Constr. rmsd
    3.36477e-06

           Step           Time
             60       60.00000

   Energies (kJ/mol)
           Bond       G96Angle  Restr. Angles    Proper Dih.  Improper Dih.
    1.51439e+02    2.81795e+02    1.86264e+02    7.13417e+01    5.60805e+00
        LJ (SR)   Coulomb (SR) Position Rest.      Potential Pressure (bar)
   -6.53539e+03   -3.80038e+02    3.09673e+02   -5.90931e+03   -5.91596e+01
   Constr. rmsd
    7.03473e-06

           Step           Time
             61       61.00000

   Energies (kJ/mol)
           Bond       G96Angle  Restr. Angles    Proper Dih.  Improper Dih.
    1.51038e+02    2.77537e+02    1.85196e+02    7.37788e+01    5.61188e+00
        LJ (SR)   Coulomb (SR) Position Rest.      Potential Pressure (bar)
   -6.54035e+03   -3.80111e+02    3.10844e+02   -5.91645e+03   -5.86208e+01
   Constr. rmsd
    9.16030e-06

           Step           Time
             62       62.00000

           Step           Time
             63       63.00000

   Energies (kJ/mol)
           Bond       G96Angle  Restr. Angles    Proper Dih.  Improper Dih.
    1.50321e+02    2.76267e+02    1.84986e+02    6.87257e+01    5.60891e+00
        LJ (SR)   Coulomb (SR) Position Rest.      Potential Pressure (bar)
   -6.54616e+03   -3.80166e+02    3.11521e+02   -5.92889e+03   -5.89972e+01
   Constr. rmsd
    2.77748e-06

           Step           Time
             64       64.00000

   Energies (kJ/mol)
           Bond       G96Angle  Restr. Angles    Proper Dih.  Improper Dih.
    1.49398e+02    2.77669e+02    1.82927e+02    7.51074e+01    5.61051e+00
        LJ (SR)   Coulomb (SR) Position Rest.      Potential Pressure (bar)
   -6.55452e+03   -3.80370e+02    3.14710e+02   -5.92947e+03   -5.79527e+01
   Constr. rmsd
    4.38070e-06

           Step           Time
             65       65.00000

   Energies (kJ/mol)
           Bond       G96Angle  Restr. Angles    Proper Dih.  Improper Dih.
    1.48595e+02    2.76360e+02    1.82854e+02    6.92468e+01    5.60448e+00
        LJ (SR)   Coulomb (SR) Position Rest.      Potential Pressure (bar)
   -6.56187e+03   -3.80436e+02    3.15504e+02   -5.94414e+03   -5.83874e+01
   Constr. rmsd
    9.26295e-06

           Step           Time
             66       66.00000

           Step           Time
             67       67.00000

   Energies (kJ/mol)
           Bond       G96Angle  Restr. Angles    Proper Dih.  Improper Dih.
    1.48182e+02    2.73299e+02    1.82186e+02    6.87082e+01    5.60399e+00
        LJ (SR)   Coulomb (SR) Position Rest.      Potential Pressure (bar)
   -6.56604e+03   -3.80493e+02    3.16217e+02   -5.95234e+03   -5.81461e+01
   Constr. rmsd
    1.72633e-06

           Step           Time
             68       68.00000

   Energies (kJ/mol)
           Bond       G96Angle  Restr. Angles    Proper Dih.  Improper Dih.
    1.47463e+02    2.76407e+02    1.81378e+02    6.94774e+01    5.59516e+00
        LJ (SR)   Coulomb (SR) Position Rest.      Potential Pressure (bar)
   -6.57314e+03   -3.80642e+02    3.18240e+02   -5.95523e+03   -5.78042e+01
   Constr. rmsd
    2.92140e-06

           Step           Time
             69       69.00000

   Energies (kJ/mol)
           Bond       G96Angle  Restr. Angles    Proper Dih.  Improper Dih.
    1.47029e+02    2.72255e+02    1.80662e+02    6.89786e+01    5.59308e+00
        LJ (SR)   Coulomb (SR) Position Rest.      Potential Pressure (bar)
   -6.57792e+03   -3.80702e+02    3.18950e+02   -5.96516e+03   -5.75146e+01
   Constr. rmsd
    3.89701e-06

           Step           Time
             70       70.00000

           Step           Time
             71       71.00000

   Energies (kJ/mol)
           Bond       G96Angle  Restr. Angles    Proper Dih.  Improper Dih.
    1.46595e+02    2.72557e+02    1.80373e+02    6.73752e+01    5.58637e+00
        LJ (SR)   Coulomb (SR) Position Rest.      Potential Pressure (bar)
   -6.58256e+03   -3.80774e+02    3.19796e+02   -5.97105e+03   -5.74885e+01
   Constr. rmsd
    1.45963e-06

           Step           Time
             72       72.00000

   Energies (kJ/mol)
           Bond       G96Angle  Restr. Angles    Proper Dih.  Improper Dih.
    1.46145e+02    2.71679e+02    1.79435e+02    6.93360e+01    5.57878e+00
        LJ (SR)   Coulomb (SR) Position Rest.      Potential Pressure (bar)
   -6.58768e+03   -3.80884e+02    3.21155e+02   -5.97523e+03   -5.69104e+01
   Constr. rmsd
    1.83417e-06

           Step           Time
             73       73.00000

   Energies (kJ/mol)
           Bond       G96Angle  Restr. Angles    Proper Dih.  Improper Dih.
    1.45717e+02    2.72744e+02    1.79220e+02    6.78712e+01    5.56919e+00
        LJ (SR)   Coulomb (SR) Position Rest.      Potential Pressure (bar)
   -6.59274e+03   -3.80967e+02    3.22107e+02   -5.98048e+03   -5.68675e+01
   Constr. rmsd
    3.34102e-06

           Step           Time
             74       74.00000

   Energies (kJ/mol)
           Bond       G96Angle  Restr. Angles    Proper Dih.  Improper Dih.
    1.45403e+02    2.71508e+02    1.78350e+02    7.01208e+01    5.56178e+00
        LJ (SR)   Coulomb (SR) Position Rest.      Potential Pressure (bar)
   -6.59650e+03   -3.81058e+02    3.23154e+02   -5.98346e+03   -5.63023e+01
   Constr. rmsd
    4.76469e-06

           Step           Time
             75       75.00000

   Energies (kJ/mol)
           Bond       G96Angle  Restr. Angles    Proper Dih.  Improper Dih.
    1.45071e+02    2.74562e+02    1.78237e+02    6.98527e+01    5.54907e+00
        LJ (SR)   Coulomb (SR) Position Rest.      Potential Pressure (bar)
   -6.60117e+03   -3.81154e+02    3.24248e+02   -5.98480e+03   -5.62051e+01
   Constr. rmsd
    9.85418e-06

           Step           Time
             76       76.00000

   Energies (kJ/mol)
           Bond       G96Angle  Restr. Angles    Proper Dih.  Improper Dih.
    1.44774e+02    2.71942e+02    1.77334e+02    7.16437e+01    5.54177e+00
        LJ (SR)   Coulomb (SR) Position Rest.      Potential Pressure (bar)
   -6.60468e+03   -3.81235e+02    3.25084e+02   -5.98959e+03   -5.56354e+01
   Constr. rmsd
    1.29969e-05

           Step           Time
             77       77.00000

           Step           Time
             78       78.00000

   Energies (kJ/mol)
           Bond       G96Angle  Restr. Angles    Proper Dih.  Improper Dih.
    1.44241e+02    2.69291e+02    1.77342e+02    6.65352e+01    5.53329e+00
        LJ (SR)   Coulomb (SR) Position Rest.      Potential Pressure (bar)
   -6.61092e+03   -3.81290e+02    3.25515e+02   -6.00375e+03   -5.59080e+01
   Constr. rmsd
    3.80675e-06

           Step           Time
             79       79.00000

           Step           Time
             80       80.00000

   Energies (kJ/mol)
           Bond       G96Angle  Restr. Angles    Proper Dih.  Improper Dih.
    1.43835e+02    2.68766e+02    1.76503e+02    6.75659e+01    5.51809e+00
        LJ (SR)   Coulomb (SR) Position Rest.      Potential Pressure (bar)
   -6.61609e+03   -3.81416e+02    3.26755e+02   -6.00857e+03   -5.53275e+01
   Constr. rmsd
    1.32905e-06

           Step           Time
             81       81.00000

   Energies (kJ/mol)
           Bond       G96Angle  Restr. Angles    Proper Dih.  Improper Dih.
    1.43500e+02    2.68842e+02    1.76368e+02    6.64889e+01    5.50585e+00
        LJ (SR)   Coulomb (SR) Position Rest.      Potential Pressure (bar)
   -6.62078e+03   -3.81495e+02    3.27511e+02   -6.01406e+03   -5.52305e+01
   Constr. rmsd
    1.85295e-06

           Step           Time
             82       82.00000

   Energies (kJ/mol)
           Bond       G96Angle  Restr. Angles    Proper Dih.  Improper Dih.
    1.43212e+02    2.68260e+02    1.75618e+02    6.79218e+01    5.49128e+00
        LJ (SR)   Coulomb (SR) Position Rest.      Potential Pressure (bar)
   -6.62474e+03   -3.81602e+02    3.28490e+02   -6.01735e+03   -5.46949e+01
   Constr. rmsd
    2.20447e-06

           Step           Time
             83       83.00000

   Energies (kJ/mol)
           Bond       G96Angle  Restr. Angles    Proper Dih.  Improper Dih.
    1.42906e+02    2.69391e+02    1.75532e+02    6.73280e+01    5.47604e+00
        LJ (SR)   Coulomb (SR) Position Rest.      Potential Pressure (bar)
   -6.62956e+03   -3.81695e+02    3.29355e+02   -6.02127e+03   -5.45503e+01
   Constr. rmsd
    4.14543e-06

           Step           Time
             84       84.00000

   Energies (kJ/mol)
           Bond       G96Angle  Restr. Angles    Proper Dih.  Improper Dih.
    1.42696e+02    2.68290e+02    1.74781e+02    6.89039e+01    5.46242e+00
        LJ (SR)   Coulomb (SR) Position Rest.      Potential Pressure (bar)
   -6.63271e+03   -3.81790e+02    3.30152e+02   -6.02421e+03   -5.39787e+01
   Constr. rmsd
    5.79147e-06

           Step           Time
             85       85.00000

           Step           Time
             86       86.00000

   Energies (kJ/mol)
           Bond       G96Angle  Restr. Angles    Proper Dih.  Improper Dih.
    1.42313e+02    2.66344e+02    1.74789e+02    6.55830e+01    5.45283e+00
        LJ (SR)   Coulomb (SR) Position Rest.      Potential Pressure (bar)
   -6.63756e+03   -3.81844e+02    3.30523e+02   -6.03440e+03   -5.40886e+01
   Constr. rmsd
    1.62014e-06

           Step           Time
             87       87.00000

   Energies (kJ/mol)
           Bond       G96Angle  Restr. Angles    Proper Dih.  Improper Dih.
    1.41580e+02    2.67524e+02    1.73148e+02    6.87999e+01    5.39743e+00
        LJ (SR)   Coulomb (SR) Position Rest.      Potential Pressure (bar)
   -6.64953e+03   -3.82194e+02    3.33442e+02   -6.04184e+03   -5.25805e+01
   Constr. rmsd
    2.25671e-06

           Step           Time
             88       88.00000

   Energies (kJ/mol)
           Bond       G96Angle  Restr. Angles    Proper Dih.  Improper Dih.
    1.41152e+02    2.65943e+02    1.73268e+02    6.60949e+01    5.38252e+00
        LJ (SR)   Coulomb (SR) Position Rest.      Potential Pressure (bar)
   -6.65546e+03   -3.82270e+02    3.33981e+02   -6.05191e+03   -5.26332e+01
   Constr. rmsd
    5.17989e-06

           Step           Time
             89       89.00000

           Step           Time
             90       90.00000

   Energies (kJ/mol)
           Bond       G96Angle  Restr. Angles    Proper Dih.  Improper Dih.
    1.40948e+02    2.64277e+02    1.72844e+02    6.53474e+01    5.36968e+00
        LJ (SR)   Coulomb (SR) Position Rest.      Potential Pressure (bar)
   -6.65851e+03   -3.82341e+02    3.34400e+02   -6.05767e+03   -5.23632e+01
   Constr. rmsd
    1.31903e-06

           Step           Time
             91       91.00000

   Energies (kJ/mol)
           Bond       G96Angle  Restr. Angles    Proper Dih.  Improper Dih.
    1.40648e+02    2.66042e+02    1.72531e+02    6.63599e+01    5.33664e+00
        LJ (SR)   Coulomb (SR) Position Rest.      Potential Pressure (bar)
   -6.66459e+03   -3.82514e+02    3.35654e+02   -6.06053e+03   -5.17752e+01
   Constr. rmsd
    1.84350e-06

           Step           Time
             92       92.00000

   Energies (kJ/mol)
           Bond       G96Angle  Restr. Angles    Proper Dih.  Improper Dih.
    1.40434e+02    2.63644e+02    1.72050e+02    6.56586e+01    5.32208e+00
        LJ (SR)   Coulomb (SR) Position Rest.      Potential Pressure (bar)
   -6.66798e+03   -3.82591e+02    3.36086e+02   -6.06738e+03   -5.14737e+01
   Constr. rmsd
    2.44025e-06

           Step           Time
             93       93.00000

           Step           Time
             94       94.00000

   Energies (kJ/mol)
           Bond       G96Angle  Restr. Angles    Proper Dih.  Improper Dih.
    1.40207e+02    2.63597e+02    1.71974e+02    6.47824e+01    5.30570e+00
        LJ (SR)   Coulomb (SR) Position Rest.      Potential Pressure (bar)
   -6.67171e+03   -3.82673e+02    3.36605e+02   -6.07191e+03   -5.12931e+01
   Constr. rmsd
    1.17084e-06

           Step           Time
             95       95.00000

   Energies (kJ/mol)
           Bond       G96Angle  Restr. Angles    Proper Dih.  Improper Dih.
    1.40023e+02    2.63307e+02    1.71374e+02    6.59944e+01    5.27684e+00
        LJ (SR)   Coulomb (SR) Position Rest.      Potential Pressure (bar)
   -6.67606e+03   -3.82819e+02    3.37527e+02   -6.07538e+03   -5.06390e+01
   Constr. rmsd
    1.42673e-06

           Step           Time
             96       96.00000

   Energies (kJ/mol)
           Bond       G96Angle  Restr. Angles    Proper Dih.  Improper Dih.
    1.39773e+02    2.63594e+02    1.71370e+02    6.51579e+01    5.25765e+00
        LJ (SR)   Coulomb (SR) Position Rest.      Potential Pressure (bar)
   -6.68025e+03   -3.82914e+02    3.38113e+02   -6.07990e+03   -5.04530e+01
   Constr. rmsd
    2.08282e-06

           Step           Time
             97       97.00000

   Energies (kJ/mol)
           Bond       G96Angle  Restr. Angles    Proper Dih.  Improper Dih.
    1.39694e+02    2.63312e+02    1.70778e+02    6.67146e+01    5.23295e+00
        LJ (SR)   Coulomb (SR) Position Rest.      Potential Pressure (bar)
   -6.68322e+03   -3.83036e+02    3.38833e+02   -6.08170e+03   -4.98366e+01
   Constr. rmsd
    2.90316e-06

           Step           Time
             98       98.00000

   Energies (kJ/mol)
           Bond       G96Angle  Restr. Angles    Proper Dih.  Improper Dih.
    1.39465e+02    2.64629e+02    1.70870e+02    6.64634e+01    5.21066e+00
        LJ (SR)   Coulomb (SR) Position Rest.      Potential Pressure (bar)
   -6.68746e+03   -3.83143e+02    3.39509e+02   -6.08445e+03   -4.96450e+01
   Constr. rmsd
    5.60308e-06

           Step           Time
             99       99.00000

   Energies (kJ/mol)
           Bond       G96Angle  Restr. Angles    Proper Dih.  Improper Dih.
    1.39446e+02    2.63854e+02    1.70215e+02    6.80846e+01    5.18843e+00
        LJ (SR)   Coulomb (SR) Position Rest.      Potential Pressure (bar)
   -6.68968e+03   -3.83251e+02    3.40096e+02   -6.08605e+03   -4.90340e+01
   Constr. rmsd
    7.92690e-06

           Step           Time
            100      100.00000

           Step           Time
            101      101.00000

   Energies (kJ/mol)
           Bond       G96Angle  Restr. Angles    Proper Dih.  Improper Dih.
    1.39036e+02    2.61340e+02    1.70325e+02    6.42851e+01    5.17568e+00
        LJ (SR)   Coulomb (SR) Position Rest.      Potential Pressure (bar)
   -6.69471e+03   -3.83312e+02    3.40349e+02   -6.09751e+03   -4.91649e+01
   Constr. rmsd
    2.21322e-06

           Step           Time
            102      102.00000

   Energies (kJ/mol)
           Bond       G96Angle  Restr. Angles    Proper Dih.  Improper Dih.
    1.38818e+02    2.63923e+02    1.69098e+02    6.85287e+01    5.09180e+00
        LJ (SR)   Coulomb (SR) Position Rest.      Potential Pressure (bar)
   -6.70366e+03   -3.83717e+02    3.42644e+02   -6.09927e+03   -4.74330e+01
   Constr. rmsd
    3.09258e-06

           Step           Time
            103      103.00000

   Energies (kJ/mol)
           Bond       G96Angle  Restr. Angles    Proper Dih.  Improper Dih.
    1.38302e+02    2.61331e+02    1.69350e+02    6.50899e+01    5.07474e+00
        LJ (SR)   Coulomb (SR) Position Rest.      Potential Pressure (bar)
   -6.70996e+03   -3.83796e+02    3.43043e+02   -6.11156e+03   -4.75354e+01
   Constr. rmsd
    7.06860e-06

           Step           Time
            104      104.00000

           Step           Time
            105      105.00000

   Energies (kJ/mol)
           Bond       G96Angle  Restr. Angles    Proper Dih.  Improper Dih.
    1.38202e+02    2.59895e+02    1.68962e+02    6.44015e+01    5.05611e+00
        LJ (SR)   Coulomb (SR) Position Rest.      Potential Pressure (bar)
   -6.71256e+03   -3.83881e+02    3.43384e+02   -6.11654e+03   -4.71965e+01
   Constr. rmsd
    1.62025e-06

           Step           Time
            106      106.00000

   Energies (kJ/mol)
           Bond       G96Angle  Restr. Angles    Proper Dih.  Improper Dih.
    1.38036e+02    2.61805e+02    1.68919e+02    6.56248e+01    5.02135e+00
        LJ (SR)   Coulomb (SR) Position Rest.      Potential Pressure (bar)
   -6.71682e+03   -3.84042e+02    3.44258e+02   -6.11720e+03   -4.66529e+01
   Constr. rmsd
    2.29612e-06

           Step           Time
            107      107.00000

   Energies (kJ/mol)
           Bond       G96Angle  Restr. Angles    Proper Dih.  Improper Dih.
    1.37952e+02    2.59686e+02    1.68465e+02    6.50276e+01    5.00141e+00
        LJ (SR)   Coulomb (SR) Position Rest.      Potential Pressure (bar)
   -6.71963e+03   -3.84131e+02    3.44608e+02   -6.12302e+03   -4.62849e+01
   Constr. rmsd
    3.37409e-06

           Step           Time
            108      108.00000

           Step           Time
            109      109.00000

   Energies (kJ/mol)
           Bond       G96Angle  Restr. Angles    Proper Dih.  Improper Dih.
    1.37724e+02    2.59276e+02    1.68502e+02    6.38042e+01    4.98439e+00
        LJ (SR)   Coulomb (SR) Position Rest.      Potential Pressure (bar)
   -6.72295e+03   -3.84209e+02    3.44969e+02   -6.12790e+03   -4.61370e+01
   Constr. rmsd
    1.22569e-06

           Step           Time
            110      110.00000

   Energies (kJ/mol)
           Bond       G96Angle  Restr. Angles    Proper Dih.  Improper Dih.
    1.37706e+02    2.59729e+02    1.67931e+02    6.56945e+01    4.94089e+00
        LJ (SR)   Coulomb (SR) Position Rest.      Potential Pressure (bar)
   -6.72686e+03   -3.84404e+02    3.45906e+02   -6.12936e+03   -4.52681e+01
   Constr. rmsd
    1.59712e-06

           Step           Time
            111      111.00000

   Energies (kJ/mol)
           Bond       G96Angle  Restr. Angles    Proper Dih.  Improper Dih.
    1.37406e+02    2.59389e+02    1.68058e+02    6.43064e+01    4.92120e+00
        LJ (SR)   Coulomb (SR) Position Rest.      Potential Pressure (bar)
   -6.73082e+03   -3.84493e+02    3.46330e+02   -6.13490e+03   -4.51338e+01
   Constr. rmsd
    2.93547e-06

           Step           Time
            112      112.00000

           Step           Time
            113      113.00000

   Energies (kJ/mol)
           Bond       G96Angle  Restr. Angles    Proper Dih.  Improper Dih.
    1.37330e+02    2.58008e+02    1.67775e+02    6.37116e+01    4.90439e+00
        LJ (SR)   Coulomb (SR) Position Rest.      Potential Pressure (bar)
   -6.73305e+03   -3.84566e+02    3.46609e+02   -6.13928e+03   -4.48603e+01
   Constr. rmsd
    1.14485e-06

           Step           Time
            114      114.00000

   Energies (kJ/mol)
           Bond       G96Angle  Restr. Angles    Proper Dih.  Improper Dih.
    1.37104e+02    2.59397e+02    1.67611e+02    6.45125e+01    4.85700e+00
        LJ (SR)   Coulomb (SR) Position Rest.      Potential Pressure (bar)
   -6.73835e+03   -3.84779e+02    3.47636e+02   -6.14201e+03   -4.40491e+01
   Constr. rmsd
    1.38519e-06

           Step           Time
            115      115.00000

   Energies (kJ/mol)
           Bond       G96Angle  Restr. Angles    Proper Dih.  Improper Dih.
    1.37034e+02    2.57492e+02    1.67270e+02    6.39813e+01    4.83822e+00
        LJ (SR)   Coulomb (SR) Position Rest.      Potential Pressure (bar)
   -6.74084e+03   -3.84859e+02    3.47938e+02   -6.14715e+03   -4.37056e+01
   Constr. rmsd
    1.59980e-06

           Step           Time
            116      116.00000

           Step           Time
            117      117.00000

   Energies (kJ/mol)
           Bond       G96Angle  Restr. Angles    Proper Dih.  Improper Dih.
    1.36859e+02    2.57593e+02    1.67262e+02    6.34331e+01    4.81775e+00
        LJ (SR)   Coulomb (SR) Position Rest.      Potential Pressure (bar)
   -6.74369e+03   -3.84950e+02    3.48343e+02   -6.15034e+03   -4.34602e+01
   Constr. rmsd
    1.24803e-06

           Step           Time
            118      118.00000

   Energies (kJ/mol)
           Bond       G96Angle  Restr. Angles    Proper Dih.  Improper Dih.
    1.36822e+02    2.57240e+02    1.66876e+02    6.42799e+01    4.78373e+00
        LJ (SR)   Coulomb (SR) Position Rest.      Potential Pressure (bar)
   -6.74683e+03   -3.85096e+02    3.48989e+02   -6.15293e+03   -4.27978e+01
   Constr. rmsd
    1.11906e-06

           Step           Time
            119      119.00000

   Energies (kJ/mol)
           Bond       G96Angle  Restr. Angles    Proper Dih.  Improper Dih.
    1.36609e+02    2.57589e+02    1.66930e+02    6.37319e+01    4.76135e+00
        LJ (SR)   Coulomb (SR) Position Rest.      Potential Pressure (bar)
   -6.74998e+03   -3.85195e+02    3.49445e+02   -6.15611e+03   -4.25011e+01
   Constr. rmsd
    1.43360e-06

           Step           Time
            120      120.00000

   Energies (kJ/mol)
           Bond       G96Angle  Restr. Angles    Proper Dih.  Improper Dih.
    1.36656e+02    2.57225e+02    1.66509e+02    6.48779e+01    4.73172e+00
        LJ (SR)   Coulomb (SR) Position Rest.      Potential Pressure (bar)
   -6.75219e+03   -3.85320e+02    3.49983e+02   -6.15752e+03   -4.18891e+01
   Constr. rmsd
    1.86555e-06

           Step           Time
            121      121.00000

   Energies (kJ/mol)
           Bond       G96Angle  Restr. Angles    Proper Dih.  Improper Dih.
    1.36419e+02    2.58253e+02    1.66648e+02    6.46211e+01    4.70735e+00
        LJ (SR)   Coulomb (SR) Position Rest.      Potential Pressure (bar)
   -6.75543e+03   -3.85428e+02    3.50505e+02   -6.15970e+03   -4.15689e+01
   Constr. rmsd
    3.31778e-06

           Step           Time
            122      122.00000

   Energies (kJ/mol)
           Bond       G96Angle  Restr. Angles    Proper Dih.  Improper Dih.
    1.36546e+02    2.57622e+02    1.66157e+02    6.59916e+01    4.68046e+00
        LJ (SR)   Coulomb (SR) Position Rest.      Potential Pressure (bar)
   -6.75700e+03   -3.85539e+02    3.50967e+02   -6.16057e+03   -4.09601e+01
   Constr. rmsd
    4.69752e-06

           Step           Time
            123      123.00000

           Step           Time
            124      124.00000

   Energies (kJ/mol)
           Bond       G96Angle  Restr. Angles    Proper Dih.  Improper Dih.
    1.36190e+02    2.55897e+02    1.66281e+02    6.31960e+01    4.66714e+00
        LJ (SR)   Coulomb (SR) Position Rest.      Potential Pressure (bar)
   -6.76068e+03   -3.85598e+02    3.51171e+02   -6.16888e+03   -4.09724e+01
   Constr. rmsd
    1.65457e-06


Steepest Descents converged to Fmax < 100 in 125 steps
Potential Energy  = -6.1688779e+03
Maximum force     =  6.8904388e+01 on atom 21
Norm of force     =  1.6039186e+01
Finished mdrun on rank 0 Wed Mar  4 16:58:22 2026

