                :-) GROMACS - gmx mdrun, 2026.0-conda_forge (-:

Copyright 1991-2026 The GROMACS Authors.
GROMACS is free software; you can redistribute it and/or modify it
under the terms of the GNU Lesser General Public License
as published by the Free Software Foundation; either version 2.1
of the License, or (at your option) any later version.

                         Current GROMACS contributors:
       Mark Abraham           Andrey Alekseenko           Brian Andrews       
        Paul Bauer              Cathrine Bergh              Hugh Bird         
      Eliane Briand               Ania Brown                Yiqi Chen         
      Mahesh Doijade            Giacomo Fiorin          Stefan Fleischmann    
      Sergey Gorelov         Gilles Gouaillardet            Alan Gray         
   Farzaneh Jalalypour         Petter Johansson          Carsten Kutzner      
    Grzegorz Łazarski         Justin A. Lemkul          Magnus Lundborg      
        Julio Maia               Pascal Merz             Vedran Miletić      
      Dmitry Morozov           Lukas Müllender           Szilárd Páll      
 Andrea Pasquadibisceglie     Michele Pellegrino         Nicola Piasentin     
     Daniele Rapetti         Muhammad Umair Sadiq         Hubert Santuz       
      Michael Shirts           Tatiana Shugaeva          Alexey Shvetsov      
     Bálint Soproni            Philip Turner            Alessandra Villa     
        Yang Zhang        

                         Previous GROMACS contributors:
        Emile Apol             Rossen Apostolov           James Barnett       
      Vladimir Basov        Herman J.C. Berendsen          Par Bjelkmar       
      Christian Blau          Viacheslav Bolnykh            Kevin Boyd        
    Aldert van Buuren          Carlo Camilloni           Rudi van Drunen      
      Anton Feenstra           Oliver Fleetwood            Vytas Gapsys       
       Gaurav Garg             Gerrit Groenhof            Bert de Groot       
      Anca Hamuraru           Vincent Hindriksen          Victor Holanda      
     M. Eric Irrgang           Aleksei Iupinov              Joe Jordan        
    Christoph Junghans        Prashanth Kanduri        Dimitrios Karkoulis    
       Peter Kasson             Sebastian Kehl           Sebastian Keller     
        Jiri Kraus               Per Larsson              Viveca Lindahl      
      Erik Marklund           Pieter Meulenhoff           Teemu Murtola       
       Julien Nabet              Sander Pronk             Roland Schulz       
      Alfons Sijbers         David van der Spoel          Peter Tieleman      
      Carsten Uphoff             Jon Vincent             Teemu Virolainen     
    Christian Wennberg     Sebastian Wingbermühle         Maarten Wolf       
      Artem Zhmurov       

                  Coordinated by the GROMACS project leaders:
                           Berk Hess and Erik Lindahl

GROMACS:      gmx mdrun, version 2026.0-conda_forge
Executable:   /opt/conda/envs/bioinformatics/bin.AVX2_256/gmx
Data prefix:  /opt/conda/envs/bioinformatics
Working dir:  /home/xze439/HW2/assignment2 kopie/part1
Process ID:   3168503
Command line:
  gmx mdrun -nt 1 -deffnm md_0_1 -v

GROMACS version:     2026.0-conda_forge
Precision:           mixed
Memory model:        64 bit
MPI library:         thread_mpi
MPI version:         built in
OpenMP support:      enabled (GMX_OPENMP_MAX_THREADS = 128)
GPU support:         OpenCL
NBNxM GPU setup:     super-cluster 2x2x2 / cluster 8 (cluster-pair splitting on)
SIMD instructions:   AVX2_256
CPU FFT library:     fftw-3.3.10-sse2-avx
GPU FFT library:     clFFT
Multi-GPU FFT:       none
RDTSCP:              disabled
TNG support:         enabled
Hwloc support:       disabled
Tracing support:     disabled
Colvars support:     enabled (version 2025-10-13)
CP2K support:        disabled
Torch support:       disabled
Plumed support:      enabled
C compiler:          /home/conda/feedstock_root/build_artifacts/gromacs_1770909732141/_build_env/bin/x86_64-conda-linux-gnu-cc GNU 14.3.0
C compiler flags:    -fexcess-precision=fast -funroll-all-loops -mavx2 -mfma -Wno-missing-field-initializers -O3 -DNDEBUG
C++ compiler:        /home/conda/feedstock_root/build_artifacts/gromacs_1770909732141/_build_env/bin/x86_64-conda-linux-gnu-c++ GNU 14.3.0
C++ compiler flags:  -fexcess-precision=fast -funroll-all-loops -mavx2 -mfma -Wno-missing-field-initializers -Wno-stringop-truncation -Wno-cast-function-type-strict SHELL:-fopenmp -O3 -DNDEBUG
BLAS library:        Internal
LAPACK library:      Internal
OpenCL include dir:  /opt/conda/envs/bioinformatics/include
OpenCL library:      /opt/conda/envs/bioinformatics/lib/libOpenCL.so
OpenCL version:      3.0


Running on 1 node with total 64 cores, 128 processing units (GPU detection deactivated)
Hardware detected on host pcoms008a.vu.nl:
  CPU info:
    Vendor: AMD
    Brand:  AMD EPYC 9375F 32-Core Processor               
    Family: 26   Model: 2   Stepping: 1
    Features: aes amd apic avx avx2 avx512f avx512cd avx512bw avx512vl avx512bf16 avx512secondFMA clfsh cmov cx8 cx16 f16c fma htt lahf misalignsse mmx msr nonstop_tsc pcid pclmuldq pdpe1gb popcnt pse rdrnd rdtscp sha sse2 sse3 sse4a sse4.1 sse4.2 ssse3
  Hardware topology: Basic
    Packages, cores, and logical processors:
    [indices refer to OS logical processors]
      Package  0: [   0  64] [   1  65] [   2  66] [   3  67] [   4  68] [   5  69] [   6  70] [   7  71] [   8  72] [   9  73] [  10  74] [  11  75] [  12  76] [  13  77] [  14  78] [  15  79] [  16  80] [  17  81] [  18  82] [  19  83] [  20  84] [  21  85] [  22  86] [  23  87] [  24  88] [  25  89] [  26  90] [  27  91] [  28  92] [  29  93] [  30  94] [  31  95] [  32  96] [  33  97] [  34  98] [  35  99] [  36 100] [  37 101] [  38 102] [  39 103] [  40 104] [  41 105] [  42 106] [  43 107] [  44 108] [  45 109] [  46 110] [  47 111] [  48 112] [  49 113] [  50 114] [  51 115] [  52 116] [  53 117] [  54 118] [  55 119] [  56 120] [  57 121] [  58 122] [  59 123] [  60 124] [  61 125] [  62 126] [  63 127]
    CPU limit set by OS: -1   Recommended max number of threads: 128

Likely fastest SIMD instructions supported by all nodes: AVX_512
SIMD instructions selected at compile time:              AVX2_256
On non-Intel hardware supporting AVX-512, you might gain a few percent
performance by recompiling to use it, at least for CPU-only runs.

The current CPU can measure timings more accurately than the code in
gmx mdrun was configured to use. This might affect your simulation
speed as accurate timings are needed for load-balancing.
Please consider rebuilding gmx mdrun with the GMX_USE_RDTSCP=ON CMake option.

++++ PLEASE READ AND CITE THE FOLLOWING REFERENCE ++++
M. J. Abraham, T. Murtola, R. Schulz, S. Páll, J. C. Smith, B. Hess, E.
Lindahl
GROMACS: High performance molecular simulations through multi-level
parallelism from laptops to supercomputers
SoftwareX (2015)
https://doi.org/10.1016/j.softx.2015.06.001
-------- -------- --- Thank You --- -------- --------


++++ PLEASE READ AND CITE THE FOLLOWING REFERENCE ++++
S. Páll, M. J. Abraham, C. Kutzner, B. Hess, E. Lindahl
Tackling Exascale Software Challenges in Molecular Dynamics Simulations with
GROMACS
In S. Markidis & E. Laure (Eds.), Solving Software Challenges for Exascale (2015)
https://doi.org/10.1007/978-3-319-15976-8_1
-------- -------- --- Thank You --- -------- --------


++++ PLEASE READ AND CITE THE FOLLOWING REFERENCE ++++
S. Pronk, S. Páll, R. Schulz, P. Larsson, P. Bjelkmar, R. Apostolov, M. R.
Shirts, J. C. Smith, P. M. Kasson, D. van der Spoel, B. Hess, E. Lindahl
GROMACS 4.5: a high-throughput and highly parallel open source molecular
simulation toolkit
Bioinformatics (2013)
https://doi.org/10.1093/bioinformatics/btt055
-------- -------- --- Thank You --- -------- --------


++++ PLEASE READ AND CITE THE FOLLOWING REFERENCE ++++
B. Hess, C. Kutzner, D. van der Spoel, E. Lindahl
GROMACS 4: Algorithms for highly efficient, load-balanced, and scalable
molecular simulation
J. Chem. Theory Comput. (2008)
https://doi.org/10.1021/ct700301q
-------- -------- --- Thank You --- -------- --------


++++ PLEASE READ AND CITE THE FOLLOWING REFERENCE ++++
D. van der Spoel, E. Lindahl, B. Hess, G. Groenhof, A. E. Mark, H. J. C.
Berendsen
GROMACS: Fast, Flexible and Free
J. Comp. Chem. (2005)
https://doi.org/10.1002/jcc.20291
-------- -------- --- Thank You --- -------- --------


++++ PLEASE READ AND CITE THE FOLLOWING REFERENCE ++++
E. Lindahl, B. Hess, D. van der Spoel
GROMACS 3.0: A package for molecular simulation and trajectory analysis
J. Mol. Mod. (2001)
https://doi.org/10.1007/s008940100045
-------- -------- --- Thank You --- -------- --------


++++ PLEASE READ AND CITE THE FOLLOWING REFERENCE ++++
H. J. C. Berendsen, D. van der Spoel and R. van Drunen
GROMACS: A message-passing parallel molecular dynamics implementation
Comp. Phys. Comm. (1995)
https://doi.org/10.1016/0010-4655(95)00042-E
-------- -------- --- Thank You --- -------- --------

Input Parameters:
   integrator                     = md
   tinit                          = 0
   dt                             = 0.002
   nsteps                         = 250000
   init-step                      = 0
   simulation-part                = 1
   mts                            = false
   mass-repartition-factor        = 1
   comm-mode                      = Linear
   nstcomm                        = 100
   bd-fric                        = 0
   ld-seed                        = 2143286239
   emtol                          = 10
   emstep                         = 0.01
   niter                          = 20
   fcstep                         = 0
   nstcgsteep                     = 1000
   nbfgscorr                      = 10
   rtpi                           = 0.05
   nstxout                        = 0
   nstvout                        = 0
   nstfout                        = 0
   nstlog                         = 5000
   nstcalcenergy                  = 100
   nstenergy                      = 5000
   nstxout-compressed             = 5000
   compressed-x-precision         = 1000
   cutoff-scheme                  = Verlet
   nstlist                        = 10
   pbc                            = xyz
   periodic-molecules             = false
   verlet-buffer-tolerance        = 0.005
   verlet-buffer-pressure-tolerance = 0.5
   rlist                          = 1
   coulombtype                    = PME
   coulomb-modifier               = Potential-shift
   rcoulomb-switch                = 0
   rcoulomb                       = 1
   epsilon-r                      = 1
   epsilon-rf                     = inf
   vdw-type                       = Cut-off
   vdw-modifier                   = Potential-shift
   rvdw-switch                    = 0
   rvdw                           = 1
   DispCorr                       = EnerPres
   table-extension                = 1
   fourierspacing                 = 0.16
   fourier-nx                     = 60
   fourier-ny                     = 60
   fourier-nz                     = 60
   pme-order                      = 4
   ewald-rtol                     = 1e-05
   ewald-rtol-lj                  = 0.001
   lj-pme-comb-rule               = Geometric
   ewald-geometry                 = 3d
   epsilon-surface                = 0
   ensemble-temperature-setting   = constant
   ensemble-temperature           = 300
   tcoupl                         = V-rescale
   nsttcouple                     = 10
   nh-chain-length                = 0
   print-nose-hoover-chain-variables = false
   pcoupl                         = Parrinello-Rahman
   pcoupltype                     = Isotropic
   nstpcouple                     = 5
   tau-p                          = 2
   compressibility (3x3):
      compressibility[    0]={ 4.50000e-05,  0.00000e+00,  0.00000e+00}
      compressibility[    1]={ 0.00000e+00,  4.50000e-05,  0.00000e+00}
      compressibility[    2]={ 0.00000e+00,  0.00000e+00,  4.50000e-05}
   ref-p (3x3):
      ref-p[    0]={ 1.00000e+00,  0.00000e+00,  0.00000e+00}
      ref-p[    1]={ 0.00000e+00,  1.00000e+00,  0.00000e+00}
      ref-p[    2]={ 0.00000e+00,  0.00000e+00,  1.00000e+00}
   refcoord-scaling               = No
   posres-com: not available
   posres-comB: not available
   QMMM                           = false
qm-opts:
   ngQM                           = 0
   constraint-algorithm           = Lincs
   continuation                   = true
   Shake-SOR                      = false
   shake-tol                      = 0.0001
   lincs-order                    = 4
   lincs-iter                     = 1
   lincs-warnangle                = 30
   nwall                          = 0
   wall-type                      = 9-3
   wall-r-linpot                  = -1
   wall-atomtype[0]               = -1
   wall-atomtype[1]               = -1
   wall-density[0]                = 0
   wall-density[1]                = 0
   wall-ewald-zfac                = 3
   pull                           = false
   awh                            = false
   rotation                       = false
   interactiveMD                  = false
   disre                          = No
   disre-weighting                = Conservative
   disre-mixed                    = false
   dr-fc                          = 1000
   dr-tau                         = 0
   nstdisreout                    = 100
   orire-fc                       = 0
   orire-tau                      = 0
   nstorireout                    = 100
   free-energy                    = no
   cos-acceleration               = 0
   deform (3x3):
      deform[    0]={ 0.00000e+00,  0.00000e+00,  0.00000e+00}
      deform[    1]={ 0.00000e+00,  0.00000e+00,  0.00000e+00}
      deform[    2]={ 0.00000e+00,  0.00000e+00,  0.00000e+00}
   simulated-tempering            = false
   swapcoords                     = no
   userint1                       = 0
   userint2                       = 0
   userint3                       = 0
   userint4                       = 0
   userreal1                      = 0
   userreal2                      = 0
   userreal3                      = 0
   userreal4                      = 0
   applied-forces:
     electric-field:
       x:
         E0                       = 0
         omega                    = 0
         t0                       = 0
         sigma                    = 0
       y:
         E0                       = 0
         omega                    = 0
         t0                       = 0
         sigma                    = 0
       z:
         E0                       = 0
         omega                    = 0
         t0                       = 0
         sigma                    = 0
     density-guided-simulation:
       active                     = false
       group                      = protein
       similarity-measure         = inner-product
       atom-spreading-weight      = unity
       force-constant             = 1e+09
       gaussian-transform-spreading-width = 0.2
       gaussian-transform-spreading-range-in-multiples-of-width = 4
       reference-density-filename = reference.mrc
       nst                        = 1
       normalize-densities        = true
       adaptive-force-scaling     = false
       adaptive-force-scaling-time-constant = 4
       shift-vector               = 
       transformation-matrix      = 
     qmmm-cp2k:
       active                     = false
       qmgroup                    = System
       qmmethod                   = PBE
       qmfilenames                = 
       qmcharge                   = 0
       qmmultiplicity             = 1
     colvars:
       active                     = false
       configfile                 = 
       seed                       = -1
     nnpot:
       active                     = false
       modelfile                  = model.pt
       input-group                = System
       link-type                  = H
       link-distance              = 0.1
       pair-cutoff                = 0
       embedding                  = mechanical
       nnp-charge                 = 0
       model-input1               = 
       model-input2               = 
       model-input3               = 
       model-input4               = 
       model-input5               = 
       model-input6               = 
       model-input7               = 
       model-input8               = 
       model-input9               = 
   fast-multipole-method:
     fmm:
       backend                    = inactive
       exafmm-order               = 6
       exafmm-direct-range        = 2
       exafmm-direct-provider     = GROMACS
       exafmm-tree-type           = uniform
       exafmm-tree-depth          = 0
       exafmm-max-particles-per-cell = 0
       fmsolvr-order              = 8
       fmsolvr-direct-range       = 1
       fmsolvr-direct-provider    = FMM
       fmsolvr-dipole-compensation = true
       fmsolvr-tree-depth         = 3
       fmsolvr-sparse             = false
grpopts:
   nrdf:     9275.82      143808
   ref-t:         300         300
   tau-t:         0.1         0.1
annealing:          No          No
annealing-npoints:           0           0
   acc:	           0           0           0
   nfreeze:           N           N           N
   energygrp-flags[  0]: 0

Changing nstlist from 10 to 50, rlist from 1 to 1.118


Initializing Domain Decomposition on 1 ranks
Dynamic load balancing: auto
Using update groups, nr 25807, average size 2.9 atoms, max. radius 0.103 nm
Minimum cell size due to atom displacement: 0.404 nm
Initial maximum distances in bonded interactions:
    two-body bonded interactions: 0.429 nm, LJ-14, atoms 3015 3023
  multi-body bonded interactions: 0.429 nm, Ryckaert-Bell., atoms 3015 3023
Minimum cell size due to bonded interactions: 0.471 nm
Using 0 separate PME ranks because: there are too few total ranks for efficient splitting
Optimizing the DD grid for 1 cells with a minimum initial size of 0.471 nm
The maximum allowed number of cells is: X 19 Y 19 Z 19
Domain decomposition grid 1 x 1 x 1, separate PME ranks 0
PME domain decomposition: 1 x 1 x 1

The initial number of communication pulses is:
The initial domain decomposition cell size is:

The maximum allowed distance for atom groups involved in interactions is:
                 non-bonded interactions           1.325 nm
(the following are initial values, they could change due to box deformation)
            two-body bonded interactions  (-rdd)   1.325 nm
          multi-body bonded interactions  (-rdd)   1.325 nm

When dynamic load balancing gets turned on, these settings will change to:
The maximum number of communication pulses is:
The minimum size for domain decomposition cells is 1.325 nm
The requested allowed shrink of DD cells (option -dds) is: 0.80
The allowed shrink of domain decomposition cells is:
The maximum allowed distance for atom groups involved in interactions is:
                 non-bonded interactions           1.325 nm
            two-body bonded interactions  (-rdd)   1.325 nm
          multi-body bonded interactions  (-rdd)   1.325 nm

Local state does not use filler particles

Using 1 MPI thread
Using 1 OpenMP thread 

System total charge: -0.000
Will do PME sum in reciprocal space for electrostatic interactions.

++++ PLEASE READ AND CITE THE FOLLOWING REFERENCE ++++
U. Essmann, L. Perera, M. L. Berkowitz, T. Darden, H. Lee, L. G. Pedersen 
A smooth particle mesh Ewald method
J. Chem. Phys. (1995)
https://doi.org/10.1063/1.470117
-------- -------- --- Thank You --- -------- --------

Using a Gaussian width (1/beta) of 0.320163 nm for Ewald
Potential shift: LJ r^-12: -1.000e+00 r^-6: -1.000e+00, Ewald -1.000e-05
Initialized non-bonded Coulomb Ewald tables, spacing: 9.33e-04 size: 1073

Generated table with 1059 data points for 1-4 COUL.
Tabscale = 500 points/nm
Generated table with 1059 data points for 1-4 LJ6.
Tabscale = 500 points/nm
Generated table with 1059 data points for 1-4 LJ12.
Tabscale = 500 points/nm
Long Range LJ corr.: <C6> 3.1313e-04


Using SIMD4xM 4x8 nonbonded short-range kernels

Using a dual 4x8 pair-list setup updated with dynamic pruning:
  outer list: updated every 50 steps, buffer 0.118 nm, rlist 1.118 nm
  inner list: updated every 10 steps, buffer 0.000 nm, rlist 1.000 nm
At tolerance 0.005 kJ/mol/ps per atom, equivalent classical 1x1 list would be:
  outer list: updated every 50 steps, buffer 0.246 nm, rlist 1.246 nm
  inner list: updated every 10 steps, buffer 0.036 nm, rlist 1.036 nm

The average pressure is off by at most 0.43 bar due to missing LJ interactions

Using Geometric Lennard-Jones combination rule

Linking all bonded interactions to atoms


NOTE: Thread affinity was not set.

Initializing LINear Constraint Solver

++++ PLEASE READ AND CITE THE FOLLOWING REFERENCE ++++
B. Hess, H. Bekker, H. J. C. Berendsen, J. G. E. M. Fraaije
LINCS: A Linear Constraint Solver for molecular simulations
J. Comp. Chem. (1997)
https://doi.org/10.1002/(sici)1096-987x(199709)18:12<1463::aid-jcc4>3.0.co;2-h
-------- -------- --- Thank You --- -------- --------

The number of constraints is 1881

++++ PLEASE READ AND CITE THE FOLLOWING REFERENCE ++++
S. Miyamoto, P. A. Kollman
SETTLE: An Analytical Version of the SHAKE and RATTLE Algorithms for Rigid
Water Models
J. Comp. Chem. (1992)
https://doi.org/10.1002/jcc.540130805
-------- -------- --- Thank You --- -------- --------


++++ PLEASE READ AND CITE THE FOLLOWING REFERENCE ++++
G. Bussi, D. Donadio, M. Parrinello
Canonical sampling through velocity rescaling
J. Chem. Phys. (2007)
https://doi.org/10.1063/1.2408420
-------- -------- --- Thank You --- -------- --------

There are: 75624 Atoms

Atom distribution over 1 domains: av 75624 stddev 0 min 75624 max 75624
Center of mass motion removal mode is Linear
We have the following groups for center of mass motion removal:
  0:  rest

Started mdrun on rank 0 Tue Mar  3 16:46:21 2026

           Step           Time
              0        0.00000

   Energies (kJ/mol)
           Bond          Angle    Proper Dih. Ryckaert-Bell.          LJ-14
    2.63363e+03    7.55051e+03    4.02693e+02    3.96151e+03    4.94222e+03
     Coulomb-14        LJ (SR)  Disper. corr.   Coulomb (SR)   Coul. recip.
    2.58113e+04    2.10318e+05   -9.99829e+03   -1.41602e+06    6.13405e+03
      Potential    Kinetic En.   Total Energy  Conserved En.    Temperature
   -1.16426e+06    1.91059e+05   -9.73201e+05   -9.73156e+05    3.00216e+02
 Pres. DC (bar) Pressure (bar)   Constr. rmsd
   -2.21819e+02   -2.90503e+01    3.28497e-06

           Step           Time
           5000       10.00000

   Energies (kJ/mol)
           Bond          Angle    Proper Dih. Ryckaert-Bell.          LJ-14
    2.65258e+03    7.25657e+03    4.15485e+02    3.89906e+03    4.80837e+03
     Coulomb-14        LJ (SR)  Disper. corr.   Coulomb (SR)   Coul. recip.
    2.57056e+04    2.13635e+05   -9.97599e+03   -1.42080e+06    6.28478e+03
      Potential    Kinetic En.   Total Energy  Conserved En.    Temperature
   -1.16612e+06    1.90627e+05   -9.75491e+05   -9.73038e+05    2.99537e+02
 Pres. DC (bar) Pressure (bar)   Constr. rmsd
   -2.20831e+02    1.00596e+01    3.34989e-06

           Step           Time
          10000       20.00000

   Energies (kJ/mol)
           Bond          Angle    Proper Dih. Ryckaert-Bell.          LJ-14
    2.88939e+03    7.70435e+03    4.19320e+02    3.77024e+03    4.73176e+03
     Coulomb-14        LJ (SR)  Disper. corr.   Coulomb (SR)   Coul. recip.
    2.56853e+04    2.13409e+05   -9.98133e+03   -1.42010e+06    6.36403e+03
      Potential    Kinetic En.   Total Energy  Conserved En.    Temperature
   -1.16511e+06    1.91000e+05   -9.74109e+05   -9.72893e+05    3.00123e+02
 Pres. DC (bar) Pressure (bar)   Constr. rmsd
   -2.21068e+02   -2.04689e+01    3.14890e-06

           Step           Time
          15000       30.00000

   Energies (kJ/mol)
           Bond          Angle    Proper Dih. Ryckaert-Bell.          LJ-14
    2.78390e+03    7.49842e+03    4.27330e+02    3.89125e+03    4.84708e+03
     Coulomb-14        LJ (SR)  Disper. corr.   Coulomb (SR)   Coul. recip.
    2.59031e+04    2.13065e+05   -9.97946e+03   -1.41965e+06    6.39870e+03
      Potential    Kinetic En.   Total Energy  Conserved En.    Temperature
   -1.16482e+06    1.91582e+05   -9.73233e+05   -9.72784e+05    3.01038e+02
 Pres. DC (bar) Pressure (bar)   Constr. rmsd
   -2.20985e+02    6.31863e+01    3.18724e-06

           Step           Time
          20000       40.00000

   Energies (kJ/mol)
           Bond          Angle    Proper Dih. Ryckaert-Bell.          LJ-14
    2.82173e+03    7.44290e+03    4.39020e+02    3.93418e+03    4.83868e+03
     Coulomb-14        LJ (SR)  Disper. corr.   Coulomb (SR)   Coul. recip.
    2.58294e+04    2.13079e+05   -1.00002e+04   -1.42113e+06    6.36181e+03
      Potential    Kinetic En.   Total Energy  Conserved En.    Temperature
   -1.16638e+06    1.91785e+05   -9.74596e+05   -9.72665e+05    3.01356e+02
 Pres. DC (bar) Pressure (bar)   Constr. rmsd
   -2.21903e+02   -6.50439e+01    3.08038e-06

           Step           Time
          25000       50.00000

   Energies (kJ/mol)
           Bond          Angle    Proper Dih. Ryckaert-Bell.          LJ-14
    2.74630e+03    7.39079e+03    4.41322e+02    3.83550e+03    5.02696e+03
     Coulomb-14        LJ (SR)  Disper. corr.   Coulomb (SR)   Coul. recip.
    2.59341e+04    2.14841e+05   -9.98528e+03   -1.42108e+06    6.35102e+03
      Potential    Kinetic En.   Total Energy  Conserved En.    Temperature
   -1.16450e+06    1.90359e+05   -9.74141e+05   -9.72530e+05    2.99116e+02
 Pres. DC (bar) Pressure (bar)   Constr. rmsd
   -2.21243e+02    2.21993e+02    3.25586e-06

Writing checkpoint, step 26800 at Tue Mar  3 17:01:21 2026


           Step           Time
          30000       60.00000

   Energies (kJ/mol)
           Bond          Angle    Proper Dih. Ryckaert-Bell.          LJ-14
    2.61043e+03    7.47720e+03    3.99067e+02    3.93079e+03    4.86539e+03
     Coulomb-14        LJ (SR)  Disper. corr.   Coulomb (SR)   Coul. recip.
    2.57590e+04    2.11674e+05   -9.95972e+03   -1.41636e+06    6.14886e+03
      Potential    Kinetic En.   Total Energy  Conserved En.    Temperature
   -1.16345e+06    1.91010e+05   -9.72443e+05   -9.72420e+05    3.00139e+02
 Pres. DC (bar) Pressure (bar)   Constr. rmsd
   -2.20113e+02   -2.40562e+01    3.21742e-06

           Step           Time
          35000       70.00000

   Energies (kJ/mol)
           Bond          Angle    Proper Dih. Ryckaert-Bell.          LJ-14
    2.75968e+03    7.32958e+03    4.34815e+02    3.92837e+03    4.89235e+03
     Coulomb-14        LJ (SR)  Disper. corr.   Coulomb (SR)   Coul. recip.
    2.58070e+04    2.14492e+05   -9.98315e+03   -1.42046e+06    6.33823e+03
      Potential    Kinetic En.   Total Energy  Conserved En.    Temperature
   -1.16446e+06    1.91518e+05   -9.72941e+05   -9.72301e+05    3.00937e+02
 Pres. DC (bar) Pressure (bar)   Constr. rmsd
   -2.21148e+02    1.95536e+02    3.15677e-06

           Step           Time
          40000       80.00000

   Energies (kJ/mol)
           Bond          Angle    Proper Dih. Ryckaert-Bell.          LJ-14
    2.73314e+03    7.35997e+03    4.48472e+02    3.84712e+03    4.87647e+03
     Coulomb-14        LJ (SR)  Disper. corr.   Coulomb (SR)   Coul. recip.
    2.56283e+04    2.10318e+05   -9.96413e+03   -1.41529e+06    6.41489e+03
      Potential    Kinetic En.   Total Energy  Conserved En.    Temperature
   -1.16363e+06    1.90971e+05   -9.72659e+05   -9.72210e+05    3.00077e+02
 Pres. DC (bar) Pressure (bar)   Constr. rmsd
   -2.20307e+02   -1.89273e+02    3.17661e-06

           Step           Time
          45000       90.00000

   Energies (kJ/mol)
           Bond          Angle    Proper Dih. Ryckaert-Bell.          LJ-14
    2.74329e+03    7.29521e+03    4.36618e+02    4.04881e+03    4.91669e+03
     Coulomb-14        LJ (SR)  Disper. corr.   Coulomb (SR)   Coul. recip.
    2.59568e+04    2.11218e+05   -9.97788e+03   -1.41600e+06    6.47161e+03
      Potential    Kinetic En.   Total Energy  Conserved En.    Temperature
   -1.16289e+06    1.91072e+05   -9.71819e+05   -9.72083e+05    3.00237e+02
 Pres. DC (bar) Pressure (bar)   Constr. rmsd
   -2.20915e+02   -7.15556e+01    3.23283e-06

           Step           Time
          50000      100.00000

   Energies (kJ/mol)
           Bond          Angle    Proper Dih. Ryckaert-Bell.          LJ-14
    2.86359e+03    7.46024e+03    4.23014e+02    3.91677e+03    4.79482e+03
     Coulomb-14        LJ (SR)  Disper. corr.   Coulomb (SR)   Coul. recip.
    2.57378e+04    2.15021e+05   -9.97487e+03   -1.42051e+06    6.32482e+03
      Potential    Kinetic En.   Total Energy  Conserved En.    Temperature
   -1.16394e+06    1.89946e+05   -9.73998e+05   -9.71938e+05    2.98467e+02
 Pres. DC (bar) Pressure (bar)   Constr. rmsd
   -2.20782e+02    7.30582e+01    3.11208e-06

Writing checkpoint, step 54050 at Tue Mar  3 17:16:23 2026


           Step           Time
          55000      110.00000

   Energies (kJ/mol)
           Bond          Angle    Proper Dih. Ryckaert-Bell.          LJ-14
    2.74374e+03    7.30294e+03    4.25801e+02    3.89268e+03    4.85311e+03
     Coulomb-14        LJ (SR)  Disper. corr.   Coulomb (SR)   Coul. recip.
    2.58030e+04    2.13239e+05   -9.95229e+03   -1.41793e+06    6.45580e+03
      Potential    Kinetic En.   Total Energy  Conserved En.    Temperature
   -1.16317e+06    1.89879e+05   -9.73292e+05   -9.71831e+05    2.98361e+02
 Pres. DC (bar) Pressure (bar)   Constr. rmsd
   -2.19785e+02    1.94575e+01    3.18988e-06

           Step           Time
          60000      120.00000

   Energies (kJ/mol)
           Bond          Angle    Proper Dih. Ryckaert-Bell.          LJ-14
    2.75003e+03    7.14601e+03    4.21642e+02    3.80951e+03    4.77987e+03
     Coulomb-14        LJ (SR)  Disper. corr.   Coulomb (SR)   Coul. recip.
    2.57531e+04    2.11258e+05   -9.97325e+03   -1.41759e+06    6.37978e+03
      Potential    Kinetic En.   Total Energy  Conserved En.    Temperature
   -1.16526e+06    1.89701e+05   -9.75563e+05   -9.71754e+05    2.98081e+02
 Pres. DC (bar) Pressure (bar)   Constr. rmsd
   -2.20710e+02   -7.27675e+01    3.16249e-06

           Step           Time
          65000      130.00000

   Energies (kJ/mol)
           Bond          Angle    Proper Dih. Ryckaert-Bell.          LJ-14
    2.78303e+03    7.37393e+03    4.46004e+02    3.84436e+03    4.91650e+03
     Coulomb-14        LJ (SR)  Disper. corr.   Coulomb (SR)   Coul. recip.
    2.59239e+04    2.12137e+05   -9.97792e+03   -1.41892e+06    6.22446e+03
      Potential    Kinetic En.   Total Energy  Conserved En.    Temperature
   -1.16524e+06    1.90950e+05   -9.74294e+05   -9.71603e+05    3.00045e+02
 Pres. DC (bar) Pressure (bar)   Constr. rmsd
   -2.20917e+02   -7.54853e+00    3.42955e-06

           Step           Time
          70000      140.00000

   Energies (kJ/mol)
           Bond          Angle    Proper Dih. Ryckaert-Bell.          LJ-14
    2.87755e+03    7.51224e+03    4.00204e+02    3.96422e+03    4.87029e+03
     Coulomb-14        LJ (SR)  Disper. corr.   Coulomb (SR)   Coul. recip.
    2.56928e+04    2.11864e+05   -9.97575e+03   -1.41673e+06    6.56023e+03
      Potential    Kinetic En.   Total Energy  Conserved En.    Temperature
   -1.16296e+06    1.91351e+05   -9.71612e+05   -9.71516e+05    3.00675e+02
 Pres. DC (bar) Pressure (bar)   Constr. rmsd
   -2.20821e+02   -3.75144e+01    3.23115e-06

           Step           Time
          75000      150.00000

   Energies (kJ/mol)
           Bond          Angle    Proper Dih. Ryckaert-Bell.          LJ-14
    2.85347e+03    7.32366e+03    4.20885e+02    3.94117e+03    4.92172e+03
     Coulomb-14        LJ (SR)  Disper. corr.   Coulomb (SR)   Coul. recip.
    2.58901e+04    2.12739e+05   -9.97921e+03   -1.41783e+06    6.56778e+03
      Potential    Kinetic En.   Total Energy  Conserved En.    Temperature
   -1.16315e+06    1.90856e+05   -9.72297e+05   -9.71355e+05    2.99897e+02
 Pres. DC (bar) Pressure (bar)   Constr. rmsd
   -2.20974e+02    1.17350e+02    3.58823e-06

           Step           Time
          80000      160.00000

   Energies (kJ/mol)
           Bond          Angle    Proper Dih. Ryckaert-Bell.          LJ-14
    2.70134e+03    7.41046e+03    4.38204e+02    3.88320e+03    4.97700e+03
     Coulomb-14        LJ (SR)  Disper. corr.   Coulomb (SR)   Coul. recip.
    2.58840e+04    2.13161e+05   -9.98277e+03   -1.42035e+06    6.38470e+03
      Potential    Kinetic En.   Total Energy  Conserved En.    Temperature
   -1.16550e+06    1.90452e+05   -9.75044e+05   -9.71271e+05    2.99261e+02
 Pres. DC (bar) Pressure (bar)   Constr. rmsd
   -2.21132e+02    7.88853e+01    3.08185e-06

Writing checkpoint, step 83500 at Tue Mar  3 17:31:22 2026


           Step           Time
          85000      170.00000

   Energies (kJ/mol)
           Bond          Angle    Proper Dih. Ryckaert-Bell.          LJ-14
    2.63031e+03    7.47536e+03    3.97603e+02    3.88794e+03    4.90420e+03
     Coulomb-14        LJ (SR)  Disper. corr.   Coulomb (SR)   Coul. recip.
    2.58513e+04    2.14868e+05   -1.00127e+04   -1.42143e+06    6.38765e+03
      Potential    Kinetic En.   Total Energy  Conserved En.    Temperature
   -1.16505e+06    1.90739e+05   -9.74306e+05   -9.71177e+05    2.99713e+02
 Pres. DC (bar) Pressure (bar)   Constr. rmsd
   -2.22459e+02    2.66028e+02    3.25683e-06

           Step           Time
          90000      180.00000

   Energies (kJ/mol)
           Bond          Angle    Proper Dih. Ryckaert-Bell.          LJ-14
    2.57394e+03    7.40695e+03    4.45557e+02    4.06664e+03    4.89749e+03
     Coulomb-14        LJ (SR)  Disper. corr.   Coulomb (SR)   Coul. recip.
    2.58550e+04    2.12828e+05   -9.95801e+03   -1.41901e+06    6.40004e+03
      Potential    Kinetic En.   Total Energy  Conserved En.    Temperature
   -1.16449e+06    1.90580e+05   -9.73911e+05   -9.71040e+05    2.99463e+02
 Pres. DC (bar) Pressure (bar)   Constr. rmsd
   -2.20037e+02   -1.47802e+01    3.10542e-06

           Step           Time
          95000      190.00000

   Energies (kJ/mol)
           Bond          Angle    Proper Dih. Ryckaert-Bell.          LJ-14
    2.67695e+03    7.14586e+03    4.33047e+02    3.79580e+03    4.91426e+03
     Coulomb-14        LJ (SR)  Disper. corr.   Coulomb (SR)   Coul. recip.
    2.57687e+04    2.12803e+05   -1.00010e+04   -1.41917e+06    6.55367e+03
      Potential    Kinetic En.   Total Energy  Conserved En.    Temperature
   -1.16508e+06    1.89421e+05   -9.75661e+05   -9.70910e+05    2.97642e+02
 Pres. DC (bar) Pressure (bar)   Constr. rmsd
   -2.21939e+02    1.01948e+02    3.18652e-06

           Step           Time
         100000      200.00000

   Energies (kJ/mol)
           Bond          Angle    Proper Dih. Ryckaert-Bell.          LJ-14
    2.66831e+03    7.47409e+03    4.73138e+02    3.95454e+03    4.90406e+03
     Coulomb-14        LJ (SR)  Disper. corr.   Coulomb (SR)   Coul. recip.
    2.56722e+04    2.13745e+05   -9.98711e+03   -1.42112e+06    6.41528e+03
      Potential    Kinetic En.   Total Energy  Conserved En.    Temperature
   -1.16580e+06    1.90758e+05   -9.75045e+05   -9.70783e+05    2.99743e+02
 Pres. DC (bar) Pressure (bar)   Constr. rmsd
   -2.21323e+02    1.40962e+02    3.22912e-06

           Step           Time
         105000      210.00000

   Energies (kJ/mol)
           Bond          Angle    Proper Dih. Ryckaert-Bell.          LJ-14
    2.70083e+03    7.14843e+03    4.33974e+02    3.92603e+03    4.91235e+03
     Coulomb-14        LJ (SR)  Disper. corr.   Coulomb (SR)   Coul. recip.
    2.58152e+04    2.13777e+05   -9.98749e+03   -1.42081e+06    6.34013e+03
      Potential    Kinetic En.   Total Energy  Conserved En.    Temperature
   -1.16574e+06    1.90896e+05   -9.74846e+05   -9.70698e+05    2.99960e+02
 Pres. DC (bar) Pressure (bar)   Constr. rmsd
   -2.21340e+02    1.23546e+02    3.22001e-06

           Step           Time
         110000      220.00000

   Energies (kJ/mol)
           Bond          Angle    Proper Dih. Ryckaert-Bell.          LJ-14
    2.56296e+03    7.48990e+03    4.03637e+02    3.77628e+03    4.90460e+03
     Coulomb-14        LJ (SR)  Disper. corr.   Coulomb (SR)   Coul. recip.
    2.58022e+04    2.13201e+05   -9.98527e+03   -1.41912e+06    6.37583e+03
      Potential    Kinetic En.   Total Energy  Conserved En.    Temperature
   -1.16458e+06    1.91778e+05   -9.72807e+05   -9.70560e+05    3.01345e+02
 Pres. DC (bar) Pressure (bar)   Constr. rmsd
   -2.21242e+02    7.45219e+01    3.60555e-06

Writing checkpoint, step 113450 at Tue Mar  3 17:46:22 2026


           Step           Time
         115000      230.00000

   Energies (kJ/mol)
           Bond          Angle    Proper Dih. Ryckaert-Bell.          LJ-14
    2.86359e+03    7.26447e+03    4.52576e+02    3.86212e+03    4.70423e+03
     Coulomb-14        LJ (SR)  Disper. corr.   Coulomb (SR)   Coul. recip.
    2.57658e+04    2.13799e+05   -9.99378e+03   -1.42134e+06    6.39450e+03
      Potential    Kinetic En.   Total Energy  Conserved En.    Temperature
   -1.16623e+06    1.90284e+05   -9.75945e+05   -9.70451e+05    2.98997e+02
 Pres. DC (bar) Pressure (bar)   Constr. rmsd
   -2.21619e+02    4.05224e+01    3.28864e-06

           Step           Time
         120000      240.00000

   Energies (kJ/mol)
           Bond          Angle    Proper Dih. Ryckaert-Bell.          LJ-14
    2.70471e+03    7.27835e+03    4.59605e+02    3.77377e+03    4.89257e+03
     Coulomb-14        LJ (SR)  Disper. corr.   Coulomb (SR)   Coul. recip.
    2.57861e+04    2.13540e+05   -9.99380e+03   -1.42285e+06    6.30946e+03
      Potential    Kinetic En.   Total Energy  Conserved En.    Temperature
   -1.16810e+06    1.89906e+05   -9.78197e+05   -9.70332e+05    2.98404e+02
 Pres. DC (bar) Pressure (bar)   Constr. rmsd
   -2.21620e+02    3.48373e+01    3.09256e-06

           Step           Time
         125000      250.00000

   Energies (kJ/mol)
           Bond          Angle    Proper Dih. Ryckaert-Bell.          LJ-14
    2.78004e+03    7.42690e+03    4.72300e+02    3.72318e+03    4.78792e+03
     Coulomb-14        LJ (SR)  Disper. corr.   Coulomb (SR)   Coul. recip.
    2.59162e+04    2.13856e+05   -9.97162e+03   -1.42174e+06    6.22361e+03
      Potential    Kinetic En.   Total Energy  Conserved En.    Temperature
   -1.16652e+06    1.91332e+05   -9.75190e+05   -9.70216e+05    3.00645e+02
 Pres. DC (bar) Pressure (bar)   Constr. rmsd
   -2.20638e+02    1.54270e+01    3.23883e-06

           Step           Time
         130000      260.00000

   Energies (kJ/mol)
           Bond          Angle    Proper Dih. Ryckaert-Bell.          LJ-14
    2.63038e+03    7.56040e+03    4.16952e+02    3.75768e+03    4.81695e+03
     Coulomb-14        LJ (SR)  Disper. corr.   Coulomb (SR)   Coul. recip.
    2.58031e+04    2.12051e+05   -9.95934e+03   -1.41723e+06    6.43243e+03
      Potential    Kinetic En.   Total Energy  Conserved En.    Temperature
   -1.16372e+06    1.90821e+05   -9.72896e+05   -9.70129e+05    2.99842e+02
 Pres. DC (bar) Pressure (bar)   Constr. rmsd
   -2.20096e+02   -1.48729e+01    3.27151e-06

           Step           Time
         135000      270.00000

   Energies (kJ/mol)
           Bond          Angle    Proper Dih. Ryckaert-Bell.          LJ-14
    2.83596e+03    7.49191e+03    4.05823e+02    3.68441e+03    4.84446e+03
     Coulomb-14        LJ (SR)  Disper. corr.   Coulomb (SR)   Coul. recip.
    2.56638e+04    2.13260e+05   -9.99743e+03   -1.41983e+06    6.37998e+03
      Potential    Kinetic En.   Total Energy  Conserved En.    Temperature
   -1.16526e+06    1.91626e+05   -9.73631e+05   -9.69987e+05    3.01106e+02
 Pres. DC (bar) Pressure (bar)   Constr. rmsd
   -2.21781e+02    6.52818e+01    3.29505e-06

           Step           Time
         140000      280.00000

   Energies (kJ/mol)
           Bond          Angle    Proper Dih. Ryckaert-Bell.          LJ-14
    2.56999e+03    7.51545e+03    4.87390e+02    3.79234e+03    5.01130e+03
     Coulomb-14        LJ (SR)  Disper. corr.   Coulomb (SR)   Coul. recip.
    2.59949e+04    2.11209e+05   -9.99818e+03   -1.41781e+06    6.47549e+03
      Potential    Kinetic En.   Total Energy  Conserved En.    Temperature
   -1.16476e+06    1.90851e+05   -9.73906e+05   -9.69850e+05    2.99890e+02
 Pres. DC (bar) Pressure (bar)   Constr. rmsd
   -2.21814e+02    3.12681e+00    3.43544e-06

Writing checkpoint, step 143950 at Tue Mar  3 18:01:22 2026


           Step           Time
         145000      290.00000

   Energies (kJ/mol)
           Bond          Angle    Proper Dih. Ryckaert-Bell.          LJ-14
    2.53949e+03    7.55698e+03    4.53300e+02    3.75263e+03    4.98218e+03
     Coulomb-14        LJ (SR)  Disper. corr.   Coulomb (SR)   Coul. recip.
    2.59729e+04    2.10979e+05   -9.98289e+03   -1.41769e+06    6.39593e+03
      Potential    Kinetic En.   Total Energy  Conserved En.    Temperature
   -1.16504e+06    1.91161e+05   -9.73877e+05   -9.69751e+05    3.00376e+02
 Pres. DC (bar) Pressure (bar)   Constr. rmsd
   -2.21137e+02   -2.46605e+01    3.10904e-06

           Step           Time
         150000      300.00000

   Energies (kJ/mol)
           Bond          Angle    Proper Dih. Ryckaert-Bell.          LJ-14
    2.67307e+03    7.60615e+03    3.81360e+02    3.70926e+03    4.91494e+03
     Coulomb-14        LJ (SR)  Disper. corr.   Coulomb (SR)   Coul. recip.
    2.57783e+04    2.13098e+05   -1.00020e+04   -1.42041e+06    6.39416e+03
      Potential    Kinetic En.   Total Energy  Conserved En.    Temperature
   -1.16586e+06    1.91892e+05   -9.73964e+05   -9.69622e+05    3.01524e+02
 Pres. DC (bar) Pressure (bar)   Constr. rmsd
   -2.21984e+02    9.38484e+01    3.05370e-06

           Step           Time
         155000      310.00000

   Energies (kJ/mol)
           Bond          Angle    Proper Dih. Ryckaert-Bell.          LJ-14
    2.62576e+03    7.60215e+03    4.10413e+02    3.86144e+03    4.85521e+03
     Coulomb-14        LJ (SR)  Disper. corr.   Coulomb (SR)   Coul. recip.
    2.59703e+04    2.13262e+05   -9.96073e+03   -1.41990e+06    6.40032e+03
      Potential    Kinetic En.   Total Energy  Conserved En.    Temperature
   -1.16488e+06    1.90870e+05   -9.74005e+05   -9.69489e+05    2.99919e+02
 Pres. DC (bar) Pressure (bar)   Constr. rmsd
   -2.20157e+02   -1.02541e+01    3.28480e-06

           Step           Time
         160000      320.00000

   Energies (kJ/mol)
           Bond          Angle    Proper Dih. Ryckaert-Bell.          LJ-14
    2.52304e+03    7.29172e+03    4.27578e+02    3.77772e+03    4.97000e+03
     Coulomb-14        LJ (SR)  Disper. corr.   Coulomb (SR)   Coul. recip.
    2.59181e+04    2.12924e+05   -9.99753e+03   -1.42054e+06    6.36689e+03
      Potential    Kinetic En.   Total Energy  Conserved En.    Temperature
   -1.16634e+06    1.89788e+05   -9.76552e+05   -9.69395e+05    2.98219e+02
 Pres. DC (bar) Pressure (bar)   Constr. rmsd
   -2.21785e+02    4.38419e+01    3.21562e-06

           Step           Time
         165000      330.00000

   Energies (kJ/mol)
           Bond          Angle    Proper Dih. Ryckaert-Bell.          LJ-14
    2.68173e+03    7.44679e+03    4.28796e+02    3.64218e+03    4.84713e+03
     Coulomb-14        LJ (SR)  Disper. corr.   Coulomb (SR)   Coul. recip.
    2.58296e+04    2.14467e+05   -9.99518e+03   -1.42194e+06    6.35458e+03
      Potential    Kinetic En.   Total Energy  Conserved En.    Temperature
   -1.16623e+06    1.90606e+05   -9.75628e+05   -9.69282e+05    2.99504e+02
 Pres. DC (bar) Pressure (bar)   Constr. rmsd
   -2.21681e+02    1.63621e+02    3.42922e-06

           Step           Time
         170000      340.00000

   Energies (kJ/mol)
           Bond          Angle    Proper Dih. Ryckaert-Bell.          LJ-14
    2.71200e+03    7.18785e+03    4.37760e+02    3.69192e+03    4.87159e+03
     Coulomb-14        LJ (SR)  Disper. corr.   Coulomb (SR)   Coul. recip.
    2.58638e+04    2.12579e+05   -9.98332e+03   -1.42088e+06    6.16137e+03
      Potential    Kinetic En.   Total Energy  Conserved En.    Temperature
   -1.16736e+06    1.90012e+05   -9.77348e+05   -9.69185e+05    2.98570e+02
 Pres. DC (bar) Pressure (bar)   Constr. rmsd
   -2.21156e+02   -2.81288e+01    3.25319e-06

           Step           Time
         175000      350.00000

   Energies (kJ/mol)
           Bond          Angle    Proper Dih. Ryckaert-Bell.          LJ-14
    2.82779e+03    7.41769e+03    4.79249e+02    3.75321e+03    4.85494e+03
     Coulomb-14        LJ (SR)  Disper. corr.   Coulomb (SR)   Coul. recip.
    2.59110e+04    2.12233e+05   -9.97972e+03   -1.41695e+06    6.32214e+03
      Potential    Kinetic En.   Total Energy  Conserved En.    Temperature
   -1.16314e+06    1.92462e+05   -9.70673e+05   -9.69060e+05    3.02421e+02
 Pres. DC (bar) Pressure (bar)   Constr. rmsd
   -2.20996e+02   -1.90245e+01    3.29856e-06

Writing checkpoint, step 176150 at Tue Mar  3 18:16:22 2026


           Step           Time
         180000      360.00000

   Energies (kJ/mol)
           Bond          Angle    Proper Dih. Ryckaert-Bell.          LJ-14
    2.85818e+03    7.25180e+03    4.11331e+02    3.74758e+03    4.79828e+03
     Coulomb-14        LJ (SR)  Disper. corr.   Coulomb (SR)   Coul. recip.
    2.58171e+04    2.13716e+05   -9.97190e+03   -1.42080e+06    6.37815e+03
      Potential    Kinetic En.   Total Energy  Conserved En.    Temperature
   -1.16579e+06    1.90573e+05   -9.75216e+05   -9.68941e+05    2.99452e+02
 Pres. DC (bar) Pressure (bar)   Constr. rmsd
   -2.20651e+02   -2.51070e+01    3.09922e-06

           Step           Time
         185000      370.00000

   Energies (kJ/mol)
           Bond          Angle    Proper Dih. Ryckaert-Bell.          LJ-14
    2.57777e+03    7.36689e+03    4.18392e+02    3.75315e+03    5.05012e+03
     Coulomb-14        LJ (SR)  Disper. corr.   Coulomb (SR)   Coul. recip.
    2.60331e+04    2.11156e+05   -9.97322e+03   -1.41708e+06    6.42774e+03
      Potential    Kinetic En.   Total Energy  Conserved En.    Temperature
   -1.16427e+06    1.90811e+05   -9.73463e+05   -9.68834e+05    2.99825e+02
 Pres. DC (bar) Pressure (bar)   Constr. rmsd
   -2.20709e+02    4.78339e+01    3.35825e-06

           Step           Time
         190000      380.00000

   Energies (kJ/mol)
           Bond          Angle    Proper Dih. Ryckaert-Bell.          LJ-14
    2.77350e+03    7.50527e+03    3.93809e+02    3.75807e+03    4.85296e+03
     Coulomb-14        LJ (SR)  Disper. corr.   Coulomb (SR)   Coul. recip.
    2.58361e+04    2.11667e+05   -9.94407e+03   -1.41680e+06    6.39938e+03
      Potential    Kinetic En.   Total Energy  Conserved En.    Temperature
   -1.16356e+06    1.89523e+05   -9.74032e+05   -9.68695e+05    2.97802e+02
 Pres. DC (bar) Pressure (bar)   Constr. rmsd
   -2.19422e+02   -1.04203e+02    3.40283e-06

           Step           Time
         195000      390.00000

   Energies (kJ/mol)
           Bond          Angle    Proper Dih. Ryckaert-Bell.          LJ-14
    2.57937e+03    7.41708e+03    3.72911e+02    3.78703e+03    4.95006e+03
     Coulomb-14        LJ (SR)  Disper. corr.   Coulomb (SR)   Coul. recip.
    2.60649e+04    2.12728e+05   -9.96705e+03   -1.42035e+06    6.35218e+03
      Potential    Kinetic En.   Total Energy  Conserved En.    Temperature
   -1.16607e+06    1.89626e+05   -9.76440e+05   -9.68573e+05    2.97964e+02
 Pres. DC (bar) Pressure (bar)   Constr. rmsd
   -2.20436e+02   -6.15191e+01    3.15905e-06

           Step           Time
         200000      400.00000

   Energies (kJ/mol)
           Bond          Angle    Proper Dih. Ryckaert-Bell.          LJ-14
    2.64764e+03    7.41164e+03    4.87839e+02    3.78331e+03    4.84721e+03
     Coulomb-14        LJ (SR)  Disper. corr.   Coulomb (SR)   Coul. recip.
    2.58775e+04    2.12635e+05   -9.95595e+03   -1.41893e+06    6.32026e+03
      Potential    Kinetic En.   Total Energy  Conserved En.    Temperature
   -1.16487e+06    1.91585e+05   -9.73287e+05   -9.68495e+05    3.01042e+02
 Pres. DC (bar) Pressure (bar)   Constr. rmsd
   -2.19946e+02   -2.41988e+01    3.23840e-06

           Step           Time
         205000      410.00000

   Energies (kJ/mol)
           Bond          Angle    Proper Dih. Ryckaert-Bell.          LJ-14
    2.79632e+03    7.42941e+03    4.63302e+02    3.77088e+03    4.93770e+03
     Coulomb-14        LJ (SR)  Disper. corr.   Coulomb (SR)   Coul. recip.
    2.57656e+04    2.12809e+05   -9.96867e+03   -1.41800e+06    6.43635e+03
      Potential    Kinetic En.   Total Energy  Conserved En.    Temperature
   -1.16356e+06    1.90205e+05   -9.73359e+05   -9.68330e+05    2.98874e+02
 Pres. DC (bar) Pressure (bar)   Constr. rmsd
   -2.20508e+02    8.41127e+01    3.28455e-06

Writing checkpoint, step 207600 at Tue Mar  3 18:31:23 2026


           Step           Time
         210000      420.00000

   Energies (kJ/mol)
           Bond          Angle    Proper Dih. Ryckaert-Bell.          LJ-14
    2.81736e+03    7.40144e+03    4.29740e+02    3.82428e+03    4.92162e+03
     Coulomb-14        LJ (SR)  Disper. corr.   Coulomb (SR)   Coul. recip.
    2.56849e+04    2.12605e+05   -9.97552e+03   -1.41782e+06    6.45965e+03
      Potential    Kinetic En.   Total Energy  Conserved En.    Temperature
   -1.16365e+06    1.91289e+05   -9.72366e+05   -9.68246e+05    3.00577e+02
 Pres. DC (bar) Pressure (bar)   Constr. rmsd
   -2.20810e+02    2.40658e+01    3.23818e-06

           Step           Time
         215000      430.00000

   Energies (kJ/mol)
           Bond          Angle    Proper Dih. Ryckaert-Bell.          LJ-14
    2.66983e+03    7.27920e+03    4.02117e+02    3.71202e+03    4.94400e+03
     Coulomb-14        LJ (SR)  Disper. corr.   Coulomb (SR)   Coul. recip.
    2.58969e+04    2.13066e+05   -9.97779e+03   -1.41947e+06    6.49775e+03
      Potential    Kinetic En.   Total Energy  Conserved En.    Temperature
   -1.16498e+06    1.91296e+05   -9.73684e+05   -9.68170e+05    3.00588e+02
 Pres. DC (bar) Pressure (bar)   Constr. rmsd
   -2.20911e+02    7.92588e+01    3.32738e-06

           Step           Time
         220000      440.00000

   Energies (kJ/mol)
           Bond          Angle    Proper Dih. Ryckaert-Bell.          LJ-14
    2.66499e+03    7.53364e+03    4.62757e+02    3.81898e+03    4.90159e+03
     Coulomb-14        LJ (SR)  Disper. corr.   Coulomb (SR)   Coul. recip.
    2.59234e+04    2.12222e+05   -9.96252e+03   -1.41705e+06    6.49134e+03
      Potential    Kinetic En.   Total Energy  Conserved En.    Temperature
   -1.16299e+06    1.90362e+05   -9.72633e+05   -9.68033e+05    2.99121e+02
 Pres. DC (bar) Pressure (bar)   Constr. rmsd
   -2.20236e+02   -8.84314e+00    3.24551e-06

           Step           Time
         225000      450.00000

   Energies (kJ/mol)
           Bond          Angle    Proper Dih. Ryckaert-Bell.          LJ-14
    2.64337e+03    7.38675e+03    4.09639e+02    3.71963e+03    4.75961e+03
     Coulomb-14        LJ (SR)  Disper. corr.   Coulomb (SR)   Coul. recip.
    2.58409e+04    2.12496e+05   -9.94486e+03   -1.42060e+06    6.28286e+03
      Potential    Kinetic En.   Total Energy  Conserved En.    Temperature
   -1.16701e+06    1.89128e+05   -9.77881e+05   -9.67890e+05    2.97182e+02
 Pres. DC (bar) Pressure (bar)   Constr. rmsd
   -2.19457e+02   -1.53412e+02    3.21794e-06

           Step           Time
         230000      460.00000

   Energies (kJ/mol)
           Bond          Angle    Proper Dih. Ryckaert-Bell.          LJ-14
    2.69475e+03    7.43885e+03    4.13569e+02    3.69739e+03    4.76554e+03
     Coulomb-14        LJ (SR)  Disper. corr.   Coulomb (SR)   Coul. recip.
    2.58813e+04    2.12009e+05   -9.99635e+03   -1.41795e+06    6.36326e+03
      Potential    Kinetic En.   Total Energy  Conserved En.    Temperature
   -1.16469e+06    1.90500e+05   -9.74188e+05   -9.67780e+05    2.99337e+02
 Pres. DC (bar) Pressure (bar)   Constr. rmsd
   -2.21733e+02    8.40037e+00    3.18609e-06

           Step           Time
         235000      470.00000

   Energies (kJ/mol)
           Bond          Angle    Proper Dih. Ryckaert-Bell.          LJ-14
    2.62177e+03    7.46683e+03    3.96140e+02    3.68223e+03    4.97764e+03
     Coulomb-14        LJ (SR)  Disper. corr.   Coulomb (SR)   Coul. recip.
    2.58844e+04    2.11676e+05   -9.97670e+03   -1.41804e+06    6.33280e+03
      Potential    Kinetic En.   Total Energy  Conserved En.    Temperature
   -1.16498e+06    1.90398e+05   -9.74581e+05   -9.67653e+05    2.99178e+02
 Pres. DC (bar) Pressure (bar)   Constr. rmsd
   -2.20863e+02    2.11598e+01    3.13573e-06

Writing checkpoint, step 236900 at Tue Mar  3 18:46:22 2026


           Step           Time
         240000      480.00000

   Energies (kJ/mol)
           Bond          Angle    Proper Dih. Ryckaert-Bell.          LJ-14
    2.62673e+03    7.53074e+03    4.29966e+02    3.74287e+03    4.91087e+03
     Coulomb-14        LJ (SR)  Disper. corr.   Coulomb (SR)   Coul. recip.
    2.59516e+04    2.11513e+05   -9.98945e+03   -1.41818e+06    6.29285e+03
      Potential    Kinetic En.   Total Energy  Conserved En.    Temperature
   -1.16517e+06    1.91662e+05   -9.73512e+05   -9.67554e+05    3.01163e+02
 Pres. DC (bar) Pressure (bar)   Constr. rmsd
   -2.21427e+02   -3.63046e+01    3.30315e-06

           Step           Time
         245000      490.00000

   Energies (kJ/mol)
           Bond          Angle    Proper Dih. Ryckaert-Bell.          LJ-14
    2.63372e+03    7.66344e+03    4.11361e+02    3.70913e+03    4.85137e+03
     Coulomb-14        LJ (SR)  Disper. corr.   Coulomb (SR)   Coul. recip.
    2.59090e+04    2.12082e+05   -9.96818e+03   -1.41806e+06    6.37852e+03
      Potential    Kinetic En.   Total Energy  Conserved En.    Temperature
   -1.16439e+06    1.90786e+05   -9.73606e+05   -9.67430e+05    2.99786e+02
 Pres. DC (bar) Pressure (bar)   Constr. rmsd
   -2.20486e+02   -2.05207e+01    3.59271e-06

           Step           Time
         250000      500.00000

Writing checkpoint, step 250000 at Tue Mar  3 18:52:55 2026


   Energies (kJ/mol)
           Bond          Angle    Proper Dih. Ryckaert-Bell.          LJ-14
    2.71788e+03    7.50538e+03    4.29521e+02    3.63739e+03    4.93832e+03
     Coulomb-14        LJ (SR)  Disper. corr.   Coulomb (SR)   Coul. recip.
    2.58140e+04    2.12904e+05   -9.96104e+03   -1.41829e+06    6.33833e+03
      Potential    Kinetic En.   Total Energy  Conserved En.    Temperature
   -1.16397e+06    1.90069e+05   -9.73899e+05   -9.67288e+05    2.98661e+02
 Pres. DC (bar) Pressure (bar)   Constr. rmsd
   -2.20171e+02    3.46653e+01    3.51507e-06


Energy conservation over simulation part #1 of length 500 ps, time 0 to 500 ps
  Conserved energy drift: 1.55e-04 kJ/mol/ps per atom


	<======  ###############  ==>
	<====  A V E R A G E S  ====>
	<==  ###############  ======>

	Statistics over 250001 steps using 2501 frames

   Energies (kJ/mol)
           Bond          Angle    Proper Dih. Ryckaert-Bell.          LJ-14
    2.70051e+03    7.40053e+03    4.29347e+02    3.80419e+03    4.89778e+03
     Coulomb-14        LJ (SR)  Disper. corr.   Coulomb (SR)   Coul. recip.
    2.58480e+04    2.12520e+05   -9.97696e+03   -1.41893e+06    6.36657e+03
      Potential    Kinetic En.   Total Energy  Conserved En.    Temperature
   -1.16494e+06    1.90918e+05   -9.74026e+05   -9.70222e+05    2.99995e+02
 Pres. DC (bar) Pressure (bar)   Constr. rmsd
   -2.20875e+02    1.83945e-01    0.00000e+00

          Box-X          Box-Y          Box-Z
    9.08948e+00    9.08948e+00    9.08948e+00

   Total Virial (kJ/mol)
    6.36894e+04    5.63184e+01    3.91243e+01
    5.65399e+01    6.35944e+04   -1.10996e+02
    3.93431e+01   -1.10885e+02    6.36261e+04

   Pressure (bar)
   -1.07632e+00   -1.32840e+00    1.00690e+00
   -1.33820e+00    1.79345e+00    1.89141e+00
    9.97219e-01    1.88650e+00   -1.65296e-01

      T-Protein  T-non-Protein
    3.00002e+02    2.99994e+02


       P P   -   P M E   L O A D   B A L A N C I N G

 PP/PME load balancing changed the cut-off and PME settings:
           particle-particle                    PME
            rcoulomb  rlist            grid      spacing   1/beta
   initial  1.000 nm  1.000 nm      60  60  60   0.151 nm  0.320 nm
   final    1.000 nm  1.000 nm      60  60  60   0.151 nm  0.320 nm
 cost-ratio           1.00             1.00
 (note that these numbers concern only part of the total PP and PME load)


	M E G A - F L O P S   A C C O U N T I N G

 NB=Group-cutoff nonbonded kernels    NxN=N-by-N cluster Verlet kernels
 RF=Reaction-Field  VdW=Van der Waals  QSTab=quadratic-spline table
 W3=SPC/TIP3p  W4=TIP4p (single or pairs)
 V&F=Potential and force  V=Potential only  F=Force only

 Computing:                               M-Number         M-Flops  % Flops
-----------------------------------------------------------------------------
 Pair Search distance check          173964.722162     1565682.499     0.2
 NxN Ewald Elec. + LJ [F]           5817067.310224   383926442.475    51.3
 NxN Ewald Elec. + LJ [V&F]           58781.479728     6289618.331     0.8
 NxN Ewald Elec. [F]                5249024.535952   320190496.693    42.7
 NxN Ewald Elec. [V&F]                53042.258960     4455549.753     0.6
 1,4 nonbonded interactions            2447.509790      220275.881     0.0
 Calc Weights                         56718.226872     2041856.167     0.3
 Spread Q Bspline                   1209988.839936     2419977.680     0.3
 Gather F Bspline                   1209988.839936     7259933.040     1.0
 3D-FFT                             1913840.155330    15310721.243     2.0
 Solve PME                            27900.111600     1785607.142     0.2
 Reset In Box                           378.120000        1134.360     0.0
 CG-CoM                                 378.195624        1134.587     0.0
 Bonds                                  466.501866       27523.610     0.0
 Angles                                1698.756795      285391.142     0.0
 Propers                                176.250705       40361.411     0.0
 RB-Dihedrals                          1907.257629      471092.634     0.1
 Virial                                3783.525669       68103.462     0.0
 Stop-CM                                189.135624        1891.356     0.0
 Calc-Ekin                             7562.551248      204188.884     0.0
 Lincs                                  470.251881       28215.113     0.0
 Lincs-Mat                             2649.010596       10596.042     0.0
 Constraint-V                         18916.575666      170249.181     0.0
 Constraint-Vir                        3689.323785       88543.771     0.0
 Settle                                5992.023968     2217048.868     0.3
-----------------------------------------------------------------------------
 Total                                               749081635.325   100.0
-----------------------------------------------------------------------------


    D O M A I N   D E C O M P O S I T I O N   S T A T I S T I C S

 av. #atoms communicated per step for force:  2 x 0.0


      R E A L   C Y C L E   A N D   T I M E   A C C O U N T I N G

On 1 MPI rank

 Activity:              Num   Num      Call    Wall time         Giga-Cycles
                        Ranks Threads  Count      (s)         total sum    %
--------------------------------------------------------------------------------
 Domain decomp.            1    1       5000      35.417        134.384   0.5
 Neighbor search           1    1       5001     312.655       1186.307   4.1
 Force                     1    1     250001    6156.168      23358.322  81.1
 PME mesh                  1    1     250001     916.793       3478.585  12.1
 NB X/F buffer ops.        1    1     500002      33.797        128.235   0.4
 Write traj.               1    1         59       0.522          1.981   0.0
 Update                    1    1     250001      18.570         70.461   0.2
 Constraints               1    1     250001      82.346        312.444   1.1
 Kinetic energy            1    1     100001      21.873         82.994   0.3
 Rest                                             16.056         60.922   0.2
--------------------------------------------------------------------------------
 Total                                          7594.198      28814.634 100.0
--------------------------------------------------------------------------------
 Breakdown of PME mesh activities
--------------------------------------------------------------------------------
 PME spread                1    1     250001     411.545       1561.522   5.4
 PME gather                1    1     250001     259.854        985.963   3.4
 PME 3D-FFT                1    1     500002     205.383        779.283   2.7
 PME solve Elec            1    1     250001      39.700        150.633   0.5
--------------------------------------------------------------------------------

               Core t (s)   Wall t (s)        (%)
       Time:     7594.197     7594.198      100.0
                         2h06:34
                 (ns/day)    (hour/ns)    (ms/step)  (Matom*steps/s) 
Performance:        5.689        4.219       30.377            2.490 
Finished mdrun on rank 0 Tue Mar  3 18:52:55 2026

