                :-) GROMACS - gmx mdrun, 2026.0-conda_forge (-:

Copyright 1991-2026 The GROMACS Authors.
GROMACS is free software; you can redistribute it and/or modify it
under the terms of the GNU Lesser General Public License
as published by the Free Software Foundation; either version 2.1
of the License, or (at your option) any later version.

                         Current GROMACS contributors:
       Mark Abraham           Andrey Alekseenko           Brian Andrews       
        Paul Bauer              Cathrine Bergh              Hugh Bird         
      Eliane Briand               Ania Brown                Yiqi Chen         
      Mahesh Doijade            Giacomo Fiorin          Stefan Fleischmann    
      Sergey Gorelov         Gilles Gouaillardet            Alan Gray         
   Farzaneh Jalalypour         Petter Johansson          Carsten Kutzner      
    Grzegorz Łazarski         Justin A. Lemkul          Magnus Lundborg      
        Julio Maia               Pascal Merz             Vedran Miletić      
      Dmitry Morozov           Lukas Müllender           Szilárd Páll      
 Andrea Pasquadibisceglie     Michele Pellegrino         Nicola Piasentin     
     Daniele Rapetti         Muhammad Umair Sadiq         Hubert Santuz       
      Michael Shirts           Tatiana Shugaeva          Alexey Shvetsov      
     Bálint Soproni            Philip Turner            Alessandra Villa     
        Yang Zhang        

                         Previous GROMACS contributors:
        Emile Apol             Rossen Apostolov           James Barnett       
      Vladimir Basov        Herman J.C. Berendsen          Par Bjelkmar       
      Christian Blau          Viacheslav Bolnykh            Kevin Boyd        
    Aldert van Buuren          Carlo Camilloni           Rudi van Drunen      
      Anton Feenstra           Oliver Fleetwood            Vytas Gapsys       
       Gaurav Garg             Gerrit Groenhof            Bert de Groot       
      Anca Hamuraru           Vincent Hindriksen          Victor Holanda      
     M. Eric Irrgang           Aleksei Iupinov              Joe Jordan        
    Christoph Junghans        Prashanth Kanduri        Dimitrios Karkoulis    
       Peter Kasson             Sebastian Kehl           Sebastian Keller     
        Jiri Kraus               Per Larsson              Viveca Lindahl      
      Erik Marklund           Pieter Meulenhoff           Teemu Murtola       
       Julien Nabet              Sander Pronk             Roland Schulz       
      Alfons Sijbers         David van der Spoel          Peter Tieleman      
      Carsten Uphoff             Jon Vincent             Teemu Virolainen     
    Christian Wennberg     Sebastian Wingbermühle         Maarten Wolf       
      Artem Zhmurov       

                  Coordinated by the GROMACS project leaders:
                           Berk Hess and Erik Lindahl

GROMACS:      gmx mdrun, version 2026.0-conda_forge
Executable:   /opt/conda/envs/bioinformatics/bin.AVX2_256/gmx
Data prefix:  /opt/conda/envs/bioinformatics
Working dir:  /home/xze439/HW2/assignment2 kopie/part1
Process ID:   3086164
Command line:
  gmx mdrun -nt 1 -deffnm nvt -v

GROMACS version:     2026.0-conda_forge
Precision:           mixed
Memory model:        64 bit
MPI library:         thread_mpi
MPI version:         built in
OpenMP support:      enabled (GMX_OPENMP_MAX_THREADS = 128)
GPU support:         OpenCL
NBNxM GPU setup:     super-cluster 2x2x2 / cluster 8 (cluster-pair splitting on)
SIMD instructions:   AVX2_256
CPU FFT library:     fftw-3.3.10-sse2-avx
GPU FFT library:     clFFT
Multi-GPU FFT:       none
RDTSCP:              disabled
TNG support:         enabled
Hwloc support:       disabled
Tracing support:     disabled
Colvars support:     enabled (version 2025-10-13)
CP2K support:        disabled
Torch support:       disabled
Plumed support:      enabled
C compiler:          /home/conda/feedstock_root/build_artifacts/gromacs_1770909732141/_build_env/bin/x86_64-conda-linux-gnu-cc GNU 14.3.0
C compiler flags:    -fexcess-precision=fast -funroll-all-loops -mavx2 -mfma -Wno-missing-field-initializers -O3 -DNDEBUG
C++ compiler:        /home/conda/feedstock_root/build_artifacts/gromacs_1770909732141/_build_env/bin/x86_64-conda-linux-gnu-c++ GNU 14.3.0
C++ compiler flags:  -fexcess-precision=fast -funroll-all-loops -mavx2 -mfma -Wno-missing-field-initializers -Wno-stringop-truncation -Wno-cast-function-type-strict SHELL:-fopenmp -O3 -DNDEBUG
BLAS library:        Internal
LAPACK library:      Internal
OpenCL include dir:  /opt/conda/envs/bioinformatics/include
OpenCL library:      /opt/conda/envs/bioinformatics/lib/libOpenCL.so
OpenCL version:      3.0


Running on 1 node with total 64 cores, 128 processing units (GPU detection deactivated)
Hardware detected on host pcoms008a.vu.nl:
  CPU info:
    Vendor: AMD
    Brand:  AMD EPYC 9375F 32-Core Processor               
    Family: 26   Model: 2   Stepping: 1
    Features: aes amd apic avx avx2 avx512f avx512cd avx512bw avx512vl avx512bf16 avx512secondFMA clfsh cmov cx8 cx16 f16c fma htt lahf misalignsse mmx msr nonstop_tsc pcid pclmuldq pdpe1gb popcnt pse rdrnd rdtscp sha sse2 sse3 sse4a sse4.1 sse4.2 ssse3
  Hardware topology: Basic
    Packages, cores, and logical processors:
    [indices refer to OS logical processors]
      Package  0: [   0  64] [   1  65] [   2  66] [   3  67] [   4  68] [   5  69] [   6  70] [   7  71] [   8  72] [   9  73] [  10  74] [  11  75] [  12  76] [  13  77] [  14  78] [  15  79] [  16  80] [  17  81] [  18  82] [  19  83] [  20  84] [  21  85] [  22  86] [  23  87] [  24  88] [  25  89] [  26  90] [  27  91] [  28  92] [  29  93] [  30  94] [  31  95] [  32  96] [  33  97] [  34  98] [  35  99] [  36 100] [  37 101] [  38 102] [  39 103] [  40 104] [  41 105] [  42 106] [  43 107] [  44 108] [  45 109] [  46 110] [  47 111] [  48 112] [  49 113] [  50 114] [  51 115] [  52 116] [  53 117] [  54 118] [  55 119] [  56 120] [  57 121] [  58 122] [  59 123] [  60 124] [  61 125] [  62 126] [  63 127]
    CPU limit set by OS: -1   Recommended max number of threads: 128

Likely fastest SIMD instructions supported by all nodes: AVX_512
SIMD instructions selected at compile time:              AVX2_256
On non-Intel hardware supporting AVX-512, you might gain a few percent
performance by recompiling to use it, at least for CPU-only runs.

The current CPU can measure timings more accurately than the code in
gmx mdrun was configured to use. This might affect your simulation
speed as accurate timings are needed for load-balancing.
Please consider rebuilding gmx mdrun with the GMX_USE_RDTSCP=ON CMake option.

++++ PLEASE READ AND CITE THE FOLLOWING REFERENCE ++++
M. J. Abraham, T. Murtola, R. Schulz, S. Páll, J. C. Smith, B. Hess, E.
Lindahl
GROMACS: High performance molecular simulations through multi-level
parallelism from laptops to supercomputers
SoftwareX (2015)
https://doi.org/10.1016/j.softx.2015.06.001
-------- -------- --- Thank You --- -------- --------


++++ PLEASE READ AND CITE THE FOLLOWING REFERENCE ++++
S. Páll, M. J. Abraham, C. Kutzner, B. Hess, E. Lindahl
Tackling Exascale Software Challenges in Molecular Dynamics Simulations with
GROMACS
In S. Markidis & E. Laure (Eds.), Solving Software Challenges for Exascale (2015)
https://doi.org/10.1007/978-3-319-15976-8_1
-------- -------- --- Thank You --- -------- --------


++++ PLEASE READ AND CITE THE FOLLOWING REFERENCE ++++
S. Pronk, S. Páll, R. Schulz, P. Larsson, P. Bjelkmar, R. Apostolov, M. R.
Shirts, J. C. Smith, P. M. Kasson, D. van der Spoel, B. Hess, E. Lindahl
GROMACS 4.5: a high-throughput and highly parallel open source molecular
simulation toolkit
Bioinformatics (2013)
https://doi.org/10.1093/bioinformatics/btt055
-------- -------- --- Thank You --- -------- --------


++++ PLEASE READ AND CITE THE FOLLOWING REFERENCE ++++
B. Hess, C. Kutzner, D. van der Spoel, E. Lindahl
GROMACS 4: Algorithms for highly efficient, load-balanced, and scalable
molecular simulation
J. Chem. Theory Comput. (2008)
https://doi.org/10.1021/ct700301q
-------- -------- --- Thank You --- -------- --------


++++ PLEASE READ AND CITE THE FOLLOWING REFERENCE ++++
D. van der Spoel, E. Lindahl, B. Hess, G. Groenhof, A. E. Mark, H. J. C.
Berendsen
GROMACS: Fast, Flexible and Free
J. Comp. Chem. (2005)
https://doi.org/10.1002/jcc.20291
-------- -------- --- Thank You --- -------- --------


++++ PLEASE READ AND CITE THE FOLLOWING REFERENCE ++++
E. Lindahl, B. Hess, D. van der Spoel
GROMACS 3.0: A package for molecular simulation and trajectory analysis
J. Mol. Mod. (2001)
https://doi.org/10.1007/s008940100045
-------- -------- --- Thank You --- -------- --------


++++ PLEASE READ AND CITE THE FOLLOWING REFERENCE ++++
H. J. C. Berendsen, D. van der Spoel and R. van Drunen
GROMACS: A message-passing parallel molecular dynamics implementation
Comp. Phys. Comm. (1995)
https://doi.org/10.1016/0010-4655(95)00042-E
-------- -------- --- Thank You --- -------- --------

Input Parameters:
   integrator                     = md
   tinit                          = 0
   dt                             = 0.002
   nsteps                         = 50000
   init-step                      = 0
   simulation-part                = 1
   mts                            = false
   mass-repartition-factor        = 1
   comm-mode                      = Linear
   nstcomm                        = 100
   bd-fric                        = 0
   ld-seed                        = -545292393
   emtol                          = 10
   emstep                         = 0.01
   niter                          = 20
   fcstep                         = 0
   nstcgsteep                     = 1000
   nbfgscorr                      = 10
   rtpi                           = 0.05
   nstxout                        = 500
   nstvout                        = 500
   nstfout                        = 0
   nstlog                         = 500
   nstcalcenergy                  = 100
   nstenergy                      = 500
   nstxout-compressed             = 0
   compressed-x-precision         = 1000
   cutoff-scheme                  = Verlet
   nstlist                        = 10
   pbc                            = xyz
   periodic-molecules             = false
   verlet-buffer-tolerance        = 0.005
   verlet-buffer-pressure-tolerance = 0.5
   rlist                          = 1
   coulombtype                    = PME
   coulomb-modifier               = Potential-shift
   rcoulomb-switch                = 0
   rcoulomb                       = 1
   epsilon-r                      = 1
   epsilon-rf                     = inf
   vdw-type                       = Cut-off
   vdw-modifier                   = Potential-shift
   rvdw-switch                    = 0
   rvdw                           = 1
   DispCorr                       = EnerPres
   table-extension                = 1
   fourierspacing                 = 0.16
   fourier-nx                     = 60
   fourier-ny                     = 60
   fourier-nz                     = 60
   pme-order                      = 4
   ewald-rtol                     = 1e-05
   ewald-rtol-lj                  = 0.001
   lj-pme-comb-rule               = Geometric
   ewald-geometry                 = 3d
   epsilon-surface                = 0
   ensemble-temperature-setting   = constant
   ensemble-temperature           = 300
   tcoupl                         = V-rescale
   nsttcouple                     = 10
   nh-chain-length                = 0
   print-nose-hoover-chain-variables = false
   pcoupl                         = No
   refcoord-scaling               = No
   posres-com: not available
   posres-comB: not available
   QMMM                           = false
qm-opts:
   ngQM                           = 0
   constraint-algorithm           = Lincs
   continuation                   = false
   Shake-SOR                      = false
   shake-tol                      = 0.0001
   lincs-order                    = 4
   lincs-iter                     = 1
   lincs-warnangle                = 30
   nwall                          = 0
   wall-type                      = 9-3
   wall-r-linpot                  = -1
   wall-atomtype[0]               = -1
   wall-atomtype[1]               = -1
   wall-density[0]                = 0
   wall-density[1]                = 0
   wall-ewald-zfac                = 3
   pull                           = false
   awh                            = false
   rotation                       = false
   interactiveMD                  = false
   disre                          = No
   disre-weighting                = Conservative
   disre-mixed                    = false
   dr-fc                          = 1000
   dr-tau                         = 0
   nstdisreout                    = 100
   orire-fc                       = 0
   orire-tau                      = 0
   nstorireout                    = 100
   free-energy                    = no
   cos-acceleration               = 0
   deform (3x3):
      deform[    0]={ 0.00000e+00,  0.00000e+00,  0.00000e+00}
      deform[    1]={ 0.00000e+00,  0.00000e+00,  0.00000e+00}
      deform[    2]={ 0.00000e+00,  0.00000e+00,  0.00000e+00}
   simulated-tempering            = false
   swapcoords                     = no
   userint1                       = 0
   userint2                       = 0
   userint3                       = 0
   userint4                       = 0
   userreal1                      = 0
   userreal2                      = 0
   userreal3                      = 0
   userreal4                      = 0
   applied-forces:
     electric-field:
       x:
         E0                       = 0
         omega                    = 0
         t0                       = 0
         sigma                    = 0
       y:
         E0                       = 0
         omega                    = 0
         t0                       = 0
         sigma                    = 0
       z:
         E0                       = 0
         omega                    = 0
         t0                       = 0
         sigma                    = 0
     density-guided-simulation:
       active                     = false
       group                      = protein
       similarity-measure         = inner-product
       atom-spreading-weight      = unity
       force-constant             = 1e+09
       gaussian-transform-spreading-width = 0.2
       gaussian-transform-spreading-range-in-multiples-of-width = 4
       reference-density-filename = reference.mrc
       nst                        = 1
       normalize-densities        = true
       adaptive-force-scaling     = false
       adaptive-force-scaling-time-constant = 4
       shift-vector               = 
       transformation-matrix      = 
     qmmm-cp2k:
       active                     = false
       qmgroup                    = System
       qmmethod                   = PBE
       qmfilenames                = 
       qmcharge                   = 0
       qmmultiplicity             = 1
     colvars:
       active                     = false
       configfile                 = 
       seed                       = -1
     nnpot:
       active                     = false
       modelfile                  = model.pt
       input-group                = System
       link-type                  = H
       link-distance              = 0.1
       pair-cutoff                = 0
       embedding                  = mechanical
       nnp-charge                 = 0
       model-input1               = 
       model-input2               = 
       model-input3               = 
       model-input4               = 
       model-input5               = 
       model-input6               = 
       model-input7               = 
       model-input8               = 
       model-input9               = 
   fast-multipole-method:
     fmm:
       backend                    = inactive
       exafmm-order               = 6
       exafmm-direct-range        = 2
       exafmm-direct-provider     = GROMACS
       exafmm-tree-type           = uniform
       exafmm-tree-depth          = 0
       exafmm-max-particles-per-cell = 0
       fmsolvr-order              = 8
       fmsolvr-direct-range       = 1
       fmsolvr-direct-provider    = FMM
       fmsolvr-dipole-compensation = true
       fmsolvr-tree-depth         = 3
       fmsolvr-sparse             = false
grpopts:
   nrdf:     9275.82      143808
   ref-t:         300         300
   tau-t:         0.1         0.1
annealing:          No          No
annealing-npoints:           0           0
   acc:	           0           0           0
   nfreeze:           N           N           N
   energygrp-flags[  0]: 0

Changing nstlist from 10 to 50, rlist from 1 to 1.116


Initializing Domain Decomposition on 1 ranks
Dynamic load balancing: auto
Using update groups, nr 25807, average size 2.9 atoms, max. radius 0.103 nm
Minimum cell size due to atom displacement: 0.404 nm
Initial maximum distances in bonded interactions:
    two-body bonded interactions: 0.422 nm, LJ-14, atoms 3015 3023
  multi-body bonded interactions: 0.422 nm, Ryckaert-Bell., atoms 3015 3023
Minimum cell size due to bonded interactions: 0.464 nm
Using 0 separate PME ranks because: there are too few total ranks for efficient splitting
Optimizing the DD grid for 1 cells with a minimum initial size of 0.464 nm
The maximum allowed number of cells is: X 19 Y 19 Z 19
Domain decomposition grid 1 x 1 x 1, separate PME ranks 0
PME domain decomposition: 1 x 1 x 1

The initial number of communication pulses is:
The initial domain decomposition cell size is:

The maximum allowed distance for atom groups involved in interactions is:
                 non-bonded interactions           1.323 nm
            two-body bonded interactions  (-rdd)   1.323 nm
          multi-body bonded interactions  (-rdd)   1.323 nm

When dynamic load balancing gets turned on, these settings will change to:
The maximum number of communication pulses is:
The minimum size for domain decomposition cells is 1.323 nm
The requested allowed shrink of DD cells (option -dds) is: 0.80
The allowed shrink of domain decomposition cells is:
The maximum allowed distance for atom groups involved in interactions is:
                 non-bonded interactions           1.323 nm
            two-body bonded interactions  (-rdd)   1.323 nm
          multi-body bonded interactions  (-rdd)   1.323 nm

Local state does not use filler particles

Using 1 MPI thread
Using 1 OpenMP thread 

System total charge: -0.000
Will do PME sum in reciprocal space for electrostatic interactions.

++++ PLEASE READ AND CITE THE FOLLOWING REFERENCE ++++
U. Essmann, L. Perera, M. L. Berkowitz, T. Darden, H. Lee, L. G. Pedersen 
A smooth particle mesh Ewald method
J. Chem. Phys. (1995)
https://doi.org/10.1063/1.470117
-------- -------- --- Thank You --- -------- --------

Using a Gaussian width (1/beta) of 0.320163 nm for Ewald
Potential shift: LJ r^-12: -1.000e+00 r^-6: -1.000e+00, Ewald -1.000e-05
Initialized non-bonded Coulomb Ewald tables, spacing: 9.33e-04 size: 1073

Generated table with 1058 data points for 1-4 COUL.
Tabscale = 500 points/nm
Generated table with 1058 data points for 1-4 LJ6.
Tabscale = 500 points/nm
Generated table with 1058 data points for 1-4 LJ12.
Tabscale = 500 points/nm
Long Range LJ corr.: <C6> 3.1313e-04


Using SIMD4xM 4x8 nonbonded short-range kernels

Using a dual 4x8 pair-list setup updated with dynamic pruning:
  outer list: updated every 50 steps, buffer 0.116 nm, rlist 1.116 nm
  inner list: updated every 10 steps, buffer 0.000 nm, rlist 1.000 nm
At tolerance 0.005 kJ/mol/ps per atom, equivalent classical 1x1 list would be:
  outer list: updated every 50 steps, buffer 0.245 nm, rlist 1.245 nm
  inner list: updated every 10 steps, buffer 0.035 nm, rlist 1.035 nm

The average pressure is off by at most 0.41 bar due to missing LJ interactions

Using Geometric Lennard-Jones combination rule
Removing pbc first time

Linking all bonded interactions to atoms


NOTE: Thread affinity was not set.

Initializing LINear Constraint Solver

++++ PLEASE READ AND CITE THE FOLLOWING REFERENCE ++++
B. Hess, H. Bekker, H. J. C. Berendsen, J. G. E. M. Fraaije
LINCS: A Linear Constraint Solver for molecular simulations
J. Comp. Chem. (1997)
https://doi.org/10.1002/(sici)1096-987x(199709)18:12<1463::aid-jcc4>3.0.co;2-h
-------- -------- --- Thank You --- -------- --------

The number of constraints is 1881

++++ PLEASE READ AND CITE THE FOLLOWING REFERENCE ++++
S. Miyamoto, P. A. Kollman
SETTLE: An Analytical Version of the SHAKE and RATTLE Algorithms for Rigid
Water Models
J. Comp. Chem. (1992)
https://doi.org/10.1002/jcc.540130805
-------- -------- --- Thank You --- -------- --------


++++ PLEASE READ AND CITE THE FOLLOWING REFERENCE ++++
G. Bussi, D. Donadio, M. Parrinello
Canonical sampling through velocity rescaling
J. Chem. Phys. (2007)
https://doi.org/10.1063/1.2408420
-------- -------- --- Thank You --- -------- --------

There are: 75624 Atoms

Atom distribution over 1 domains: av 75624 stddev 0 min 75624 max 75624

Constraining the starting coordinates (step 0)

Constraining the coordinates at t0-dt (step 0)
Center of mass motion removal mode is Linear
We have the following groups for center of mass motion removal:
  0:  rest
RMS relative constraint deviation after constraining: 3.10e-06
Initial temperature: 301.341 K

Started mdrun on rank 0 Tue Mar  3 15:02:58 2026

           Step           Time
              0        0.00000

   Energies (kJ/mol)
           Bond          Angle    Proper Dih. Ryckaert-Bell.          LJ-14
    4.46559e+02    1.88575e+03    1.21729e+02    3.43077e+03    4.54664e+03
     Coulomb-14        LJ (SR)  Disper. corr.   Coulomb (SR)   Coul. recip.
    2.58037e+04    2.11078e+05   -9.63917e+03   -1.57766e+06    5.05840e+03
 Position Rest.      Potential    Kinetic En.   Total Energy  Conserved En.
    1.92554e-03   -1.33493e+06    1.91796e+05   -1.14313e+06   -1.14313e+06
    Temperature Pres. DC (bar) Pressure (bar)   Constr. rmsd
    3.01374e+02   -2.06189e+02   -5.45017e+03    3.12576e-06

           Step           Time
            500        1.00000

   Energies (kJ/mol)
           Bond          Angle    Proper Dih. Ryckaert-Bell.          LJ-14
    2.61021e+03    6.99662e+03    4.52038e+02    4.27814e+03    5.03300e+03
     Coulomb-14        LJ (SR)  Disper. corr.   Coulomb (SR)   Coul. recip.
    2.57379e+04    2.07045e+05   -9.63917e+03   -1.40191e+06    6.83312e+03
 Position Rest.      Potential    Kinetic En.   Total Energy  Conserved En.
    1.06637e+03   -1.15149e+06    1.90465e+05   -9.61029e+05   -1.14131e+06
    Temperature Pres. DC (bar) Pressure (bar)   Constr. rmsd
    2.99283e+02   -2.06189e+02   -7.17463e+02    3.21914e-06

           Step           Time
           1000        2.00000

   Energies (kJ/mol)
           Bond          Angle    Proper Dih. Ryckaert-Bell.          LJ-14
    2.73224e+03    7.36873e+03    5.08761e+02    4.27023e+03    4.88517e+03
     Coulomb-14        LJ (SR)  Disper. corr.   Coulomb (SR)   Coul. recip.
    2.57344e+04    2.05165e+05   -9.63917e+03   -1.39961e+06    6.67222e+03
 Position Rest.      Potential    Kinetic En.   Total Energy  Conserved En.
    1.07246e+03   -1.15084e+06    1.90928e+05   -9.59914e+05   -1.14128e+06
    Temperature Pres. DC (bar) Pressure (bar)   Constr. rmsd
    3.00010e+02   -2.06189e+02   -8.53832e+02    2.97588e-06

           Step           Time
           1500        3.00000

   Energies (kJ/mol)
           Bond          Angle    Proper Dih. Ryckaert-Bell.          LJ-14
    2.63115e+03    7.03476e+03    4.29954e+02    4.19357e+03    5.05256e+03
     Coulomb-14        LJ (SR)  Disper. corr.   Coulomb (SR)   Coul. recip.
    2.58360e+04    2.05582e+05   -9.63917e+03   -1.40395e+06    6.81449e+03
 Position Rest.      Potential    Kinetic En.   Total Energy  Conserved En.
    9.37809e+02   -1.15508e+06    1.90795e+05   -9.64284e+05   -1.14127e+06
    Temperature Pres. DC (bar) Pressure (bar)   Constr. rmsd
    2.99801e+02   -2.06189e+02   -6.10876e+02    2.90751e-06

           Step           Time
           2000        4.00000

   Energies (kJ/mol)
           Bond          Angle    Proper Dih. Ryckaert-Bell.          LJ-14
    2.62143e+03    7.07473e+03    4.42439e+02    4.20728e+03    4.93003e+03
     Coulomb-14        LJ (SR)  Disper. corr.   Coulomb (SR)   Coul. recip.
    2.57512e+04    2.08044e+05   -9.63917e+03   -1.40707e+06    6.58879e+03
 Position Rest.      Potential    Kinetic En.   Total Energy  Conserved En.
    9.36850e+02   -1.15612e+06    1.91022e+05   -9.65095e+05   -1.14124e+06
    Temperature Pres. DC (bar) Pressure (bar)   Constr. rmsd
    3.00158e+02   -2.06189e+02   -6.90441e+02    3.06589e-06

           Step           Time
           2500        5.00000

   Energies (kJ/mol)
           Bond          Angle    Proper Dih. Ryckaert-Bell.          LJ-14
    2.51395e+03    7.34246e+03    3.87220e+02    4.16470e+03    5.08316e+03
     Coulomb-14        LJ (SR)  Disper. corr.   Coulomb (SR)   Coul. recip.
    2.57738e+04    2.07087e+05   -9.63917e+03   -1.40526e+06    6.63245e+03
 Position Rest.      Potential    Kinetic En.   Total Energy  Conserved En.
    1.01063e+03   -1.15490e+06    1.91462e+05   -9.63437e+05   -1.14126e+06
    Temperature Pres. DC (bar) Pressure (bar)   Constr. rmsd
    3.00850e+02   -2.06189e+02   -4.65959e+02    3.43531e-06

           Step           Time
           3000        6.00000

   Energies (kJ/mol)
           Bond          Angle    Proper Dih. Ryckaert-Bell.          LJ-14
    2.59510e+03    7.35923e+03    4.06991e+02    4.06535e+03    4.91461e+03
     Coulomb-14        LJ (SR)  Disper. corr.   Coulomb (SR)   Coul. recip.
    2.57637e+04    2.08746e+05   -9.63917e+03   -1.40965e+06    6.48355e+03
 Position Rest.      Potential    Kinetic En.   Total Energy  Conserved En.
    9.48543e+02   -1.15801e+06    1.91152e+05   -9.66857e+05   -1.14122e+06
    Temperature Pres. DC (bar) Pressure (bar)   Constr. rmsd
    3.00363e+02   -2.06189e+02   -6.46641e+02    3.29328e-06

           Step           Time
           3500        7.00000

   Energies (kJ/mol)
           Bond          Angle    Proper Dih. Ryckaert-Bell.          LJ-14
    2.70829e+03    7.31485e+03    4.00530e+02    4.09707e+03    4.86802e+03
     Coulomb-14        LJ (SR)  Disper. corr.   Coulomb (SR)   Coul. recip.
    2.56495e+04    2.08241e+05   -9.63917e+03   -1.40980e+06    6.61813e+03
 Position Rest.      Potential    Kinetic En.   Total Energy  Conserved En.
    9.19765e+02   -1.15862e+06    1.90801e+05   -9.67822e+05   -1.14120e+06
    Temperature Pres. DC (bar) Pressure (bar)   Constr. rmsd
    2.99810e+02   -2.06189e+02   -6.39729e+02    3.05499e-06

           Step           Time
           4000        8.00000

   Energies (kJ/mol)
           Bond          Angle    Proper Dih. Ryckaert-Bell.          LJ-14
    2.64709e+03    7.39161e+03    4.04285e+02    4.16053e+03    4.98134e+03
     Coulomb-14        LJ (SR)  Disper. corr.   Coulomb (SR)   Coul. recip.
    2.58625e+04    2.08922e+05   -9.63917e+03   -1.41058e+06    6.60304e+03
 Position Rest.      Potential    Kinetic En.   Total Energy  Conserved En.
    9.81290e+02   -1.15826e+06    1.92648e+05   -9.65614e+05   -1.14120e+06
    Temperature Pres. DC (bar) Pressure (bar)   Constr. rmsd
    3.02712e+02   -2.06189e+02   -5.43362e+02    3.25622e-06

           Step           Time
           4500        9.00000

   Energies (kJ/mol)
           Bond          Angle    Proper Dih. Ryckaert-Bell.          LJ-14
    2.65189e+03    7.41104e+03    4.36061e+02    4.11221e+03    4.94059e+03
     Coulomb-14        LJ (SR)  Disper. corr.   Coulomb (SR)   Coul. recip.
    2.57301e+04    2.06046e+05   -9.63917e+03   -1.40555e+06    6.65435e+03
 Position Rest.      Potential    Kinetic En.   Total Energy  Conserved En.
    9.95026e+02   -1.15622e+06    1.91470e+05   -9.64746e+05   -1.14117e+06
    Temperature Pres. DC (bar) Pressure (bar)   Constr. rmsd
    3.00862e+02   -2.06189e+02   -8.90359e+02    3.14163e-06

           Step           Time
           5000       10.00000

   Energies (kJ/mol)
           Bond          Angle    Proper Dih. Ryckaert-Bell.          LJ-14
    2.53698e+03    7.31202e+03    4.38365e+02    4.13335e+03    4.97244e+03
     Coulomb-14        LJ (SR)  Disper. corr.   Coulomb (SR)   Coul. recip.
    2.57183e+04    2.07295e+05   -9.63917e+03   -1.40783e+06    6.67997e+03
 Position Rest.      Potential    Kinetic En.   Total Energy  Conserved En.
    1.00563e+03   -1.15738e+06    1.91361e+05   -9.66015e+05   -1.14117e+06
    Temperature Pres. DC (bar) Pressure (bar)   Constr. rmsd
    3.00690e+02   -2.06189e+02   -7.20330e+02    3.29209e-06

           Step           Time
           5500       11.00000

   Energies (kJ/mol)
           Bond          Angle    Proper Dih. Ryckaert-Bell.          LJ-14
    2.70524e+03    7.38481e+03    4.18953e+02    4.10736e+03    5.04630e+03
     Coulomb-14        LJ (SR)  Disper. corr.   Coulomb (SR)   Coul. recip.
    2.59357e+04    2.08580e+05   -9.63917e+03   -1.40913e+06    6.62477e+03
 Position Rest.      Potential    Kinetic En.   Total Energy  Conserved En.
    9.07616e+02   -1.15706e+06    1.90920e+05   -9.66139e+05   -1.14114e+06
    Temperature Pres. DC (bar) Pressure (bar)   Constr. rmsd
    2.99997e+02   -2.06189e+02   -4.47875e+02    3.38996e-06

           Step           Time
           6000       12.00000

   Energies (kJ/mol)
           Bond          Angle    Proper Dih. Ryckaert-Bell.          LJ-14
    2.62575e+03    7.57676e+03    4.08184e+02    4.03745e+03    4.95957e+03
     Coulomb-14        LJ (SR)  Disper. corr.   Coulomb (SR)   Coul. recip.
    2.58821e+04    2.07479e+05   -9.63917e+03   -1.40656e+06    6.55484e+03
 Position Rest.      Potential    Kinetic En.   Total Energy  Conserved En.
    9.38500e+02   -1.15574e+06    1.91575e+05   -9.64161e+05   -1.14114e+06
    Temperature Pres. DC (bar) Pressure (bar)   Constr. rmsd
    3.01026e+02   -2.06189e+02   -7.01861e+02    3.02963e-06

           Step           Time
           6500       13.00000

   Energies (kJ/mol)
           Bond          Angle    Proper Dih. Ryckaert-Bell.          LJ-14
    2.61942e+03    7.14499e+03    4.55709e+02    4.06136e+03    5.02832e+03
     Coulomb-14        LJ (SR)  Disper. corr.   Coulomb (SR)   Coul. recip.
    2.56375e+04    2.06142e+05   -9.63917e+03   -1.40660e+06    6.59004e+03
 Position Rest.      Potential    Kinetic En.   Total Energy  Conserved En.
    9.26056e+02   -1.15764e+06    1.91459e+05   -9.66180e+05   -1.14115e+06
    Temperature Pres. DC (bar) Pressure (bar)   Constr. rmsd
    3.00845e+02   -2.06189e+02   -6.43463e+02    3.17010e-06

           Step           Time
           7000       14.00000

   Energies (kJ/mol)
           Bond          Angle    Proper Dih. Ryckaert-Bell.          LJ-14
    2.76994e+03    7.36340e+03    4.46236e+02    4.01475e+03    4.87567e+03
     Coulomb-14        LJ (SR)  Disper. corr.   Coulomb (SR)   Coul. recip.
    2.57852e+04    2.06296e+05   -9.63917e+03   -1.40690e+06    6.51056e+03
 Position Rest.      Potential    Kinetic En.   Total Energy  Conserved En.
    9.31476e+02   -1.15755e+06    1.91076e+05   -9.66472e+05   -1.14111e+06
    Temperature Pres. DC (bar) Pressure (bar)   Constr. rmsd
    3.00243e+02   -2.06189e+02   -8.82348e+02    3.25333e-06

           Step           Time
           7500       15.00000

   Energies (kJ/mol)
           Bond          Angle    Proper Dih. Ryckaert-Bell.          LJ-14
    2.79880e+03    7.17911e+03    3.70602e+02    4.06918e+03    4.95209e+03
     Coulomb-14        LJ (SR)  Disper. corr.   Coulomb (SR)   Coul. recip.
    2.58405e+04    2.04781e+05   -9.63917e+03   -1.40306e+06    6.63777e+03
 Position Rest.      Potential    Kinetic En.   Total Energy  Conserved En.
    9.86857e+02   -1.15508e+06    1.90645e+05   -9.64437e+05   -1.14111e+06
    Temperature Pres. DC (bar) Pressure (bar)   Constr. rmsd
    2.99565e+02   -2.06189e+02   -9.20361e+02    3.14313e-06

           Step           Time
           8000       16.00000

   Energies (kJ/mol)
           Bond          Angle    Proper Dih. Ryckaert-Bell.          LJ-14
    2.87014e+03    7.28607e+03    4.09174e+02    4.02868e+03    4.93797e+03
     Coulomb-14        LJ (SR)  Disper. corr.   Coulomb (SR)   Coul. recip.
    2.57067e+04    2.04987e+05   -9.63917e+03   -1.40332e+06    6.57503e+03
 Position Rest.      Potential    Kinetic En.   Total Energy  Conserved En.
    9.73999e+02   -1.15519e+06    1.91656e+05   -9.63530e+05   -1.14111e+06
    Temperature Pres. DC (bar) Pressure (bar)   Constr. rmsd
    3.01154e+02   -2.06189e+02   -9.68456e+02    3.09210e-06

           Step           Time
           8500       17.00000

   Energies (kJ/mol)
           Bond          Angle    Proper Dih. Ryckaert-Bell.          LJ-14
    2.67178e+03    7.45016e+03    4.19877e+02    3.92335e+03    4.96007e+03
     Coulomb-14        LJ (SR)  Disper. corr.   Coulomb (SR)   Coul. recip.
    2.57986e+04    2.07955e+05   -9.63917e+03   -1.40744e+06    6.60536e+03
 Position Rest.      Potential    Kinetic En.   Total Energy  Conserved En.
    9.92271e+02   -1.15630e+06    1.89695e+05   -9.66609e+05   -1.14107e+06
    Temperature Pres. DC (bar) Pressure (bar)   Constr. rmsd
    2.98073e+02   -2.06189e+02   -8.75523e+02    3.00587e-06

           Step           Time
           9000       18.00000

   Energies (kJ/mol)
           Bond          Angle    Proper Dih. Ryckaert-Bell.          LJ-14
    2.72757e+03    7.42079e+03    4.32876e+02    4.13584e+03    4.98590e+03
     Coulomb-14        LJ (SR)  Disper. corr.   Coulomb (SR)   Coul. recip.
    2.58389e+04    2.09359e+05   -9.63917e+03   -1.40989e+06    6.68914e+03
 Position Rest.      Potential    Kinetic En.   Total Energy  Conserved En.
    9.63818e+02   -1.15697e+06    1.91347e+05   -9.65624e+05   -1.14107e+06
    Temperature Pres. DC (bar) Pressure (bar)   Constr. rmsd
    3.00668e+02   -2.06189e+02   -5.72887e+02    3.11689e-06

           Step           Time
           9500       19.00000

   Energies (kJ/mol)
           Bond          Angle    Proper Dih. Ryckaert-Bell.          LJ-14
    2.60336e+03    7.18860e+03    3.88945e+02    3.98755e+03    4.91788e+03
     Coulomb-14        LJ (SR)  Disper. corr.   Coulomb (SR)   Coul. recip.
    2.57352e+04    2.07553e+05   -9.63917e+03   -1.40815e+06    6.73638e+03
 Position Rest.      Potential    Kinetic En.   Total Energy  Conserved En.
    9.14525e+02   -1.15776e+06    1.90056e+05   -9.67707e+05   -1.14108e+06
    Temperature Pres. DC (bar) Pressure (bar)   Constr. rmsd
    2.98640e+02   -2.06189e+02   -8.05071e+02    3.40229e-06

           Step           Time
          10000       20.00000

   Energies (kJ/mol)
           Bond          Angle    Proper Dih. Ryckaert-Bell.          LJ-14
    2.69097e+03    7.34126e+03    4.29506e+02    4.07013e+03    4.91921e+03
     Coulomb-14        LJ (SR)  Disper. corr.   Coulomb (SR)   Coul. recip.
    2.57701e+04    2.07756e+05   -9.63917e+03   -1.40893e+06    6.44532e+03
 Position Rest.      Potential    Kinetic En.   Total Energy  Conserved En.
    1.00739e+03   -1.15814e+06    1.91799e+05   -9.66339e+05   -1.14109e+06
    Temperature Pres. DC (bar) Pressure (bar)   Constr. rmsd
    3.01378e+02   -2.06189e+02   -7.81055e+02    3.45569e-06

           Step           Time
          10500       21.00000

   Energies (kJ/mol)
           Bond          Angle    Proper Dih. Ryckaert-Bell.          LJ-14
    2.61799e+03    7.18863e+03    4.03695e+02    4.09638e+03    4.93821e+03
     Coulomb-14        LJ (SR)  Disper. corr.   Coulomb (SR)   Coul. recip.
    2.58447e+04    2.08464e+05   -9.63917e+03   -1.40973e+06    6.59037e+03
 Position Rest.      Potential    Kinetic En.   Total Energy  Conserved En.
    9.70212e+02   -1.15825e+06    1.90375e+05   -9.67880e+05   -1.14105e+06
    Temperature Pres. DC (bar) Pressure (bar)   Constr. rmsd
    2.99141e+02   -2.06189e+02   -6.20199e+02    3.02376e-06

           Step           Time
          11000       22.00000

   Energies (kJ/mol)
           Bond          Angle    Proper Dih. Ryckaert-Bell.          LJ-14
    2.76073e+03    7.49174e+03    3.97976e+02    4.07606e+03    4.97798e+03
     Coulomb-14        LJ (SR)  Disper. corr.   Coulomb (SR)   Coul. recip.
    2.58624e+04    2.08702e+05   -9.63917e+03   -1.40818e+06    6.54831e+03
 Position Rest.      Potential    Kinetic En.   Total Energy  Conserved En.
    1.04495e+03   -1.15596e+06    1.91757e+05   -9.64204e+05   -1.14101e+06
    Temperature Pres. DC (bar) Pressure (bar)   Constr. rmsd
    3.01313e+02   -2.06189e+02   -6.52957e+02    3.19929e-06

           Step           Time
          11500       23.00000

   Energies (kJ/mol)
           Bond          Angle    Proper Dih. Ryckaert-Bell.          LJ-14
    2.62167e+03    7.26841e+03    4.62551e+02    4.14441e+03    5.07224e+03
     Coulomb-14        LJ (SR)  Disper. corr.   Coulomb (SR)   Coul. recip.
    2.57821e+04    2.05832e+05   -9.63917e+03   -1.40568e+06    6.55717e+03
 Position Rest.      Potential    Kinetic En.   Total Energy  Conserved En.
    9.52697e+02   -1.15663e+06    1.92198e+05   -9.64428e+05   -1.14104e+06
    Temperature Pres. DC (bar) Pressure (bar)   Constr. rmsd
    3.02006e+02   -2.06189e+02   -8.34855e+02    3.25502e-06

           Step           Time
          12000       24.00000

   Energies (kJ/mol)
           Bond          Angle    Proper Dih. Ryckaert-Bell.          LJ-14
    2.62550e+03    7.44407e+03    4.58676e+02    4.03538e+03    4.98983e+03
     Coulomb-14        LJ (SR)  Disper. corr.   Coulomb (SR)   Coul. recip.
    2.57497e+04    2.06335e+05   -9.63917e+03   -1.40736e+06    6.57408e+03
 Position Rest.      Potential    Kinetic En.   Total Energy  Conserved En.
    9.87781e+02   -1.15780e+06    1.90306e+05   -9.67496e+05   -1.14102e+06
    Temperature Pres. DC (bar) Pressure (bar)   Constr. rmsd
    2.99033e+02   -2.06189e+02   -7.73983e+02    2.99070e-06

           Step           Time
          12500       25.00000

   Energies (kJ/mol)
           Bond          Angle    Proper Dih. Ryckaert-Bell.          LJ-14
    2.53365e+03    7.29227e+03    4.29110e+02    4.00222e+03    4.94280e+03
     Coulomb-14        LJ (SR)  Disper. corr.   Coulomb (SR)   Coul. recip.
    2.57309e+04    2.06594e+05   -9.63917e+03   -1.40688e+06    6.80032e+03
 Position Rest.      Potential    Kinetic En.   Total Energy  Conserved En.
    9.39592e+02   -1.15725e+06    1.90973e+05   -9.66280e+05   -1.14104e+06
    Temperature Pres. DC (bar) Pressure (bar)   Constr. rmsd
    3.00081e+02   -2.06189e+02   -7.61698e+02    3.49503e-06

           Step           Time
          13000       26.00000

   Energies (kJ/mol)
           Bond          Angle    Proper Dih. Ryckaert-Bell.          LJ-14
    2.60553e+03    7.33202e+03    4.32829e+02    4.05314e+03    5.09684e+03
     Coulomb-14        LJ (SR)  Disper. corr.   Coulomb (SR)   Coul. recip.
    2.58426e+04    2.07273e+05   -9.63917e+03   -1.40656e+06    6.53846e+03
 Position Rest.      Potential    Kinetic En.   Total Energy  Conserved En.
    9.09512e+02   -1.15611e+06    1.91139e+05   -9.64974e+05   -1.14101e+06
    Temperature Pres. DC (bar) Pressure (bar)   Constr. rmsd
    3.00341e+02   -2.06189e+02   -6.02877e+02    3.55346e-06

           Step           Time
          13500       27.00000

   Energies (kJ/mol)
           Bond          Angle    Proper Dih. Ryckaert-Bell.          LJ-14
    2.59836e+03    7.25457e+03    4.06408e+02    4.10890e+03    5.05948e+03
     Coulomb-14        LJ (SR)  Disper. corr.   Coulomb (SR)   Coul. recip.
    2.59209e+04    2.05343e+05   -9.63917e+03   -1.40639e+06    6.48283e+03
 Position Rest.      Potential    Kinetic En.   Total Energy  Conserved En.
    9.97944e+02   -1.15786e+06    1.90161e+05   -9.67700e+05   -1.14101e+06
    Temperature Pres. DC (bar) Pressure (bar)   Constr. rmsd
    2.98805e+02   -2.06189e+02   -8.62530e+02    3.23227e-06

           Step           Time
          14000       28.00000

   Energies (kJ/mol)
           Bond          Angle    Proper Dih. Ryckaert-Bell.          LJ-14
    2.52383e+03    7.33135e+03    4.26935e+02    3.96868e+03    5.01696e+03
     Coulomb-14        LJ (SR)  Disper. corr.   Coulomb (SR)   Coul. recip.
    2.58165e+04    2.05484e+05   -9.63917e+03   -1.40755e+06    6.52744e+03
 Position Rest.      Potential    Kinetic En.   Total Energy  Conserved En.
    9.53966e+02   -1.15914e+06    1.90949e+05   -9.68195e+05   -1.14101e+06
    Temperature Pres. DC (bar) Pressure (bar)   Constr. rmsd
    3.00042e+02   -2.06189e+02   -7.36376e+02    3.18530e-06

           Step           Time
          14500       29.00000

   Energies (kJ/mol)
           Bond          Angle    Proper Dih. Ryckaert-Bell.          LJ-14
    2.69864e+03    7.21912e+03    4.57627e+02    4.14533e+03    4.92645e+03
     Coulomb-14        LJ (SR)  Disper. corr.   Coulomb (SR)   Coul. recip.
    2.58078e+04    2.07116e+05   -9.63917e+03   -1.41009e+06    6.63908e+03
 Position Rest.      Potential    Kinetic En.   Total Energy  Conserved En.
    9.23852e+02   -1.15980e+06    1.90860e+05   -9.68937e+05   -1.14099e+06
    Temperature Pres. DC (bar) Pressure (bar)   Constr. rmsd
    2.99903e+02   -2.06189e+02   -6.64974e+02    3.12277e-06

           Step           Time
          15000       30.00000

   Energies (kJ/mol)
           Bond          Angle    Proper Dih. Ryckaert-Bell.          LJ-14
    2.68653e+03    7.30257e+03    4.23924e+02    3.89480e+03    5.00929e+03
     Coulomb-14        LJ (SR)  Disper. corr.   Coulomb (SR)   Coul. recip.
    2.57479e+04    2.08728e+05   -9.63917e+03   -1.41152e+06    6.62161e+03
 Position Rest.      Potential    Kinetic En.   Total Energy  Conserved En.
    9.70635e+02   -1.15978e+06    1.90303e+05   -9.69472e+05   -1.14095e+06
    Temperature Pres. DC (bar) Pressure (bar)   Constr. rmsd
    2.99028e+02   -2.06189e+02   -6.55095e+02    3.28017e-06

           Step           Time
          15500       31.00000

   Energies (kJ/mol)
           Bond          Angle    Proper Dih. Ryckaert-Bell.          LJ-14
    2.66671e+03    7.04132e+03    4.66161e+02    4.04783e+03    4.99928e+03
     Coulomb-14        LJ (SR)  Disper. corr.   Coulomb (SR)   Coul. recip.
    2.57461e+04    2.08268e+05   -9.63917e+03   -1.41210e+06    6.52352e+03
 Position Rest.      Potential    Kinetic En.   Total Energy  Conserved En.
    9.96283e+02   -1.16099e+06    1.88860e+05   -9.72125e+05   -1.14095e+06
    Temperature Pres. DC (bar) Pressure (bar)   Constr. rmsd
    2.96761e+02   -2.06189e+02   -6.77430e+02    3.24881e-06

           Step           Time
          16000       32.00000

   Energies (kJ/mol)
           Bond          Angle    Proper Dih. Ryckaert-Bell.          LJ-14
    2.63253e+03    7.23876e+03    4.05141e+02    4.06204e+03    5.04634e+03
     Coulomb-14        LJ (SR)  Disper. corr.   Coulomb (SR)   Coul. recip.
    2.58443e+04    2.07764e+05   -9.63917e+03   -1.41130e+06    6.55706e+03
 Position Rest.      Potential    Kinetic En.   Total Energy  Conserved En.
    9.92364e+02   -1.16040e+06    1.90671e+05   -9.69726e+05   -1.14095e+06
    Temperature Pres. DC (bar) Pressure (bar)   Constr. rmsd
    2.99607e+02   -2.06189e+02   -6.54502e+02    3.36348e-06

           Step           Time
          16500       33.00000

   Energies (kJ/mol)
           Bond          Angle    Proper Dih. Ryckaert-Bell.          LJ-14
    2.58171e+03    7.19098e+03    4.39697e+02    4.03288e+03    5.05653e+03
     Coulomb-14        LJ (SR)  Disper. corr.   Coulomb (SR)   Coul. recip.
    2.59186e+04    2.06715e+05   -9.63917e+03   -1.40696e+06    6.60391e+03
 Position Rest.      Potential    Kinetic En.   Total Energy  Conserved En.
    9.68342e+02   -1.15709e+06    1.89524e+05   -9.67568e+05   -1.14094e+06
    Temperature Pres. DC (bar) Pressure (bar)   Constr. rmsd
    2.97804e+02   -2.06189e+02   -9.01036e+02    3.31691e-06

           Step           Time
          17000       34.00000

   Energies (kJ/mol)
           Bond          Angle    Proper Dih. Ryckaert-Bell.          LJ-14
    2.73503e+03    7.38826e+03    4.60574e+02    4.13499e+03    4.98997e+03
     Coulomb-14        LJ (SR)  Disper. corr.   Coulomb (SR)   Coul. recip.
    2.58062e+04    2.07547e+05   -9.63917e+03   -1.40926e+06    6.53201e+03
 Position Rest.      Potential    Kinetic En.   Total Energy  Conserved En.
    9.77023e+02   -1.15833e+06    1.92496e+05   -9.65836e+05   -1.14094e+06
    Temperature Pres. DC (bar) Pressure (bar)   Constr. rmsd
    3.02474e+02   -2.06189e+02   -5.56906e+02    3.33019e-06

           Step           Time
          17500       35.00000

   Energies (kJ/mol)
           Bond          Angle    Proper Dih. Ryckaert-Bell.          LJ-14
    2.75793e+03    7.21228e+03    4.59158e+02    4.09316e+03    4.97603e+03
     Coulomb-14        LJ (SR)  Disper. corr.   Coulomb (SR)   Coul. recip.
    2.57481e+04    2.07895e+05   -9.63917e+03   -1.40877e+06    6.77325e+03
 Position Rest.      Potential    Kinetic En.   Total Energy  Conserved En.
    9.82641e+02   -1.15751e+06    1.90691e+05   -9.66820e+05   -1.14093e+06
    Temperature Pres. DC (bar) Pressure (bar)   Constr. rmsd
    2.99637e+02   -2.06189e+02   -8.57365e+02    3.56593e-06

           Step           Time
          18000       36.00000

   Energies (kJ/mol)
           Bond          Angle    Proper Dih. Ryckaert-Bell.          LJ-14
    2.60645e+03    7.43831e+03    4.39291e+02    4.00597e+03    4.88756e+03
     Coulomb-14        LJ (SR)  Disper. corr.   Coulomb (SR)   Coul. recip.
    2.58320e+04    2.06639e+05   -9.63917e+03   -1.40817e+06    6.60149e+03
 Position Rest.      Potential    Kinetic En.   Total Energy  Conserved En.
    1.03241e+03   -1.15833e+06    1.90955e+05   -9.67374e+05   -1.14093e+06
    Temperature Pres. DC (bar) Pressure (bar)   Constr. rmsd
    3.00052e+02   -2.06189e+02   -9.11689e+02    3.23907e-06

           Step           Time
          18500       37.00000

   Energies (kJ/mol)
           Bond          Angle    Proper Dih. Ryckaert-Bell.          LJ-14
    2.72284e+03    7.24918e+03    3.83418e+02    3.95310e+03    4.97479e+03
     Coulomb-14        LJ (SR)  Disper. corr.   Coulomb (SR)   Coul. recip.
    2.58061e+04    2.07601e+05   -9.63917e+03   -1.40906e+06    6.53968e+03
 Position Rest.      Potential    Kinetic En.   Total Energy  Conserved En.
    1.06791e+03   -1.15840e+06    1.91290e+05   -9.67113e+05   -1.14093e+06
    Temperature Pres. DC (bar) Pressure (bar)   Constr. rmsd
    3.00579e+02   -2.06189e+02   -5.63611e+02    3.03007e-06

           Step           Time
          19000       38.00000

   Energies (kJ/mol)
           Bond          Angle    Proper Dih. Ryckaert-Bell.          LJ-14
    2.66206e+03    7.40652e+03    3.76480e+02    3.92133e+03    4.93192e+03
     Coulomb-14        LJ (SR)  Disper. corr.   Coulomb (SR)   Coul. recip.
    2.57956e+04    2.09350e+05   -9.63917e+03   -1.41121e+06    6.55243e+03
 Position Rest.      Potential    Kinetic En.   Total Energy  Conserved En.
    1.02166e+03   -1.15884e+06    1.90203e+05   -9.68633e+05   -1.14090e+06
    Temperature Pres. DC (bar) Pressure (bar)   Constr. rmsd
    2.98870e+02   -2.06189e+02   -6.58929e+02    3.11465e-06

           Step           Time
          19500       39.00000

   Energies (kJ/mol)
           Bond          Angle    Proper Dih. Ryckaert-Bell.          LJ-14
    2.79006e+03    7.29487e+03    4.13986e+02    4.04491e+03    5.06814e+03
     Coulomb-14        LJ (SR)  Disper. corr.   Coulomb (SR)   Coul. recip.
    2.58815e+04    2.08327e+05   -9.63917e+03   -1.40940e+06    6.50344e+03
 Position Rest.      Potential    Kinetic En.   Total Energy  Conserved En.
    1.01700e+03   -1.15770e+06    1.90460e+05   -9.67237e+05   -1.14092e+06
    Temperature Pres. DC (bar) Pressure (bar)   Constr. rmsd
    2.99274e+02   -2.06189e+02   -3.67885e+02    3.29563e-06

           Step           Time
          20000       40.00000

   Energies (kJ/mol)
           Bond          Angle    Proper Dih. Ryckaert-Bell.          LJ-14
    2.50417e+03    7.26567e+03    4.32623e+02    4.05211e+03    4.94266e+03
     Coulomb-14        LJ (SR)  Disper. corr.   Coulomb (SR)   Coul. recip.
    2.58225e+04    2.07248e+05   -9.63917e+03   -1.40919e+06    6.56948e+03
 Position Rest.      Potential    Kinetic En.   Total Energy  Conserved En.
    9.85014e+02   -1.15901e+06    1.90644e+05   -9.68366e+05   -1.14090e+06
    Temperature Pres. DC (bar) Pressure (bar)   Constr. rmsd
    2.99564e+02   -2.06189e+02   -8.78364e+02    3.08248e-06

           Step           Time
          20500       41.00000

   Energies (kJ/mol)
           Bond          Angle    Proper Dih. Ryckaert-Bell.          LJ-14
    2.60440e+03    7.03333e+03    4.71541e+02    4.09081e+03    4.98028e+03
     Coulomb-14        LJ (SR)  Disper. corr.   Coulomb (SR)   Coul. recip.
    2.56537e+04    2.06427e+05   -9.63917e+03   -1.40778e+06    6.37760e+03
 Position Rest.      Potential    Kinetic En.   Total Energy  Conserved En.
    1.04627e+03   -1.15874e+06    1.90313e+05   -9.68426e+05   -1.14092e+06
    Temperature Pres. DC (bar) Pressure (bar)   Constr. rmsd
    2.99043e+02   -2.06189e+02   -1.04481e+03    3.20518e-06

           Step           Time
          21000       42.00000

   Energies (kJ/mol)
           Bond          Angle    Proper Dih. Ryckaert-Bell.          LJ-14
    2.68161e+03    7.25704e+03    5.06627e+02    4.17660e+03    5.05463e+03
     Coulomb-14        LJ (SR)  Disper. corr.   Coulomb (SR)   Coul. recip.
    2.59426e+04    2.08350e+05   -9.63917e+03   -1.40945e+06    6.53240e+03
 Position Rest.      Potential    Kinetic En.   Total Energy  Conserved En.
    1.00053e+03   -1.15759e+06    1.92274e+05   -9.65316e+05   -1.14087e+06
    Temperature Pres. DC (bar) Pressure (bar)   Constr. rmsd
    3.02124e+02   -2.06189e+02   -6.95145e+02    3.20366e-06

           Step           Time
          21500       43.00000

   Energies (kJ/mol)
           Bond          Angle    Proper Dih. Ryckaert-Bell.          LJ-14
    2.70493e+03    7.18059e+03    3.80747e+02    4.01753e+03    4.92755e+03
     Coulomb-14        LJ (SR)  Disper. corr.   Coulomb (SR)   Coul. recip.
    2.58137e+04    2.08908e+05   -9.63917e+03   -1.40977e+06    6.69170e+03
 Position Rest.      Potential    Kinetic En.   Total Energy  Conserved En.
    1.04824e+03   -1.15774e+06    1.90648e+05   -9.67092e+05   -1.14088e+06
    Temperature Pres. DC (bar) Pressure (bar)   Constr. rmsd
    2.99570e+02   -2.06189e+02   -5.33496e+02    3.45276e-06

           Step           Time
          22000       44.00000

   Energies (kJ/mol)
           Bond          Angle    Proper Dih. Ryckaert-Bell.          LJ-14
    2.55880e+03    6.99499e+03    4.35356e+02    4.08661e+03    5.05309e+03
     Coulomb-14        LJ (SR)  Disper. corr.   Coulomb (SR)   Coul. recip.
    2.58741e+04    2.08790e+05   -9.63917e+03   -1.41080e+06    6.61736e+03
 Position Rest.      Potential    Kinetic En.   Total Energy  Conserved En.
    1.03024e+03   -1.15900e+06    1.89390e+05   -9.69612e+05   -1.14084e+06
    Temperature Pres. DC (bar) Pressure (bar)   Constr. rmsd
    2.97594e+02   -2.06189e+02   -7.73851e+02    3.30043e-06

           Step           Time
          22500       45.00000

   Energies (kJ/mol)
           Bond          Angle    Proper Dih. Ryckaert-Bell.          LJ-14
    2.72276e+03    7.20196e+03    4.37771e+02    4.06303e+03    5.01046e+03
     Coulomb-14        LJ (SR)  Disper. corr.   Coulomb (SR)   Coul. recip.
    2.59251e+04    2.06873e+05   -9.63917e+03   -1.40836e+06    6.62908e+03
 Position Rest.      Potential    Kinetic En.   Total Energy  Conserved En.
    9.45849e+02   -1.15819e+06    1.90000e+05   -9.68188e+05   -1.14082e+06
    Temperature Pres. DC (bar) Pressure (bar)   Constr. rmsd
    2.98552e+02   -2.06189e+02   -1.00506e+03    3.35183e-06

           Step           Time
          23000       46.00000

   Energies (kJ/mol)
           Bond          Angle    Proper Dih. Ryckaert-Bell.          LJ-14
    2.80842e+03    7.18060e+03    4.12270e+02    3.99337e+03    4.99828e+03
     Coulomb-14        LJ (SR)  Disper. corr.   Coulomb (SR)   Coul. recip.
    2.57835e+04    2.07945e+05   -9.63917e+03   -1.40848e+06    6.60862e+03
 Position Rest.      Potential    Kinetic En.   Total Energy  Conserved En.
    9.87396e+02   -1.15740e+06    1.90596e+05   -9.66802e+05   -1.14084e+06
    Temperature Pres. DC (bar) Pressure (bar)   Constr. rmsd
    2.99488e+02   -2.06189e+02   -6.91457e+02    3.07110e-06

           Step           Time
          23500       47.00000

   Energies (kJ/mol)
           Bond          Angle    Proper Dih. Ryckaert-Bell.          LJ-14
    2.65762e+03    7.33247e+03    4.35395e+02    4.14121e+03    4.92019e+03
     Coulomb-14        LJ (SR)  Disper. corr.   Coulomb (SR)   Coul. recip.
    2.57644e+04    2.06578e+05   -9.63917e+03   -1.40714e+06    6.73340e+03
 Position Rest.      Potential    Kinetic En.   Total Energy  Conserved En.
    9.93389e+02   -1.15722e+06    1.91208e+05   -9.66013e+05   -1.14083e+06
    Temperature Pres. DC (bar) Pressure (bar)   Constr. rmsd
    3.00450e+02   -2.06189e+02   -7.17512e+02    3.41750e-06

           Step           Time
          24000       48.00000

   Energies (kJ/mol)
           Bond          Angle    Proper Dih. Ryckaert-Bell.          LJ-14
    2.63307e+03    7.28457e+03    4.15735e+02    4.08070e+03    5.11650e+03
     Coulomb-14        LJ (SR)  Disper. corr.   Coulomb (SR)   Coul. recip.
    2.58607e+04    2.06276e+05   -9.63917e+03   -1.40561e+06    6.59935e+03
 Position Rest.      Potential    Kinetic En.   Total Energy  Conserved En.
    1.02753e+03   -1.15595e+06    1.90422e+05   -9.65529e+05   -1.14081e+06
    Temperature Pres. DC (bar) Pressure (bar)   Constr. rmsd
    2.99215e+02   -2.06189e+02   -6.74606e+02    3.37885e-06

           Step           Time
          24500       49.00000

   Energies (kJ/mol)
           Bond          Angle    Proper Dih. Ryckaert-Bell.          LJ-14
    2.63584e+03    7.40999e+03    4.12576e+02    4.05361e+03    4.94718e+03
     Coulomb-14        LJ (SR)  Disper. corr.   Coulomb (SR)   Coul. recip.
    2.58675e+04    2.08717e+05   -9.63917e+03   -1.40929e+06    6.51957e+03
 Position Rest.      Potential    Kinetic En.   Total Energy  Conserved En.
    1.08779e+03   -1.15728e+06    1.91430e+05   -9.65850e+05   -1.14081e+06
    Temperature Pres. DC (bar) Pressure (bar)   Constr. rmsd
    3.00799e+02   -2.06189e+02   -6.08853e+02    3.33166e-06

           Step           Time
          25000       50.00000

   Energies (kJ/mol)
           Bond          Angle    Proper Dih. Ryckaert-Bell.          LJ-14
    2.71411e+03    7.48480e+03    4.39331e+02    4.03174e+03    4.88670e+03
     Coulomb-14        LJ (SR)  Disper. corr.   Coulomb (SR)   Coul. recip.
    2.57794e+04    2.06511e+05   -9.63917e+03   -1.40843e+06    6.57976e+03
 Position Rest.      Potential    Kinetic En.   Total Energy  Conserved En.
    9.87974e+02   -1.15866e+06    1.91693e+05   -9.66965e+05   -1.14080e+06
    Temperature Pres. DC (bar) Pressure (bar)   Constr. rmsd
    3.01212e+02   -2.06189e+02   -8.76290e+02    3.47433e-06

           Step           Time
          25500       51.00000

   Energies (kJ/mol)
           Bond          Angle    Proper Dih. Ryckaert-Bell.          LJ-14
    2.64885e+03    7.27384e+03    4.23916e+02    4.06766e+03    4.94455e+03
     Coulomb-14        LJ (SR)  Disper. corr.   Coulomb (SR)   Coul. recip.
    2.56335e+04    2.08215e+05   -9.63917e+03   -1.40997e+06    6.53890e+03
 Position Rest.      Potential    Kinetic En.   Total Energy  Conserved En.
    1.01784e+03   -1.15884e+06    1.92200e+05   -9.66642e+05   -1.14082e+06
    Temperature Pres. DC (bar) Pressure (bar)   Constr. rmsd
    3.02009e+02   -2.06189e+02   -5.81544e+02    3.49442e-06

           Step           Time
          26000       52.00000

   Energies (kJ/mol)
           Bond          Angle    Proper Dih. Ryckaert-Bell.          LJ-14
    2.72860e+03    7.13877e+03    4.36576e+02    4.18633e+03    4.90085e+03
     Coulomb-14        LJ (SR)  Disper. corr.   Coulomb (SR)   Coul. recip.
    2.57820e+04    2.10095e+05   -9.63917e+03   -1.41288e+06    6.55890e+03
 Position Rest.      Potential    Kinetic En.   Total Energy  Conserved En.
    1.02781e+03   -1.15966e+06    1.90237e+05   -9.69425e+05   -1.14075e+06
    Temperature Pres. DC (bar) Pressure (bar)   Constr. rmsd
    2.98925e+02   -2.06189e+02   -5.06799e+02    3.11793e-06

           Step           Time
          26500       53.00000

   Energies (kJ/mol)
           Bond          Angle    Proper Dih. Ryckaert-Bell.          LJ-14
    2.46677e+03    7.37732e+03    4.46459e+02    4.15094e+03    4.87770e+03
     Coulomb-14        LJ (SR)  Disper. corr.   Coulomb (SR)   Coul. recip.
    2.57873e+04    2.07163e+05   -9.63917e+03   -1.40883e+06    6.45560e+03
 Position Rest.      Potential    Kinetic En.   Total Energy  Conserved En.
    1.08326e+03   -1.15866e+06    1.89635e+05   -9.69028e+05   -1.14077e+06
    Temperature Pres. DC (bar) Pressure (bar)   Constr. rmsd
    2.97979e+02   -2.06189e+02   -7.11756e+02    3.28270e-06

           Step           Time
          27000       54.00000

   Energies (kJ/mol)
           Bond          Angle    Proper Dih. Ryckaert-Bell.          LJ-14
    2.84449e+03    7.33233e+03    4.71174e+02    4.05204e+03    4.86221e+03
     Coulomb-14        LJ (SR)  Disper. corr.   Coulomb (SR)   Coul. recip.
    2.57992e+04    2.08877e+05   -9.63917e+03   -1.41049e+06    6.64238e+03
 Position Rest.      Potential    Kinetic En.   Total Energy  Conserved En.
    1.01853e+03   -1.15823e+06    1.91633e+05   -9.66599e+05   -1.14077e+06
    Temperature Pres. DC (bar) Pressure (bar)   Constr. rmsd
    3.01118e+02   -2.06189e+02   -7.81602e+02    3.47104e-06

           Step           Time
          27500       55.00000

   Energies (kJ/mol)
           Bond          Angle    Proper Dih. Ryckaert-Bell.          LJ-14
    2.59655e+03    7.12195e+03    4.21019e+02    4.12661e+03    5.02287e+03
     Coulomb-14        LJ (SR)  Disper. corr.   Coulomb (SR)   Coul. recip.
    2.58353e+04    2.08597e+05   -9.63917e+03   -1.41038e+06    6.57162e+03
 Position Rest.      Potential    Kinetic En.   Total Energy  Conserved En.
    9.99481e+02   -1.15873e+06    1.89388e+05   -9.69344e+05   -1.14075e+06
    Temperature Pres. DC (bar) Pressure (bar)   Constr. rmsd
    2.97590e+02   -2.06189e+02   -6.14813e+02    3.19941e-06

           Step           Time
          28000       56.00000

   Energies (kJ/mol)
           Bond          Angle    Proper Dih. Ryckaert-Bell.          LJ-14
    2.66976e+03    7.40707e+03    4.16965e+02    4.10877e+03    4.93004e+03
     Coulomb-14        LJ (SR)  Disper. corr.   Coulomb (SR)   Coul. recip.
    2.57807e+04    2.07825e+05   -9.63917e+03   -1.40962e+06    6.62430e+03
 Position Rest.      Potential    Kinetic En.   Total Energy  Conserved En.
    1.06637e+03   -1.15843e+06    1.89979e+05   -9.68455e+05   -1.14071e+06
    Temperature Pres. DC (bar) Pressure (bar)   Constr. rmsd
    2.98518e+02   -2.06189e+02   -8.10403e+02    3.21316e-06

           Step           Time
          28500       57.00000

   Energies (kJ/mol)
           Bond          Angle    Proper Dih. Ryckaert-Bell.          LJ-14
    2.50040e+03    7.15481e+03    4.16960e+02    4.08969e+03    5.06980e+03
     Coulomb-14        LJ (SR)  Disper. corr.   Coulomb (SR)   Coul. recip.
    2.58741e+04    2.08421e+05   -9.63917e+03   -1.41028e+06    6.62703e+03
 Position Rest.      Potential    Kinetic En.   Total Energy  Conserved En.
    1.09152e+03   -1.15868e+06    1.90869e+05   -9.67806e+05   -1.14075e+06
    Temperature Pres. DC (bar) Pressure (bar)   Constr. rmsd
    2.99918e+02   -2.06189e+02   -6.06356e+02    3.61611e-06

           Step           Time
          29000       58.00000

   Energies (kJ/mol)
           Bond          Angle    Proper Dih. Ryckaert-Bell.          LJ-14
    2.50027e+03    7.28785e+03    4.76391e+02    3.97710e+03    4.95718e+03
     Coulomb-14        LJ (SR)  Disper. corr.   Coulomb (SR)   Coul. recip.
    2.57694e+04    2.09493e+05   -9.63917e+03   -1.41107e+06    6.67107e+03
 Position Rest.      Potential    Kinetic En.   Total Energy  Conserved En.
    1.08956e+03   -1.15848e+06    1.90830e+05   -9.67655e+05   -1.14072e+06
    Temperature Pres. DC (bar) Pressure (bar)   Constr. rmsd
    2.99856e+02   -2.06189e+02   -3.62076e+02    3.28769e-06

           Step           Time
          29500       59.00000

   Energies (kJ/mol)
           Bond          Angle    Proper Dih. Ryckaert-Bell.          LJ-14
    2.73283e+03    7.30811e+03    4.33162e+02    4.00580e+03    4.87486e+03
     Coulomb-14        LJ (SR)  Disper. corr.   Coulomb (SR)   Coul. recip.
    2.56871e+04    2.07269e+05   -9.63917e+03   -1.40860e+06    6.54892e+03
 Position Rest.      Potential    Kinetic En.   Total Energy  Conserved En.
    1.04296e+03   -1.15834e+06    1.91252e+05   -9.67088e+05   -1.14073e+06
    Temperature Pres. DC (bar) Pressure (bar)   Constr. rmsd
    3.00520e+02   -2.06189e+02   -7.11846e+02    3.14388e-06

Writing checkpoint, step 29800 at Tue Mar  3 15:18:00 2026


           Step           Time
          30000       60.00000

   Energies (kJ/mol)
           Bond          Angle    Proper Dih. Ryckaert-Bell.          LJ-14
    2.63138e+03    7.40246e+03    4.59828e+02    4.14883e+03    4.93015e+03
     Coulomb-14        LJ (SR)  Disper. corr.   Coulomb (SR)   Coul. recip.
    2.57049e+04    2.08748e+05   -9.63917e+03   -1.40822e+06    6.60550e+03
 Position Rest.      Potential    Kinetic En.   Total Energy  Conserved En.
    1.02616e+03   -1.15620e+06    1.89880e+05   -9.66317e+05   -1.14068e+06
    Temperature Pres. DC (bar) Pressure (bar)   Constr. rmsd
    2.98363e+02   -2.06189e+02   -6.40564e+02    3.02212e-06

           Step           Time
          30500       61.00000

   Energies (kJ/mol)
           Bond          Angle    Proper Dih. Ryckaert-Bell.          LJ-14
    2.62412e+03    7.33493e+03    4.06894e+02    4.03215e+03    5.06818e+03
     Coulomb-14        LJ (SR)  Disper. corr.   Coulomb (SR)   Coul. recip.
    2.58354e+04    2.06265e+05   -9.63917e+03   -1.40706e+06    6.54971e+03
 Position Rest.      Potential    Kinetic En.   Total Energy  Conserved En.
    1.11700e+03   -1.15747e+06    1.89494e+05   -9.67975e+05   -1.14069e+06
    Temperature Pres. DC (bar) Pressure (bar)   Constr. rmsd
    2.97757e+02   -2.06189e+02   -9.92469e+02    3.10724e-06

           Step           Time
          31000       62.00000

   Energies (kJ/mol)
           Bond          Angle    Proper Dih. Ryckaert-Bell.          LJ-14
    2.71688e+03    7.31025e+03    4.23071e+02    4.12320e+03    5.10492e+03
     Coulomb-14        LJ (SR)  Disper. corr.   Coulomb (SR)   Coul. recip.
    2.58552e+04    2.07737e+05   -9.63917e+03   -1.40591e+06    6.59363e+03
 Position Rest.      Potential    Kinetic En.   Total Energy  Conserved En.
    1.07002e+03   -1.15461e+06    1.91828e+05   -9.62786e+05   -1.14069e+06
    Temperature Pres. DC (bar) Pressure (bar)   Constr. rmsd
    3.01425e+02   -2.06189e+02   -6.42046e+02    3.44961e-06

           Step           Time
          31500       63.00000

   Energies (kJ/mol)
           Bond          Angle    Proper Dih. Ryckaert-Bell.          LJ-14
    2.54736e+03    7.25882e+03    4.32170e+02    4.10737e+03    4.94477e+03
     Coulomb-14        LJ (SR)  Disper. corr.   Coulomb (SR)   Coul. recip.
    2.57410e+04    2.06832e+05   -9.63917e+03   -1.40623e+06    6.60345e+03
 Position Rest.      Potential    Kinetic En.   Total Energy  Conserved En.
    1.04163e+03   -1.15636e+06    1.90509e+05   -9.65847e+05   -1.14070e+06
    Temperature Pres. DC (bar) Pressure (bar)   Constr. rmsd
    2.99352e+02   -2.06189e+02   -6.40492e+02    3.12369e-06

           Step           Time
          32000       64.00000

   Energies (kJ/mol)
           Bond          Angle    Proper Dih. Ryckaert-Bell.          LJ-14
    2.59926e+03    7.34121e+03    4.43528e+02    4.16240e+03    4.94218e+03
     Coulomb-14        LJ (SR)  Disper. corr.   Coulomb (SR)   Coul. recip.
    2.58581e+04    2.06255e+05   -9.63917e+03   -1.40580e+06    6.79397e+03
 Position Rest.      Potential    Kinetic En.   Total Energy  Conserved En.
    9.95308e+02   -1.15604e+06    1.91713e+05   -9.64331e+05   -1.14069e+06
    Temperature Pres. DC (bar) Pressure (bar)   Constr. rmsd
    3.01243e+02   -2.06189e+02   -8.60234e+02    3.08773e-06

           Step           Time
          32500       65.00000

   Energies (kJ/mol)
           Bond          Angle    Proper Dih. Ryckaert-Bell.          LJ-14
    2.66251e+03    7.14953e+03    3.72252e+02    4.03707e+03    4.91010e+03
     Coulomb-14        LJ (SR)  Disper. corr.   Coulomb (SR)   Coul. recip.
    2.57408e+04    2.06809e+05   -9.63917e+03   -1.40974e+06    6.59706e+03
 Position Rest.      Potential    Kinetic En.   Total Energy  Conserved En.
    9.98811e+02   -1.16010e+06    1.89969e+05   -9.70135e+05   -1.14067e+06
    Temperature Pres. DC (bar) Pressure (bar)   Constr. rmsd
    2.98503e+02   -2.06189e+02   -8.72782e+02    3.13476e-06

           Step           Time
          33000       66.00000

   Energies (kJ/mol)
           Bond          Angle    Proper Dih. Ryckaert-Bell.          LJ-14
    2.68170e+03    7.42338e+03    4.29387e+02    4.01387e+03    4.98719e+03
     Coulomb-14        LJ (SR)  Disper. corr.   Coulomb (SR)   Coul. recip.
    2.58186e+04    2.05498e+05   -9.63917e+03   -1.40484e+06    6.54835e+03
 Position Rest.      Potential    Kinetic En.   Total Energy  Conserved En.
    1.05299e+03   -1.15602e+06    1.91584e+05   -9.64440e+05   -1.14069e+06
    Temperature Pres. DC (bar) Pressure (bar)   Constr. rmsd
    3.01042e+02   -2.06189e+02   -8.59350e+02    3.31290e-06

           Step           Time
          33500       67.00000

   Energies (kJ/mol)
           Bond          Angle    Proper Dih. Ryckaert-Bell.          LJ-14
    2.74678e+03    7.28416e+03    4.03385e+02    4.08556e+03    5.01794e+03
     Coulomb-14        LJ (SR)  Disper. corr.   Coulomb (SR)   Coul. recip.
    2.57588e+04    2.08044e+05   -9.63917e+03   -1.40900e+06    6.54366e+03
 Position Rest.      Potential    Kinetic En.   Total Energy  Conserved En.
    9.32952e+02   -1.15782e+06    1.91538e+05   -9.66286e+05   -1.14066e+06
    Temperature Pres. DC (bar) Pressure (bar)   Constr. rmsd
    3.00969e+02   -2.06189e+02   -6.09133e+02    3.26304e-06

           Step           Time
          34000       68.00000

   Energies (kJ/mol)
           Bond          Angle    Proper Dih. Ryckaert-Bell.          LJ-14
    2.68898e+03    7.32205e+03    3.81051e+02    4.04978e+03    4.95451e+03
     Coulomb-14        LJ (SR)  Disper. corr.   Coulomb (SR)   Coul. recip.
    2.57911e+04    2.05851e+05   -9.63917e+03   -1.40620e+06    6.60535e+03
 Position Rest.      Potential    Kinetic En.   Total Energy  Conserved En.
    1.02682e+03   -1.15717e+06    1.90273e+05   -9.66894e+05   -1.14061e+06
    Temperature Pres. DC (bar) Pressure (bar)   Constr. rmsd
    2.98981e+02   -2.06189e+02   -7.49850e+02    3.17917e-06

           Step           Time
          34500       69.00000

   Energies (kJ/mol)
           Bond          Angle    Proper Dih. Ryckaert-Bell.          LJ-14
    2.68446e+03    7.22285e+03    3.86001e+02    3.94290e+03    5.04400e+03
     Coulomb-14        LJ (SR)  Disper. corr.   Coulomb (SR)   Coul. recip.
    2.59486e+04    2.07432e+05   -9.63917e+03   -1.41013e+06    6.48809e+03
 Position Rest.      Potential    Kinetic En.   Total Energy  Conserved En.
    9.80964e+02   -1.15964e+06    1.91066e+05   -9.68570e+05   -1.14065e+06
    Temperature Pres. DC (bar) Pressure (bar)   Constr. rmsd
    3.00227e+02   -2.06189e+02   -7.15251e+02    2.98612e-06

           Step           Time
          35000       70.00000

   Energies (kJ/mol)
           Bond          Angle    Proper Dih. Ryckaert-Bell.          LJ-14
    2.56503e+03    7.35892e+03    4.41425e+02    4.01314e+03    5.06452e+03
     Coulomb-14        LJ (SR)  Disper. corr.   Coulomb (SR)   Coul. recip.
    2.58289e+04    2.08528e+05   -9.63917e+03   -1.41081e+06    6.57519e+03
 Position Rest.      Potential    Kinetic En.   Total Energy  Conserved En.
    1.04638e+03   -1.15903e+06    1.91656e+05   -9.67377e+05   -1.14063e+06
    Temperature Pres. DC (bar) Pressure (bar)   Constr. rmsd
    3.01154e+02   -2.06189e+02   -3.87095e+02    3.22834e-06

           Step           Time
          35500       71.00000

   Energies (kJ/mol)
           Bond          Angle    Proper Dih. Ryckaert-Bell.          LJ-14
    2.72203e+03    7.38834e+03    4.20762e+02    3.91936e+03    4.97813e+03
     Coulomb-14        LJ (SR)  Disper. corr.   Coulomb (SR)   Coul. recip.
    2.58429e+04    2.05964e+05   -9.63917e+03   -1.40756e+06    6.58575e+03
 Position Rest.      Potential    Kinetic En.   Total Energy  Conserved En.
    9.57979e+02   -1.15842e+06    1.90967e+05   -9.67452e+05   -1.14062e+06
    Temperature Pres. DC (bar) Pressure (bar)   Constr. rmsd
    3.00072e+02   -2.06189e+02   -9.06600e+02    3.27567e-06

           Step           Time
          36000       72.00000

   Energies (kJ/mol)
           Bond          Angle    Proper Dih. Ryckaert-Bell.          LJ-14
    2.77514e+03    7.33519e+03    4.23420e+02    4.00720e+03    4.92481e+03
     Coulomb-14        LJ (SR)  Disper. corr.   Coulomb (SR)   Coul. recip.
    2.58218e+04    2.07843e+05   -9.63917e+03   -1.40815e+06    6.56284e+03
 Position Rest.      Potential    Kinetic En.   Total Energy  Conserved En.
    1.04087e+03   -1.15705e+06    1.89799e+05   -9.67252e+05   -1.14059e+06
    Temperature Pres. DC (bar) Pressure (bar)   Constr. rmsd
    2.98236e+02   -2.06189e+02   -6.10684e+02    3.46828e-06

           Step           Time
          36500       73.00000

   Energies (kJ/mol)
           Bond          Angle    Proper Dih. Ryckaert-Bell.          LJ-14
    2.90285e+03    7.34251e+03    4.02384e+02    4.07889e+03    4.92037e+03
     Coulomb-14        LJ (SR)  Disper. corr.   Coulomb (SR)   Coul. recip.
    2.59137e+04    2.06489e+05   -9.63917e+03   -1.40793e+06    6.60748e+03
 Position Rest.      Potential    Kinetic En.   Total Energy  Conserved En.
    9.92073e+02   -1.15792e+06    1.91334e+05   -9.66582e+05   -1.14057e+06
    Temperature Pres. DC (bar) Pressure (bar)   Constr. rmsd
    3.00648e+02   -2.06189e+02   -8.94886e+02    3.40956e-06

           Step           Time
          37000       74.00000

   Energies (kJ/mol)
           Bond          Angle    Proper Dih. Ryckaert-Bell.          LJ-14
    2.70621e+03    7.05091e+03    4.28935e+02    4.05652e+03    4.98202e+03
     Coulomb-14        LJ (SR)  Disper. corr.   Coulomb (SR)   Coul. recip.
    2.57225e+04    2.10270e+05   -9.63917e+03   -1.41395e+06    6.42104e+03
 Position Rest.      Potential    Kinetic En.   Total Energy  Conserved En.
    1.01632e+03   -1.16093e+06    1.91128e+05   -9.69803e+05   -1.14061e+06
    Temperature Pres. DC (bar) Pressure (bar)   Constr. rmsd
    3.00324e+02   -2.06189e+02   -7.85401e+02    3.01071e-06

           Step           Time
          37500       75.00000

   Energies (kJ/mol)
           Bond          Angle    Proper Dih. Ryckaert-Bell.          LJ-14
    2.60545e+03    7.47193e+03    4.61672e+02    4.08874e+03    4.96905e+03
     Coulomb-14        LJ (SR)  Disper. corr.   Coulomb (SR)   Coul. recip.
    2.58795e+04    2.08278e+05   -9.63917e+03   -1.40991e+06    6.56650e+03
 Position Rest.      Potential    Kinetic En.   Total Energy  Conserved En.
    1.05773e+03   -1.15817e+06    1.90744e+05   -9.67426e+05   -1.14056e+06
    Temperature Pres. DC (bar) Pressure (bar)   Constr. rmsd
    2.99720e+02   -2.06189e+02   -6.31516e+02    3.41365e-06

           Step           Time
          38000       76.00000

   Energies (kJ/mol)
           Bond          Angle    Proper Dih. Ryckaert-Bell.          LJ-14
    2.71968e+03    7.37691e+03    4.19201e+02    3.89664e+03    5.03652e+03
     Coulomb-14        LJ (SR)  Disper. corr.   Coulomb (SR)   Coul. recip.
    2.58592e+04    2.06495e+05   -9.63917e+03   -1.40792e+06    6.57756e+03
 Position Rest.      Potential    Kinetic En.   Total Energy  Conserved En.
    1.01224e+03   -1.15817e+06    1.91174e+05   -9.66994e+05   -1.14056e+06
    Temperature Pres. DC (bar) Pressure (bar)   Constr. rmsd
    3.00396e+02   -2.06189e+02   -6.97959e+02    3.31623e-06

           Step           Time
          38500       77.00000

   Energies (kJ/mol)
           Bond          Angle    Proper Dih. Ryckaert-Bell.          LJ-14
    2.72293e+03    7.38461e+03    4.40133e+02    4.02870e+03    4.96463e+03
     Coulomb-14        LJ (SR)  Disper. corr.   Coulomb (SR)   Coul. recip.
    2.58529e+04    2.07792e+05   -9.63917e+03   -1.40876e+06    6.56421e+03
 Position Rest.      Potential    Kinetic En.   Total Energy  Conserved En.
    1.05097e+03   -1.15760e+06    1.91113e+05   -9.66488e+05   -1.14056e+06
    Temperature Pres. DC (bar) Pressure (bar)   Constr. rmsd
    3.00301e+02   -2.06189e+02   -8.31646e+02    3.31861e-06

           Step           Time
          39000       78.00000

   Energies (kJ/mol)
           Bond          Angle    Proper Dih. Ryckaert-Bell.          LJ-14
    2.75878e+03    7.29641e+03    4.32850e+02    4.06042e+03    4.88496e+03
     Coulomb-14        LJ (SR)  Disper. corr.   Coulomb (SR)   Coul. recip.
    2.57172e+04    2.07950e+05   -9.63917e+03   -1.40885e+06    6.52504e+03
 Position Rest.      Potential    Kinetic En.   Total Energy  Conserved En.
    1.02645e+03   -1.15784e+06    1.91366e+05   -9.66470e+05   -1.14055e+06
    Temperature Pres. DC (bar) Pressure (bar)   Constr. rmsd
    3.00698e+02   -2.06189e+02   -7.61157e+02    3.32545e-06

           Step           Time
          39500       79.00000

   Energies (kJ/mol)
           Bond          Angle    Proper Dih. Ryckaert-Bell.          LJ-14
    2.63679e+03    7.25656e+03    4.63137e+02    4.03748e+03    5.09297e+03
     Coulomb-14        LJ (SR)  Disper. corr.   Coulomb (SR)   Coul. recip.
    2.58607e+04    2.07919e+05   -9.63917e+03   -1.40926e+06    6.53725e+03
 Position Rest.      Potential    Kinetic En.   Total Energy  Conserved En.
    9.39640e+02   -1.15815e+06    1.90020e+05   -9.68131e+05   -1.14054e+06
    Temperature Pres. DC (bar) Pressure (bar)   Constr. rmsd
    2.98582e+02   -2.06189e+02   -9.37697e+02    3.35866e-06

           Step           Time
          40000       80.00000

   Energies (kJ/mol)
           Bond          Angle    Proper Dih. Ryckaert-Bell.          LJ-14
    2.58136e+03    7.32153e+03    4.37906e+02    4.04837e+03    5.03381e+03
     Coulomb-14        LJ (SR)  Disper. corr.   Coulomb (SR)   Coul. recip.
    2.57914e+04    2.06701e+05   -9.63917e+03   -1.40695e+06    6.58101e+03
 Position Rest.      Potential    Kinetic En.   Total Energy  Conserved En.
    9.80427e+02   -1.15712e+06    1.90168e+05   -9.66947e+05   -1.14052e+06
    Temperature Pres. DC (bar) Pressure (bar)   Constr. rmsd
    2.98816e+02   -2.06189e+02   -5.90537e+02    3.24250e-06

           Step           Time
          40500       81.00000

   Energies (kJ/mol)
           Bond          Angle    Proper Dih. Ryckaert-Bell.          LJ-14
    2.67483e+03    7.37744e+03    4.14558e+02    4.00045e+03    5.01383e+03
     Coulomb-14        LJ (SR)  Disper. corr.   Coulomb (SR)   Coul. recip.
    2.56618e+04    2.04384e+05   -9.63917e+03   -1.40193e+06    6.57458e+03
 Position Rest.      Potential    Kinetic En.   Total Energy  Conserved En.
    1.00528e+03   -1.15446e+06    1.89743e+05   -9.64718e+05   -1.14052e+06
    Temperature Pres. DC (bar) Pressure (bar)   Constr. rmsd
    2.98148e+02   -2.06189e+02   -8.63034e+02    3.09446e-06

           Step           Time
          41000       82.00000

   Energies (kJ/mol)
           Bond          Angle    Proper Dih. Ryckaert-Bell.          LJ-14
    2.67453e+03    7.20983e+03    4.18055e+02    4.04083e+03    4.89934e+03
     Coulomb-14        LJ (SR)  Disper. corr.   Coulomb (SR)   Coul. recip.
    2.57699e+04    2.08267e+05   -9.63917e+03   -1.41036e+06    6.64022e+03
 Position Rest.      Potential    Kinetic En.   Total Energy  Conserved En.
    1.01645e+03   -1.15906e+06    1.90464e+05   -9.68599e+05   -1.14053e+06
    Temperature Pres. DC (bar) Pressure (bar)   Constr. rmsd
    2.99282e+02   -2.06189e+02   -9.24407e+02    3.15594e-06

           Step           Time
          41500       83.00000

   Energies (kJ/mol)
           Bond          Angle    Proper Dih. Ryckaert-Bell.          LJ-14
    2.71948e+03    7.28260e+03    4.26248e+02    4.09298e+03    4.94259e+03
     Coulomb-14        LJ (SR)  Disper. corr.   Coulomb (SR)   Coul. recip.
    2.57651e+04    2.08472e+05   -9.63917e+03   -1.40765e+06    6.58358e+03
 Position Rest.      Potential    Kinetic En.   Total Energy  Conserved En.
    1.01217e+03   -1.15600e+06    1.91530e+05   -9.64467e+05   -1.14053e+06
    Temperature Pres. DC (bar) Pressure (bar)   Constr. rmsd
    3.00956e+02   -2.06189e+02   -6.01940e+02    3.26057e-06

           Step           Time
          42000       84.00000

   Energies (kJ/mol)
           Bond          Angle    Proper Dih. Ryckaert-Bell.          LJ-14
    2.82162e+03    7.17054e+03    4.51358e+02    3.98508e+03    4.91710e+03
     Coulomb-14        LJ (SR)  Disper. corr.   Coulomb (SR)   Coul. recip.
    2.56944e+04    2.05409e+05   -9.63917e+03   -1.40520e+06    6.37727e+03
 Position Rest.      Potential    Kinetic En.   Total Energy  Conserved En.
    9.93323e+02   -1.15702e+06    1.92198e+05   -9.64819e+05   -1.14053e+06
    Temperature Pres. DC (bar) Pressure (bar)   Constr. rmsd
    3.02006e+02   -2.06189e+02   -7.69476e+02    3.14607e-06

           Step           Time
          42500       85.00000

   Energies (kJ/mol)
           Bond          Angle    Proper Dih. Ryckaert-Bell.          LJ-14
    2.84597e+03    7.43762e+03    3.85707e+02    3.99423e+03    4.93192e+03
     Coulomb-14        LJ (SR)  Disper. corr.   Coulomb (SR)   Coul. recip.
    2.56869e+04    2.05497e+05   -9.63917e+03   -1.40613e+06    6.62725e+03
 Position Rest.      Potential    Kinetic En.   Total Energy  Conserved En.
    1.04273e+03   -1.15732e+06    1.91095e+05   -9.66224e+05   -1.14048e+06
    Temperature Pres. DC (bar) Pressure (bar)   Constr. rmsd
    3.00273e+02   -2.06189e+02   -8.97152e+02    2.94600e-06

           Step           Time
          43000       86.00000

   Energies (kJ/mol)
           Bond          Angle    Proper Dih. Ryckaert-Bell.          LJ-14
    2.74321e+03    7.39762e+03    4.75827e+02    4.12190e+03    5.11752e+03
     Coulomb-14        LJ (SR)  Disper. corr.   Coulomb (SR)   Coul. recip.
    2.58886e+04    2.06172e+05   -9.63917e+03   -1.40547e+06    6.48678e+03
 Position Rest.      Potential    Kinetic En.   Total Energy  Conserved En.
    1.02046e+03   -1.15569e+06    1.92688e+05   -9.63002e+05   -1.14047e+06
    Temperature Pres. DC (bar) Pressure (bar)   Constr. rmsd
    3.02775e+02   -2.06189e+02   -6.39268e+02    3.32154e-06

           Step           Time
          43500       87.00000

   Energies (kJ/mol)
           Bond          Angle    Proper Dih. Ryckaert-Bell.          LJ-14
    2.84788e+03    7.35631e+03    4.65376e+02    4.07375e+03    4.90678e+03
     Coulomb-14        LJ (SR)  Disper. corr.   Coulomb (SR)   Coul. recip.
    2.57337e+04    2.08821e+05   -9.63917e+03   -1.40746e+06    6.60816e+03
 Position Rest.      Potential    Kinetic En.   Total Energy  Conserved En.
    1.04123e+03   -1.15525e+06    1.92380e+05   -9.62869e+05   -1.14049e+06
    Temperature Pres. DC (bar) Pressure (bar)   Constr. rmsd
    3.02292e+02   -2.06189e+02   -6.32355e+02    3.39046e-06

           Step           Time
          44000       88.00000

   Energies (kJ/mol)
           Bond          Angle    Proper Dih. Ryckaert-Bell.          LJ-14
    2.77884e+03    7.40113e+03    4.25528e+02    4.05818e+03    4.94505e+03
     Coulomb-14        LJ (SR)  Disper. corr.   Coulomb (SR)   Coul. recip.
    2.57987e+04    2.05471e+05   -9.63917e+03   -1.40790e+06    6.64406e+03
 Position Rest.      Potential    Kinetic En.   Total Energy  Conserved En.
    1.03019e+03   -1.15899e+06    1.91744e+05   -9.67246e+05   -1.14045e+06
    Temperature Pres. DC (bar) Pressure (bar)   Constr. rmsd
    3.01293e+02   -2.06189e+02   -8.63927e+02    3.28327e-06

           Step           Time
          44500       89.00000

   Energies (kJ/mol)
           Bond          Angle    Proper Dih. Ryckaert-Bell.          LJ-14
    2.61071e+03    7.18386e+03    4.20044e+02    4.07954e+03    4.97154e+03
     Coulomb-14        LJ (SR)  Disper. corr.   Coulomb (SR)   Coul. recip.
    2.57604e+04    2.07785e+05   -9.63917e+03   -1.40923e+06    6.64137e+03
 Position Rest.      Potential    Kinetic En.   Total Energy  Conserved En.
    9.78697e+02   -1.15844e+06    1.90923e+05   -9.67517e+05   -1.14046e+06
    Temperature Pres. DC (bar) Pressure (bar)   Constr. rmsd
    3.00003e+02   -2.06189e+02   -5.49234e+02    3.23678e-06

           Step           Time
          45000       90.00000

   Energies (kJ/mol)
           Bond          Angle    Proper Dih. Ryckaert-Bell.          LJ-14
    2.82581e+03    7.41934e+03    4.51916e+02    3.98515e+03    4.90103e+03
     Coulomb-14        LJ (SR)  Disper. corr.   Coulomb (SR)   Coul. recip.
    2.56635e+04    2.07618e+05   -9.63917e+03   -1.40743e+06    6.75597e+03
 Position Rest.      Potential    Kinetic En.   Total Energy  Conserved En.
    1.02216e+03   -1.15642e+06    1.91772e+05   -9.64650e+05   -1.14045e+06
    Temperature Pres. DC (bar) Pressure (bar)   Constr. rmsd
    3.01336e+02   -2.06189e+02   -6.95618e+02    3.30209e-06

           Step           Time
          45500       91.00000

   Energies (kJ/mol)
           Bond          Angle    Proper Dih. Ryckaert-Bell.          LJ-14
    2.68947e+03    7.20569e+03    4.01345e+02    3.96513e+03    5.01430e+03
     Coulomb-14        LJ (SR)  Disper. corr.   Coulomb (SR)   Coul. recip.
    2.58110e+04    2.08170e+05   -9.63917e+03   -1.40717e+06    6.47851e+03
 Position Rest.      Potential    Kinetic En.   Total Energy  Conserved En.
    9.83659e+02   -1.15609e+06    1.90059e+05   -9.66028e+05   -1.14044e+06
    Temperature Pres. DC (bar) Pressure (bar)   Constr. rmsd
    2.98645e+02   -2.06189e+02   -5.04921e+02    3.07979e-06

           Step           Time
          46000       92.00000

   Energies (kJ/mol)
           Bond          Angle    Proper Dih. Ryckaert-Bell.          LJ-14
    2.61849e+03    7.34907e+03    4.24360e+02    3.94116e+03    4.92346e+03
     Coulomb-14        LJ (SR)  Disper. corr.   Coulomb (SR)   Coul. recip.
    2.57208e+04    2.07850e+05   -9.63917e+03   -1.40864e+06    6.57119e+03
 Position Rest.      Potential    Kinetic En.   Total Energy  Conserved En.
    1.02449e+03   -1.15785e+06    1.91443e+05   -9.66412e+05   -1.14044e+06
    Temperature Pres. DC (bar) Pressure (bar)   Constr. rmsd
    3.00819e+02   -2.06189e+02   -6.14389e+02    3.22853e-06

           Step           Time
          46500       93.00000

   Energies (kJ/mol)
           Bond          Angle    Proper Dih. Ryckaert-Bell.          LJ-14
    2.61041e+03    7.34566e+03    4.21210e+02    4.14443e+03    4.96017e+03
     Coulomb-14        LJ (SR)  Disper. corr.   Coulomb (SR)   Coul. recip.
    2.58073e+04    2.07756e+05   -9.63917e+03   -1.40801e+06    6.58650e+03
 Position Rest.      Potential    Kinetic En.   Total Energy  Conserved En.
    9.65682e+02   -1.15705e+06    1.91613e+05   -9.65435e+05   -1.14042e+06
    Temperature Pres. DC (bar) Pressure (bar)   Constr. rmsd
    3.01087e+02   -2.06189e+02   -7.40518e+02    3.14431e-06

           Step           Time
          47000       94.00000

   Energies (kJ/mol)
           Bond          Angle    Proper Dih. Ryckaert-Bell.          LJ-14
    2.60519e+03    7.23105e+03    4.02861e+02    3.94191e+03    5.02335e+03
     Coulomb-14        LJ (SR)  Disper. corr.   Coulomb (SR)   Coul. recip.
    2.59532e+04    2.08277e+05   -9.63917e+03   -1.41017e+06    6.63505e+03
 Position Rest.      Potential    Kinetic En.   Total Energy  Conserved En.
    9.85815e+02   -1.15876e+06    1.91025e+05   -9.67731e+05   -1.14042e+06
    Temperature Pres. DC (bar) Pressure (bar)   Constr. rmsd
    3.00162e+02   -2.06189e+02   -4.64468e+02    3.43871e-06

           Step           Time
          47500       95.00000

   Energies (kJ/mol)
           Bond          Angle    Proper Dih. Ryckaert-Bell.          LJ-14
    2.67421e+03    7.32400e+03    4.23799e+02    4.08053e+03    5.01288e+03
     Coulomb-14        LJ (SR)  Disper. corr.   Coulomb (SR)   Coul. recip.
    2.58794e+04    2.08214e+05   -9.63917e+03   -1.40820e+06    6.70025e+03
 Position Rest.      Potential    Kinetic En.   Total Energy  Conserved En.
    1.02237e+03   -1.15651e+06    1.90570e+05   -9.65938e+05   -1.14039e+06
    Temperature Pres. DC (bar) Pressure (bar)   Constr. rmsd
    2.99447e+02   -2.06189e+02   -8.09900e+02    3.26497e-06

           Step           Time
          48000       96.00000

   Energies (kJ/mol)
           Bond          Angle    Proper Dih. Ryckaert-Bell.          LJ-14
    2.68475e+03    7.46744e+03    4.51340e+02    3.97265e+03    5.02943e+03
     Coulomb-14        LJ (SR)  Disper. corr.   Coulomb (SR)   Coul. recip.
    2.58317e+04    2.07441e+05   -9.63917e+03   -1.40731e+06    6.70729e+03
 Position Rest.      Potential    Kinetic En.   Total Energy  Conserved En.
    1.05748e+03   -1.15630e+06    1.91518e+05   -9.64786e+05   -1.14038e+06
    Temperature Pres. DC (bar) Pressure (bar)   Constr. rmsd
    3.00937e+02   -2.06189e+02   -7.81604e+02    3.12799e-06

           Step           Time
          48500       97.00000

   Energies (kJ/mol)
           Bond          Angle    Proper Dih. Ryckaert-Bell.          LJ-14
    2.56818e+03    7.19446e+03    4.15153e+02    4.03497e+03    4.97979e+03
     Coulomb-14        LJ (SR)  Disper. corr.   Coulomb (SR)   Coul. recip.
    2.57947e+04    2.06437e+05   -9.63917e+03   -1.40754e+06    6.70360e+03
 Position Rest.      Potential    Kinetic En.   Total Energy  Conserved En.
    1.08096e+03   -1.15797e+06    1.90692e+05   -9.67278e+05   -1.14039e+06
    Temperature Pres. DC (bar) Pressure (bar)   Constr. rmsd
    2.99639e+02   -2.06189e+02   -6.85930e+02    3.17033e-06

           Step           Time
          49000       98.00000

   Energies (kJ/mol)
           Bond          Angle    Proper Dih. Ryckaert-Bell.          LJ-14
    2.71510e+03    7.16403e+03    4.15668e+02    3.95407e+03    5.02162e+03
     Coulomb-14        LJ (SR)  Disper. corr.   Coulomb (SR)   Coul. recip.
    2.58469e+04    2.07928e+05   -9.63917e+03   -1.40828e+06    6.63081e+03
 Position Rest.      Potential    Kinetic En.   Total Energy  Conserved En.
    9.22779e+02   -1.15732e+06    1.91970e+05   -9.65349e+05   -1.14039e+06
    Temperature Pres. DC (bar) Pressure (bar)   Constr. rmsd
    3.01648e+02   -2.06189e+02   -5.95663e+02    3.14249e-06

           Step           Time
          49500       99.00000

   Energies (kJ/mol)
           Bond          Angle    Proper Dih. Ryckaert-Bell.          LJ-14
    2.60567e+03    7.57957e+03    4.60716e+02    4.00030e+03    4.97914e+03
     Coulomb-14        LJ (SR)  Disper. corr.   Coulomb (SR)   Coul. recip.
    2.56712e+04    2.07578e+05   -9.63917e+03   -1.40840e+06    6.68324e+03
 Position Rest.      Potential    Kinetic En.   Total Energy  Conserved En.
    1.00857e+03   -1.15747e+06    1.90469e+05   -9.66999e+05   -1.14037e+06
    Temperature Pres. DC (bar) Pressure (bar)   Constr. rmsd
    2.99289e+02   -2.06189e+02   -6.70410e+02    3.17432e-06

           Step           Time
          50000      100.00000

Writing checkpoint, step 50000 at Tue Mar  3 15:28:18 2026


   Energies (kJ/mol)
           Bond          Angle    Proper Dih. Ryckaert-Bell.          LJ-14
    2.77108e+03    7.29853e+03    4.67437e+02    4.15210e+03    4.91891e+03
     Coulomb-14        LJ (SR)  Disper. corr.   Coulomb (SR)   Coul. recip.
    2.56506e+04    2.06193e+05   -9.63917e+03   -1.40561e+06    6.55705e+03
 Position Rest.      Potential    Kinetic En.   Total Energy  Conserved En.
    1.02466e+03   -1.15622e+06    1.91335e+05   -9.64884e+05   -1.14038e+06
    Temperature Pres. DC (bar) Pressure (bar)   Constr. rmsd
    3.00649e+02   -2.06189e+02   -7.68474e+02    3.12450e-06


Energy conservation over simulation part #1 of length 100 ps, time 0 to 100 ps
  Conserved energy drift: 3.64e-04 kJ/mol/ps per atom


	<======  ###############  ==>
	<====  A V E R A G E S  ====>
	<==  ###############  ======>

	Statistics over 50001 steps using 501 frames

   Energies (kJ/mol)
           Bond          Angle    Proper Dih. Ryckaert-Bell.          LJ-14
    2.66324e+03    7.29397e+03    4.28082e+02    4.06580e+03    4.97153e+03
     Coulomb-14        LJ (SR)  Disper. corr.   Coulomb (SR)   Coul. recip.
    2.57940e+04    2.07395e+05   -9.63917e+03   -1.40851e+06    6.59037e+03
 Position Rest.      Potential    Kinetic En.   Total Energy  Conserved En.
    1.00607e+03   -1.15794e+06    1.90882e+05   -9.67060e+05   -1.14081e+06
    Temperature Pres. DC (bar) Pressure (bar)   Constr. rmsd
    2.99938e+02   -2.06189e+02   -7.40516e+02    0.00000e+00

   Total Virial (kJ/mol)
    8.12559e+04    2.03190e+02    1.65396e+02
    2.03204e+02    8.06718e+04    5.06840e+01
    1.65390e+02    5.08361e+01    8.09459e+04

   Pressure (bar)
   -7.51901e+02   -6.64302e+00   -4.66561e+00
   -6.64360e+00   -7.28535e+02   -3.92005e+00
   -4.66536e+00   -3.92655e+00   -7.41112e+02

      T-Protein  T-non-Protein
    3.00163e+02    2.99923e+02


       P P   -   P M E   L O A D   B A L A N C I N G

 PP/PME load balancing changed the cut-off and PME settings:
           particle-particle                    PME
            rcoulomb  rlist            grid      spacing   1/beta
   initial  1.000 nm  1.000 nm      60  60  60   0.153 nm  0.320 nm
   final    1.000 nm  1.000 nm      60  60  60   0.153 nm  0.320 nm
 cost-ratio           1.00             1.00
 (note that these numbers concern only part of the total PP and PME load)


	M E G A - F L O P S   A C C O U N T I N G

 NB=Group-cutoff nonbonded kernels    NxN=N-by-N cluster Verlet kernels
 RF=Reaction-Field  VdW=Van der Waals  QSTab=quadratic-spline table
 W3=SPC/TIP3p  W4=TIP4p (single or pairs)
 V&F=Potential and force  V=Potential only  F=Force only

 Computing:                               M-Number         M-Flops  % Flops
-----------------------------------------------------------------------------
 Pair Search distance check           33935.082878      305415.746     0.2
 NxN Ewald Elec. + LJ [F]           1123794.261632    74170421.268    51.2
 NxN Ewald Elec. + LJ [V&F]           11373.785136     1216995.010     0.8
 NxN Ewald Elec. [F]                1011842.224160    61722375.674    42.6
 NxN Ewald Elec. [V&F]                10240.778320      860225.379     0.6
 1,4 nonbonded interactions             489.509790       44055.881     0.0
 Calc Weights                         11343.826872      408377.767     0.3
 Spread Q Bspline                    242001.639936      484003.280     0.3
 Gather F Bspline                    242001.639936     1452009.840     1.0
 3D-FFT                              382774.155330     3062193.243     2.1
 Solve PME                             5580.111600      357127.142     0.2
 Reset In Box                            75.699624         227.099     0.0
 CG-CoM                                  75.775248         227.326     0.0
 Bonds                                   93.301866        5504.810     0.0
 Angles                                 339.756795       57079.142     0.0
 Propers                                 35.250705        8072.411     0.0
 RB-Dihedrals                           381.457629       94220.034     0.1
 Pos. Restr.                             91.901838        4595.092     0.0
 Virial                                  37.910169         682.383     0.0
 Stop-CM                                 37.963248         379.632     0.0
 Calc-Ekin                              756.391248       20422.564     0.0
 Lincs                                   94.055643        5643.339     0.0
 Lincs-Mat                              529.831788        2119.327     0.0
 Constraint-V                          3783.451332       34051.062     0.0
 Constraint-Vir                          36.966285         887.191     0.0
 Settle                                1198.471904      443434.604     0.3
-----------------------------------------------------------------------------
 Total                                               144760746.245   100.0
-----------------------------------------------------------------------------


    D O M A I N   D E C O M P O S I T I O N   S T A T I S T I C S

 av. #atoms communicated per step for force:  2 x 0.0


      R E A L   C Y C L E   A N D   T I M E   A C C O U N T I N G

On 1 MPI rank

 Activity:              Num   Num      Call    Wall time         Giga-Cycles
                        Ranks Threads  Count      (s)         total sum    %
--------------------------------------------------------------------------------
 Domain decomp.            1    1       1001       7.814         29.648   0.5
 Neighbor search           1    1       1001      62.730        238.018   4.1
 Force                     1    1      50001    1216.833       4617.025  80.0
 PME mesh                  1    1      50001     197.732        750.255  13.0
 NB X/F buffer ops.        1    1     100002       7.279         27.617   0.5
 Write traj.               1    1        102       2.861         10.856   0.2
 Update                    1    1      50001       4.448         16.877   0.3
 Constraints               1    1      50003      17.424         66.112   1.1
 Kinetic energy            1    1      10001       2.374          9.009   0.2
 Rest                                              0.827          3.140   0.1
--------------------------------------------------------------------------------
 Total                                          1520.323       5768.556 100.0
--------------------------------------------------------------------------------
 Breakdown of PME mesh activities
--------------------------------------------------------------------------------
 PME spread                1    1      50001      93.575        355.052   6.2
 PME gather                1    1      50001      54.565        207.036   3.6
 PME 3D-FFT                1    1     100002      44.422        168.551   2.9
 PME solve Elec            1    1      50001       5.078         19.268   0.3
--------------------------------------------------------------------------------

               Core t (s)   Wall t (s)        (%)
       Time:     1520.322     1520.323      100.0
                 (ns/day)    (hour/ns)    (ms/step)  (Matom*steps/s) 
Performance:        5.683        4.223       30.406            2.487 
Finished mdrun on rank 0 Tue Mar  3 15:28:18 2026

